2021-02-06 00:39:14 [INFO ] [restartedMain] ckend.SampleBackendApplication: Starting SampleBackendApplication on Cezarys-MacBook-Pro.local with PID 22773 (/Users/cezarybanach/Documents/mini/react/parkly/Parkly-React-App/backend/target/classes started by cezarybanach in /Users/cezarybanach/Documents/mini/react/parkly/Parkly-React-App/backend)
2021-02-06 00:39:14 [INFO ] [restartedMain] ckend.SampleBackendApplication: The following profiles are active: mysql-dev
2021-02-06 00:39:15 [INFO ] [restartedMain] act.backend.service.MainConfig: ************** Environment variables **************
2021-02-06 00:39:15 [INFO ] [restartedMain] act.backend.service.MainConfig: [PATH] : [/Users/cezarybanach/maven/bin:/Users/cezarybanach/maven/bin:/usr/local/bin:/usr/bin:/bin:/usr/sbin:/sbin:/Library/TeX/texbin:/Users/cezarybanach/.npm-global/bin:/Applications/Genymotion.app/Contents/MacOS/tools/:/Users/cezarybanach/Library/Python/2.7/bin]
2021-02-06 00:39:15 [INFO ] [restartedMain] act.backend.service.MainConfig: [SHELL] : [/bin/zsh]
2021-02-06 00:39:15 [INFO ] [restartedMain] act.backend.service.MainConfig: [OLDPWD] : [/]
2021-02-06 00:39:15 [INFO ] [restartedMain] act.backend.service.MainConfig: [JAVA_MAIN_CLASS_22773] : [pw.react.backend.SampleBackendApplication]
2021-02-06 00:39:15 [INFO ] [restartedMain] act.backend.service.MainConfig: [USER] : [cezarybanach]
2021-02-06 00:39:15 [INFO ] [restartedMain] act.backend.service.MainConfig: [TMPDIR] : [/var/folders/1n/cv398_dn22z792l6ld4z3y400000gn/T/]
2021-02-06 00:39:15 [INFO ] [restartedMain] act.backend.service.MainConfig: [SSH_AUTH_SOCK] : [/private/tmp/com.apple.launchd.qUf3KSu7Ni/Listeners]
2021-02-06 00:39:15 [INFO ] [restartedMain] act.backend.service.MainConfig: [XPC_FLAGS] : [0x0]
2021-02-06 00:39:15 [INFO ] [restartedMain] act.backend.service.MainConfig: [VERSIONER_PYTHON_VERSION] : [2.7]
2021-02-06 00:39:15 [INFO ] [restartedMain] act.backend.service.MainConfig: [__CF_USER_TEXT_ENCODING] : [0x1F5:0x0:0x0]
2021-02-06 00:39:15 [INFO ] [restartedMain] act.backend.service.MainConfig: [LOGNAME] : [cezarybanach]
2021-02-06 00:39:15 [INFO ] [restartedMain] act.backend.service.MainConfig: [LC_CTYPE] : [en_US.UTF-8]
2021-02-06 00:39:15 [INFO ] [restartedMain] act.backend.service.MainConfig: [PWD] : [/Users/cezarybanach/Documents/mini/react/parkly/Parkly-React-App/backend]
2021-02-06 00:39:15 [INFO ] [restartedMain] act.backend.service.MainConfig: [XPC_SERVICE_NAME] : [com.jetbrains.intellij.8584]
2021-02-06 00:39:15 [INFO ] [restartedMain] act.backend.service.MainConfig: [HOME] : [/Users/cezarybanach]
2021-02-06 00:39:15 [INFO ] [restartedMain] act.backend.service.MainConfig: Injected CORS URL: [http://localhost:3000,http://bookly.url]
2021-02-06 00:39:15 [INFO ] [restartedMain] ct.backend.service.HttpService: Injected CARLY URL: [N/A]
2021-02-06 00:39:15 [INFO ] [restartedMain] ct.backend.service.HttpService: Injected PARKLY URL: [N/A]
2021-02-06 00:39:15 [INFO ] [restartedMain] ct.backend.service.HttpService: Injected FLATLY URL: [N/A]
2021-02-06 00:39:15 [INFO ] [restartedMain] ct.backend.service.HttpService: Injected INTEGRATION URL: [http://this-is-the-way.eu-central-1.elasticbeanstalk.com]
2021-02-06 00:39:16 [INFO ] [restartedMain] ckend.SampleBackendApplication: Started SampleBackendApplication in 2.502 seconds (JVM running for 3.245)
2021-02-06 00:39:46 [INFO ] [restartedMain] ckend.SampleBackendApplication: Starting SampleBackendApplication on Cezarys-MacBook-Pro.local with PID 22804 (/Users/cezarybanach/Documents/mini/react/parkly/Parkly-React-App/backend/target/classes started by cezarybanach in /Users/cezarybanach/Documents/mini/react/parkly/Parkly-React-App/backend)
2021-02-06 00:39:46 [INFO ] [restartedMain] ckend.SampleBackendApplication: The following profiles are active: mysql-dev
2021-02-06 00:39:47 [INFO ] [restartedMain] act.backend.service.MainConfig: ************** Environment variables **************
2021-02-06 00:39:47 [INFO ] [restartedMain] act.backend.service.MainConfig: [PATH] : [/Users/cezarybanach/maven/bin:/Users/cezarybanach/maven/bin:/usr/local/bin:/usr/bin:/bin:/usr/sbin:/sbin:/Library/TeX/texbin:/Users/cezarybanach/.npm-global/bin:/Applications/Genymotion.app/Contents/MacOS/tools/:/Users/cezarybanach/Library/Python/2.7/bin]
2021-02-06 00:39:47 [INFO ] [restartedMain] act.backend.service.MainConfig: [JAVA_MAIN_CLASS_22804] : [pw.react.backend.SampleBackendApplication]
2021-02-06 00:39:47 [INFO ] [restartedMain] act.backend.service.MainConfig: [SHELL] : [/bin/zsh]
2021-02-06 00:39:47 [INFO ] [restartedMain] act.backend.service.MainConfig: [OLDPWD] : [/]
2021-02-06 00:39:47 [INFO ] [restartedMain] act.backend.service.MainConfig: [USER] : [cezarybanach]
2021-02-06 00:39:47 [INFO ] [restartedMain] act.backend.service.MainConfig: [TMPDIR] : [/var/folders/1n/cv398_dn22z792l6ld4z3y400000gn/T/]
2021-02-06 00:39:47 [INFO ] [restartedMain] act.backend.service.MainConfig: [SSH_AUTH_SOCK] : [/private/tmp/com.apple.launchd.qUf3KSu7Ni/Listeners]
2021-02-06 00:39:47 [INFO ] [restartedMain] act.backend.service.MainConfig: [XPC_FLAGS] : [0x0]
2021-02-06 00:39:47 [INFO ] [restartedMain] act.backend.service.MainConfig: [VERSIONER_PYTHON_VERSION] : [2.7]
2021-02-06 00:39:47 [INFO ] [restartedMain] act.backend.service.MainConfig: [__CF_USER_TEXT_ENCODING] : [0x1F5:0x0:0x0]
2021-02-06 00:39:47 [INFO ] [restartedMain] act.backend.service.MainConfig: [LOGNAME] : [cezarybanach]
2021-02-06 00:39:47 [INFO ] [restartedMain] act.backend.service.MainConfig: [LC_CTYPE] : [en_US.UTF-8]
2021-02-06 00:39:47 [INFO ] [restartedMain] act.backend.service.MainConfig: [PWD] : [/Users/cezarybanach/Documents/mini/react/parkly/Parkly-React-App/backend]
2021-02-06 00:39:47 [INFO ] [restartedMain] act.backend.service.MainConfig: [XPC_SERVICE_NAME] : [com.jetbrains.intellij.8584]
2021-02-06 00:39:47 [INFO ] [restartedMain] act.backend.service.MainConfig: [HOME] : [/Users/cezarybanach]
2021-02-06 00:39:47 [INFO ] [restartedMain] act.backend.service.MainConfig: Injected CORS URL: [http://localhost:3000,http://bookly.url]
2021-02-06 00:39:47 [INFO ] [restartedMain] ct.backend.service.HttpService: Injected CARLY URL: [N/A]
2021-02-06 00:39:47 [INFO ] [restartedMain] ct.backend.service.HttpService: Injected PARKLY URL: [N/A]
2021-02-06 00:39:47 [INFO ] [restartedMain] ct.backend.service.HttpService: Injected FLATLY URL: [N/A]
2021-02-06 00:39:47 [INFO ] [restartedMain] ct.backend.service.HttpService: Injected INTEGRATION URL: [http://this-is-the-way.eu-central-1.elasticbeanstalk.com]
2021-02-06 00:39:48 [INFO ] [restartedMain] ckend.SampleBackendApplication: Started SampleBackendApplication in 2.375 seconds (JVM running for 2.913)
2021-02-06 00:40:25 [INFO ] [restartedMain] ckend.SampleBackendApplication: Starting SampleBackendApplication on Cezarys-MacBook-Pro.local with PID 22835 (/Users/cezarybanach/Documents/mini/react/parkly/Parkly-React-App/backend/target/classes started by cezarybanach in /Users/cezarybanach/Documents/mini/react/parkly/Parkly-React-App/backend)
2021-02-06 00:40:25 [INFO ] [restartedMain] ckend.SampleBackendApplication: The following profiles are active: mysql-dev
2021-02-06 00:40:26 [INFO ] [restartedMain] act.backend.service.MainConfig: ************** Environment variables **************
2021-02-06 00:40:26 [INFO ] [restartedMain] act.backend.service.MainConfig: [PATH] : [/Users/cezarybanach/maven/bin:/Users/cezarybanach/maven/bin:/usr/local/bin:/usr/bin:/bin:/usr/sbin:/sbin:/Library/TeX/texbin:/Users/cezarybanach/.npm-global/bin:/Applications/Genymotion.app/Contents/MacOS/tools/:/Users/cezarybanach/Library/Python/2.7/bin]
2021-02-06 00:40:26 [INFO ] [restartedMain] act.backend.service.MainConfig: [SHELL] : [/bin/zsh]
2021-02-06 00:40:26 [INFO ] [restartedMain] act.backend.service.MainConfig: [JAVA_MAIN_CLASS_22835] : [pw.react.backend.SampleBackendApplication]
2021-02-06 00:40:26 [INFO ] [restartedMain] act.backend.service.MainConfig: [OLDPWD] : [/]
2021-02-06 00:40:26 [INFO ] [restartedMain] act.backend.service.MainConfig: [USER] : [cezarybanach]
2021-02-06 00:40:26 [INFO ] [restartedMain] act.backend.service.MainConfig: [TMPDIR] : [/var/folders/1n/cv398_dn22z792l6ld4z3y400000gn/T/]
2021-02-06 00:40:26 [INFO ] [restartedMain] act.backend.service.MainConfig: [SSH_AUTH_SOCK] : [/private/tmp/com.apple.launchd.qUf3KSu7Ni/Listeners]
2021-02-06 00:40:26 [INFO ] [restartedMain] act.backend.service.MainConfig: [XPC_FLAGS] : [0x0]
2021-02-06 00:40:26 [INFO ] [restartedMain] act.backend.service.MainConfig: [VERSIONER_PYTHON_VERSION] : [2.7]
2021-02-06 00:40:26 [INFO ] [restartedMain] act.backend.service.MainConfig: [__CF_USER_TEXT_ENCODING] : [0x1F5:0x0:0x0]
2021-02-06 00:40:26 [INFO ] [restartedMain] act.backend.service.MainConfig: [LOGNAME] : [cezarybanach]
2021-02-06 00:40:26 [INFO ] [restartedMain] act.backend.service.MainConfig: [LC_CTYPE] : [en_US.UTF-8]
2021-02-06 00:40:26 [INFO ] [restartedMain] act.backend.service.MainConfig: [PWD] : [/Users/cezarybanach/Documents/mini/react/parkly/Parkly-React-App/backend]
2021-02-06 00:40:26 [INFO ] [restartedMain] act.backend.service.MainConfig: [XPC_SERVICE_NAME] : [com.jetbrains.intellij.8584]
2021-02-06 00:40:26 [INFO ] [restartedMain] act.backend.service.MainConfig: [HOME] : [/Users/cezarybanach]
2021-02-06 00:40:26 [INFO ] [restartedMain] act.backend.service.MainConfig: Injected CORS URL: [http://localhost:3000,http://bookly.url]
2021-02-06 00:40:26 [INFO ] [restartedMain] ct.backend.service.HttpService: Injected CARLY URL: [N/A]
2021-02-06 00:40:26 [INFO ] [restartedMain] ct.backend.service.HttpService: Injected PARKLY URL: [N/A]
2021-02-06 00:40:26 [INFO ] [restartedMain] ct.backend.service.HttpService: Injected FLATLY URL: [N/A]
2021-02-06 00:40:26 [INFO ] [restartedMain] ct.backend.service.HttpService: Injected INTEGRATION URL: [http://this-is-the-way.eu-central-1.elasticbeanstalk.com]
2021-02-06 00:40:27 [INFO ] [restartedMain] ckend.SampleBackendApplication: Started SampleBackendApplication in 2.65 seconds (JVM running for 3.267)
2021-02-06 00:40:44 [INFO ] [restartedMain] ckend.SampleBackendApplication: Starting SampleBackendApplication on Cezarys-MacBook-Pro.local with PID 22847 (/Users/cezarybanach/Documents/mini/react/parkly/Parkly-React-App/backend/target/classes started by cezarybanach in /Users/cezarybanach/Documents/mini/react/parkly/Parkly-React-App/backend)
2021-02-06 00:40:44 [INFO ] [restartedMain] ckend.SampleBackendApplication: The following profiles are active: mysql-dev
2021-02-06 00:40:45 [INFO ] [restartedMain] act.backend.service.MainConfig: ************** Environment variables **************
2021-02-06 00:40:45 [INFO ] [restartedMain] act.backend.service.MainConfig: [PATH] : [/Users/cezarybanach/maven/bin:/Users/cezarybanach/maven/bin:/usr/local/bin:/usr/bin:/bin:/usr/sbin:/sbin:/Library/TeX/texbin:/Users/cezarybanach/.npm-global/bin:/Applications/Genymotion.app/Contents/MacOS/tools/:/Users/cezarybanach/Library/Python/2.7/bin]
2021-02-06 00:40:45 [INFO ] [restartedMain] act.backend.service.MainConfig: [SHELL] : [/bin/zsh]
2021-02-06 00:40:45 [INFO ] [restartedMain] act.backend.service.MainConfig: [JAVA_MAIN_CLASS_22847] : [pw.react.backend.SampleBackendApplication]
2021-02-06 00:40:45 [INFO ] [restartedMain] act.backend.service.MainConfig: [OLDPWD] : [/]
2021-02-06 00:40:45 [INFO ] [restartedMain] act.backend.service.MainConfig: [USER] : [cezarybanach]
2021-02-06 00:40:45 [INFO ] [restartedMain] act.backend.service.MainConfig: [TMPDIR] : [/var/folders/1n/cv398_dn22z792l6ld4z3y400000gn/T/]
2021-02-06 00:40:45 [INFO ] [restartedMain] act.backend.service.MainConfig: [SSH_AUTH_SOCK] : [/private/tmp/com.apple.launchd.qUf3KSu7Ni/Listeners]
2021-02-06 00:40:45 [INFO ] [restartedMain] act.backend.service.MainConfig: [XPC_FLAGS] : [0x0]
2021-02-06 00:40:45 [INFO ] [restartedMain] act.backend.service.MainConfig: [VERSIONER_PYTHON_VERSION] : [2.7]
2021-02-06 00:40:45 [INFO ] [restartedMain] act.backend.service.MainConfig: [__CF_USER_TEXT_ENCODING] : [0x1F5:0x0:0x0]
2021-02-06 00:40:45 [INFO ] [restartedMain] act.backend.service.MainConfig: [LOGNAME] : [cezarybanach]
2021-02-06 00:40:45 [INFO ] [restartedMain] act.backend.service.MainConfig: [LC_CTYPE] : [en_US.UTF-8]
2021-02-06 00:40:45 [INFO ] [restartedMain] act.backend.service.MainConfig: [PWD] : [/Users/cezarybanach/Documents/mini/react/parkly/Parkly-React-App/backend]
2021-02-06 00:40:45 [INFO ] [restartedMain] act.backend.service.MainConfig: [XPC_SERVICE_NAME] : [com.jetbrains.intellij.8584]
2021-02-06 00:40:45 [INFO ] [restartedMain] act.backend.service.MainConfig: [HOME] : [/Users/cezarybanach]
2021-02-06 00:40:45 [INFO ] [restartedMain] act.backend.service.MainConfig: Injected CORS URL: [http://localhost:3000,http://bookly.url]
2021-02-06 00:40:45 [INFO ] [restartedMain] ct.backend.service.HttpService: Injected CARLY URL: [N/A]
2021-02-06 00:40:45 [INFO ] [restartedMain] ct.backend.service.HttpService: Injected PARKLY URL: [N/A]
2021-02-06 00:40:45 [INFO ] [restartedMain] ct.backend.service.HttpService: Injected FLATLY URL: [N/A]
2021-02-06 00:40:45 [INFO ] [restartedMain] ct.backend.service.HttpService: Injected INTEGRATION URL: [http://this-is-the-way.eu-central-1.elasticbeanstalk.com]
2021-02-06 00:40:46 [INFO ] [restartedMain] ckend.SampleBackendApplication: Started SampleBackendApplication in 2.466 seconds (JVM running for 3.157)
2021-02-06 00:41:06 [INFO ] [restartedMain] ckend.SampleBackendApplication: Starting SampleBackendApplication on Cezarys-MacBook-Pro.local with PID 22863 (/Users/cezarybanach/Documents/mini/react/parkly/Parkly-React-App/backend/target/classes started by cezarybanach in /Users/cezarybanach/Documents/mini/react/parkly/Parkly-React-App/backend)
2021-02-06 00:41:06 [INFO ] [restartedMain] ckend.SampleBackendApplication: The following profiles are active: mysql-dev
2021-02-06 00:41:07 [INFO ] [restartedMain] act.backend.service.MainConfig: ************** Environment variables **************
2021-02-06 00:41:07 [INFO ] [restartedMain] act.backend.service.MainConfig: [PATH] : [/Users/cezarybanach/maven/bin:/Users/cezarybanach/maven/bin:/usr/local/bin:/usr/bin:/bin:/usr/sbin:/sbin:/Library/TeX/texbin:/Users/cezarybanach/.npm-global/bin:/Applications/Genymotion.app/Contents/MacOS/tools/:/Users/cezarybanach/Library/Python/2.7/bin]
2021-02-06 00:41:07 [INFO ] [restartedMain] act.backend.service.MainConfig: [SHELL] : [/bin/zsh]
2021-02-06 00:41:07 [INFO ] [restartedMain] act.backend.service.MainConfig: [JAVA_MAIN_CLASS_22863] : [pw.react.backend.SampleBackendApplication]
2021-02-06 00:41:07 [INFO ] [restartedMain] act.backend.service.MainConfig: [OLDPWD] : [/]
2021-02-06 00:41:07 [INFO ] [restartedMain] act.backend.service.MainConfig: [USER] : [cezarybanach]
2021-02-06 00:41:07 [INFO ] [restartedMain] act.backend.service.MainConfig: [TMPDIR] : [/var/folders/1n/cv398_dn22z792l6ld4z3y400000gn/T/]
2021-02-06 00:41:07 [INFO ] [restartedMain] act.backend.service.MainConfig: [SSH_AUTH_SOCK] : [/private/tmp/com.apple.launchd.qUf3KSu7Ni/Listeners]
2021-02-06 00:41:07 [INFO ] [restartedMain] act.backend.service.MainConfig: [XPC_FLAGS] : [0x0]
2021-02-06 00:41:07 [INFO ] [restartedMain] act.backend.service.MainConfig: [VERSIONER_PYTHON_VERSION] : [2.7]
2021-02-06 00:41:07 [INFO ] [restartedMain] act.backend.service.MainConfig: [__CF_USER_TEXT_ENCODING] : [0x1F5:0x0:0x0]
2021-02-06 00:41:07 [INFO ] [restartedMain] act.backend.service.MainConfig: [LOGNAME] : [cezarybanach]
2021-02-06 00:41:07 [INFO ] [restartedMain] act.backend.service.MainConfig: [LC_CTYPE] : [en_US.UTF-8]
2021-02-06 00:41:07 [INFO ] [restartedMain] act.backend.service.MainConfig: [PWD] : [/Users/cezarybanach/Documents/mini/react/parkly/Parkly-React-App/backend]
2021-02-06 00:41:07 [INFO ] [restartedMain] act.backend.service.MainConfig: [XPC_SERVICE_NAME] : [com.jetbrains.intellij.8584]
2021-02-06 00:41:07 [INFO ] [restartedMain] act.backend.service.MainConfig: [HOME] : [/Users/cezarybanach]
2021-02-06 00:41:07 [INFO ] [restartedMain] act.backend.service.MainConfig: Injected CORS URL: [http://localhost:3000,http://bookly.url]
2021-02-06 00:41:07 [INFO ] [restartedMain] ct.backend.service.HttpService: Injected CARLY URL: [N/A]
2021-02-06 00:41:07 [INFO ] [restartedMain] ct.backend.service.HttpService: Injected PARKLY URL: [N/A]
2021-02-06 00:41:07 [INFO ] [restartedMain] ct.backend.service.HttpService: Injected FLATLY URL: [N/A]
2021-02-06 00:41:07 [INFO ] [restartedMain] ct.backend.service.HttpService: Injected INTEGRATION URL: [http://this-is-the-way.eu-central-1.elasticbeanstalk.com]
2021-02-06 00:41:08 [INFO ] [restartedMain] ckend.SampleBackendApplication: Started SampleBackendApplication in 2.564 seconds (JVM running for 3.158)
2021-02-06 00:43:14 [INFO ] [restartedMain] ckend.SampleBackendApplication: Starting SampleBackendApplication on Cezarys-MacBook-Pro.local with PID 22894 (/Users/cezarybanach/Documents/mini/react/parkly/Parkly-React-App/backend/target/classes started by cezarybanach in /Users/cezarybanach/Documents/mini/react/parkly/Parkly-React-App/backend)
2021-02-06 00:43:14 [INFO ] [restartedMain] ckend.SampleBackendApplication: The following profiles are active: mysql-dev
2021-02-06 00:43:15 [INFO ] [restartedMain] act.backend.service.MainConfig: ************** Environment variables **************
2021-02-06 00:43:15 [INFO ] [restartedMain] act.backend.service.MainConfig: [PATH] : [/Users/cezarybanach/maven/bin:/Users/cezarybanach/maven/bin:/usr/local/bin:/usr/bin:/bin:/usr/sbin:/sbin:/Library/TeX/texbin:/Users/cezarybanach/.npm-global/bin:/Applications/Genymotion.app/Contents/MacOS/tools/:/Users/cezarybanach/Library/Python/2.7/bin]
2021-02-06 00:43:15 [INFO ] [restartedMain] act.backend.service.MainConfig: [SHELL] : [/bin/zsh]
2021-02-06 00:43:15 [INFO ] [restartedMain] act.backend.service.MainConfig: [OLDPWD] : [/]
2021-02-06 00:43:15 [INFO ] [restartedMain] act.backend.service.MainConfig: [JAVA_MAIN_CLASS_22894] : [pw.react.backend.SampleBackendApplication]
2021-02-06 00:43:15 [INFO ] [restartedMain] act.backend.service.MainConfig: [USER] : [cezarybanach]
2021-02-06 00:43:15 [INFO ] [restartedMain] act.backend.service.MainConfig: [TMPDIR] : [/var/folders/1n/cv398_dn22z792l6ld4z3y400000gn/T/]
2021-02-06 00:43:15 [INFO ] [restartedMain] act.backend.service.MainConfig: [SSH_AUTH_SOCK] : [/private/tmp/com.apple.launchd.qUf3KSu7Ni/Listeners]
2021-02-06 00:43:15 [INFO ] [restartedMain] act.backend.service.MainConfig: [XPC_FLAGS] : [0x0]
2021-02-06 00:43:15 [INFO ] [restartedMain] act.backend.service.MainConfig: [VERSIONER_PYTHON_VERSION] : [2.7]
2021-02-06 00:43:15 [INFO ] [restartedMain] act.backend.service.MainConfig: [__CF_USER_TEXT_ENCODING] : [0x1F5:0x0:0x0]
2021-02-06 00:43:15 [INFO ] [restartedMain] act.backend.service.MainConfig: [LOGNAME] : [cezarybanach]
2021-02-06 00:43:15 [INFO ] [restartedMain] act.backend.service.MainConfig: [LC_CTYPE] : [en_US.UTF-8]
2021-02-06 00:43:15 [INFO ] [restartedMain] act.backend.service.MainConfig: [PWD] : [/Users/cezarybanach/Documents/mini/react/parkly/Parkly-React-App/backend]
2021-02-06 00:43:15 [INFO ] [restartedMain] act.backend.service.MainConfig: [XPC_SERVICE_NAME] : [com.jetbrains.intellij.8584]
2021-02-06 00:43:15 [INFO ] [restartedMain] act.backend.service.MainConfig: [HOME] : [/Users/cezarybanach]
2021-02-06 00:43:15 [INFO ] [restartedMain] act.backend.service.MainConfig: Injected CORS URL: [http://localhost:3000,http://bookly.url]
2021-02-06 00:43:15 [INFO ] [restartedMain] ct.backend.service.HttpService: Injected CARLY URL: [N/A]
2021-02-06 00:43:15 [INFO ] [restartedMain] ct.backend.service.HttpService: Injected PARKLY URL: [N/A]
2021-02-06 00:43:15 [INFO ] [restartedMain] ct.backend.service.HttpService: Injected FLATLY URL: [N/A]
2021-02-06 00:43:15 [INFO ] [restartedMain] ct.backend.service.HttpService: Injected INTEGRATION URL: [http://this-is-the-way.eu-central-1.elasticbeanstalk.com]
2021-02-06 00:43:16 [INFO ] [restartedMain] ckend.SampleBackendApplication: Started SampleBackendApplication in 2.402 seconds (JVM running for 3.106)
2021-02-06 00:44:57 [INFO ] [restartedMain] ckend.SampleBackendApplication: Starting SampleBackendApplication on Cezarys-MacBook-Pro.local with PID 22946 (/Users/cezarybanach/Documents/mini/react/parkly/Parkly-React-App/backend/target/classes started by cezarybanach in /Users/cezarybanach/Documents/mini/react/parkly/Parkly-React-App/backend)
2021-02-06 00:44:57 [INFO ] [restartedMain] ckend.SampleBackendApplication: The following profiles are active: mysql-dev
2021-02-06 00:44:59 [INFO ] [restartedMain] act.backend.service.MainConfig: ************** Environment variables **************
2021-02-06 00:44:59 [INFO ] [restartedMain] act.backend.service.MainConfig: [PATH] : [/Users/cezarybanach/maven/bin:/Users/cezarybanach/maven/bin:/usr/local/bin:/usr/bin:/bin:/usr/sbin:/sbin:/Library/TeX/texbin:/Users/cezarybanach/.npm-global/bin:/Applications/Genymotion.app/Contents/MacOS/tools/:/Users/cezarybanach/Library/Python/2.7/bin]
2021-02-06 00:44:59 [INFO ] [restartedMain] act.backend.service.MainConfig: [SHELL] : [/bin/zsh]
2021-02-06 00:44:59 [INFO ] [restartedMain] act.backend.service.MainConfig: [JAVA_MAIN_CLASS_22946] : [pw.react.backend.SampleBackendApplication]
2021-02-06 00:44:59 [INFO ] [restartedMain] act.backend.service.MainConfig: [OLDPWD] : [/]
2021-02-06 00:44:59 [INFO ] [restartedMain] act.backend.service.MainConfig: [USER] : [cezarybanach]
2021-02-06 00:44:59 [INFO ] [restartedMain] act.backend.service.MainConfig: [TMPDIR] : [/var/folders/1n/cv398_dn22z792l6ld4z3y400000gn/T/]
2021-02-06 00:44:59 [INFO ] [restartedMain] act.backend.service.MainConfig: [SSH_AUTH_SOCK] : [/private/tmp/com.apple.launchd.qUf3KSu7Ni/Listeners]
2021-02-06 00:44:59 [INFO ] [restartedMain] act.backend.service.MainConfig: [XPC_FLAGS] : [0x0]
2021-02-06 00:44:59 [INFO ] [restartedMain] act.backend.service.MainConfig: [VERSIONER_PYTHON_VERSION] : [2.7]
2021-02-06 00:44:59 [INFO ] [restartedMain] act.backend.service.MainConfig: [__CF_USER_TEXT_ENCODING] : [0x1F5:0x0:0x0]
2021-02-06 00:44:59 [INFO ] [restartedMain] act.backend.service.MainConfig: [LOGNAME] : [cezarybanach]
2021-02-06 00:44:59 [INFO ] [restartedMain] act.backend.service.MainConfig: [LC_CTYPE] : [en_US.UTF-8]
2021-02-06 00:44:59 [INFO ] [restartedMain] act.backend.service.MainConfig: [PWD] : [/Users/cezarybanach/Documents/mini/react/parkly/Parkly-React-App/backend]
2021-02-06 00:44:59 [INFO ] [restartedMain] act.backend.service.MainConfig: [XPC_SERVICE_NAME] : [com.jetbrains.intellij.8584]
2021-02-06 00:44:59 [INFO ] [restartedMain] act.backend.service.MainConfig: [HOME] : [/Users/cezarybanach]
2021-02-06 00:44:59 [INFO ] [restartedMain] act.backend.service.MainConfig: Injected CORS URL: [http://localhost:3000,http://bookly.url]
2021-02-06 00:44:59 [INFO ] [restartedMain] ct.backend.service.HttpService: Injected CARLY URL: [N/A]
2021-02-06 00:44:59 [INFO ] [restartedMain] ct.backend.service.HttpService: Injected PARKLY URL: [N/A]
2021-02-06 00:44:59 [INFO ] [restartedMain] ct.backend.service.HttpService: Injected FLATLY URL: [N/A]
2021-02-06 00:44:59 [INFO ] [restartedMain] ct.backend.service.HttpService: Injected INTEGRATION URL: [http://this-is-the-way.eu-central-1.elasticbeanstalk.com]
2021-02-06 00:45:00 [INFO ] [restartedMain] ckend.SampleBackendApplication: Started SampleBackendApplication in 2.588 seconds (JVM running for 3.297)
2021-02-06 00:47:46 [INFO ] [restartedMain] ckend.SampleBackendApplication: Starting SampleBackendApplication on Cezarys-MacBook-Pro.local with PID 22987 (/Users/cezarybanach/Documents/mini/react/parkly/Parkly-React-App/backend/target/classes started by cezarybanach in /Users/cezarybanach/Documents/mini/react/parkly/Parkly-React-App/backend)
2021-02-06 00:47:46 [INFO ] [restartedMain] ckend.SampleBackendApplication: The following profiles are active: mysql-dev
2021-02-06 00:47:47 [INFO ] [restartedMain] act.backend.service.MainConfig: ************** Environment variables **************
2021-02-06 00:47:47 [INFO ] [restartedMain] act.backend.service.MainConfig: [PATH] : [/Users/cezarybanach/maven/bin:/Users/cezarybanach/maven/bin:/usr/local/bin:/usr/bin:/bin:/usr/sbin:/sbin:/Library/TeX/texbin:/Users/cezarybanach/.npm-global/bin:/Applications/Genymotion.app/Contents/MacOS/tools/:/Users/cezarybanach/Library/Python/2.7/bin]
2021-02-06 00:47:47 [INFO ] [restartedMain] act.backend.service.MainConfig: [SHELL] : [/bin/zsh]
2021-02-06 00:47:47 [INFO ] [restartedMain] act.backend.service.MainConfig: [JAVA_MAIN_CLASS_22987] : [pw.react.backend.SampleBackendApplication]
2021-02-06 00:47:47 [INFO ] [restartedMain] act.backend.service.MainConfig: [OLDPWD] : [/]
2021-02-06 00:47:47 [INFO ] [restartedMain] act.backend.service.MainConfig: [USER] : [cezarybanach]
2021-02-06 00:47:47 [INFO ] [restartedMain] act.backend.service.MainConfig: [TMPDIR] : [/var/folders/1n/cv398_dn22z792l6ld4z3y400000gn/T/]
2021-02-06 00:47:47 [INFO ] [restartedMain] act.backend.service.MainConfig: [SSH_AUTH_SOCK] : [/private/tmp/com.apple.launchd.qUf3KSu7Ni/Listeners]
2021-02-06 00:47:47 [INFO ] [restartedMain] act.backend.service.MainConfig: [XPC_FLAGS] : [0x0]
2021-02-06 00:47:47 [INFO ] [restartedMain] act.backend.service.MainConfig: [VERSIONER_PYTHON_VERSION] : [2.7]
2021-02-06 00:47:47 [INFO ] [restartedMain] act.backend.service.MainConfig: [__CF_USER_TEXT_ENCODING] : [0x1F5:0x0:0x0]
2021-02-06 00:47:47 [INFO ] [restartedMain] act.backend.service.MainConfig: [LOGNAME] : [cezarybanach]
2021-02-06 00:47:47 [INFO ] [restartedMain] act.backend.service.MainConfig: [LC_CTYPE] : [en_US.UTF-8]
2021-02-06 00:47:47 [INFO ] [restartedMain] act.backend.service.MainConfig: [PWD] : [/Users/cezarybanach/Documents/mini/react/parkly/Parkly-React-App/backend]
2021-02-06 00:47:47 [INFO ] [restartedMain] act.backend.service.MainConfig: [XPC_SERVICE_NAME] : [com.jetbrains.intellij.8584]
2021-02-06 00:47:47 [INFO ] [restartedMain] act.backend.service.MainConfig: [HOME] : [/Users/cezarybanach]
2021-02-06 00:47:47 [INFO ] [restartedMain] act.backend.service.MainConfig: Injected CORS URL: [http://localhost:3000,http://bookly.url]
2021-02-06 00:47:47 [INFO ] [restartedMain] ct.backend.service.HttpService: Injected CARLY URL: [N/A]
2021-02-06 00:47:47 [INFO ] [restartedMain] ct.backend.service.HttpService: Injected PARKLY URL: [N/A]
2021-02-06 00:47:47 [INFO ] [restartedMain] ct.backend.service.HttpService: Injected FLATLY URL: [N/A]
2021-02-06 00:47:47 [INFO ] [restartedMain] ct.backend.service.HttpService: Injected INTEGRATION URL: [http://this-is-the-way.eu-central-1.elasticbeanstalk.com]
2021-02-06 00:47:48 [INFO ] [restartedMain] ckend.SampleBackendApplication: Started SampleBackendApplication in 2.646 seconds (JVM running for 3.354)
2021-02-06 01:25:01 [INFO ] [restartedMain] ckend.SampleBackendApplication: Starting SampleBackendApplication on Cezarys-MacBook-Pro.local with PID 23315 (/Users/cezarybanach/Documents/mini/react/parkly/Parkly-React-App/backend/target/classes started by cezarybanach in /Users/cezarybanach/Documents/mini/react/parkly/Parkly-React-App/backend)
2021-02-06 01:25:01 [INFO ] [restartedMain] ckend.SampleBackendApplication: The following profiles are active: mysql-dev
2021-02-06 01:25:02 [INFO ] [restartedMain] act.backend.service.MainConfig: ************** Environment variables **************
2021-02-06 01:25:02 [INFO ] [restartedMain] act.backend.service.MainConfig: [PATH] : [/Users/cezarybanach/maven/bin:/Users/cezarybanach/maven/bin:/usr/local/bin:/usr/bin:/bin:/usr/sbin:/sbin:/Library/TeX/texbin:/Users/cezarybanach/.npm-global/bin:/Applications/Genymotion.app/Contents/MacOS/tools/:/Users/cezarybanach/Library/Python/2.7/bin]
2021-02-06 01:25:02 [INFO ] [restartedMain] act.backend.service.MainConfig: [SHELL] : [/bin/zsh]
2021-02-06 01:25:02 [INFO ] [restartedMain] act.backend.service.MainConfig: [JAVA_MAIN_CLASS_23315] : [pw.react.backend.SampleBackendApplication]
2021-02-06 01:25:02 [INFO ] [restartedMain] act.backend.service.MainConfig: [OLDPWD] : [/]
2021-02-06 01:25:02 [INFO ] [restartedMain] act.backend.service.MainConfig: [USER] : [cezarybanach]
2021-02-06 01:25:02 [INFO ] [restartedMain] act.backend.service.MainConfig: [TMPDIR] : [/var/folders/1n/cv398_dn22z792l6ld4z3y400000gn/T/]
2021-02-06 01:25:02 [INFO ] [restartedMain] act.backend.service.MainConfig: [SSH_AUTH_SOCK] : [/private/tmp/com.apple.launchd.qUf3KSu7Ni/Listeners]
2021-02-06 01:25:02 [INFO ] [restartedMain] act.backend.service.MainConfig: [XPC_FLAGS] : [0x0]
2021-02-06 01:25:02 [INFO ] [restartedMain] act.backend.service.MainConfig: [VERSIONER_PYTHON_VERSION] : [2.7]
2021-02-06 01:25:02 [INFO ] [restartedMain] act.backend.service.MainConfig: [__CF_USER_TEXT_ENCODING] : [0x1F5:0x0:0x0]
2021-02-06 01:25:02 [INFO ] [restartedMain] act.backend.service.MainConfig: [LOGNAME] : [cezarybanach]
2021-02-06 01:25:02 [INFO ] [restartedMain] act.backend.service.MainConfig: [LC_CTYPE] : [en_US.UTF-8]
2021-02-06 01:25:02 [INFO ] [restartedMain] act.backend.service.MainConfig: [PWD] : [/Users/cezarybanach/Documents/mini/react/parkly/Parkly-React-App/backend]
2021-02-06 01:25:02 [INFO ] [restartedMain] act.backend.service.MainConfig: [XPC_SERVICE_NAME] : [com.jetbrains.intellij.8584]
2021-02-06 01:25:02 [INFO ] [restartedMain] act.backend.service.MainConfig: [HOME] : [/Users/cezarybanach]
2021-02-06 01:25:02 [INFO ] [restartedMain] act.backend.service.MainConfig: Injected CORS URL: [http://localhost:3000,http://bookly.url]
2021-02-06 01:25:02 [INFO ] [restartedMain] ct.backend.service.HttpService: Injected CARLY URL: [N/A]
2021-02-06 01:25:02 [INFO ] [restartedMain] ct.backend.service.HttpService: Injected PARKLY URL: [N/A]
2021-02-06 01:25:02 [INFO ] [restartedMain] ct.backend.service.HttpService: Injected FLATLY URL: [N/A]
2021-02-06 01:25:02 [INFO ] [restartedMain] ct.backend.service.HttpService: Injected INTEGRATION URL: [http://this-is-the-way.eu-central-1.elasticbeanstalk.com]
2021-02-06 01:25:03 [INFO ] [restartedMain] ckend.SampleBackendApplication: Started SampleBackendApplication in 2.426 seconds (JVM running for 3.148)
2021-02-06 13:13:41 [INFO ] [restartedMain] ckend.SampleBackendApplication: Starting SampleBackendApplication on Cezarys-MacBook-Pro.local with PID 25397 (/Users/cezarybanach/Documents/mini/react/parkly/Parkly-React-App/backend/target/classes started by cezarybanach in /Users/cezarybanach/Documents/mini/react/parkly/Parkly-React-App/backend)
2021-02-06 13:13:41 [INFO ] [restartedMain] ckend.SampleBackendApplication: The following profiles are active: mysql-dev
2021-02-06 13:13:42 [INFO ] [restartedMain] act.backend.service.MainConfig: ************** Environment variables **************
2021-02-06 13:13:42 [INFO ] [restartedMain] act.backend.service.MainConfig: [PATH] : [/Users/cezarybanach/maven/bin:/Users/cezarybanach/maven/bin:/usr/local/bin:/usr/bin:/bin:/usr/sbin:/sbin:/Library/TeX/texbin:/Users/cezarybanach/.npm-global/bin:/Applications/Genymotion.app/Contents/MacOS/tools/:/Users/cezarybanach/Library/Python/2.7/bin]
2021-02-06 13:13:42 [INFO ] [restartedMain] act.backend.service.MainConfig: [SHELL] : [/bin/zsh]
2021-02-06 13:13:42 [INFO ] [restartedMain] act.backend.service.MainConfig: [OLDPWD] : [/]
2021-02-06 13:13:42 [INFO ] [restartedMain] act.backend.service.MainConfig: [USER] : [cezarybanach]
2021-02-06 13:13:42 [INFO ] [restartedMain] act.backend.service.MainConfig: [JAVA_MAIN_CLASS_25397] : [pw.react.backend.SampleBackendApplication]
2021-02-06 13:13:42 [INFO ] [restartedMain] act.backend.service.MainConfig: [TMPDIR] : [/var/folders/1n/cv398_dn22z792l6ld4z3y400000gn/T/]
2021-02-06 13:13:42 [INFO ] [restartedMain] act.backend.service.MainConfig: [SSH_AUTH_SOCK] : [/private/tmp/com.apple.launchd.qUf3KSu7Ni/Listeners]
2021-02-06 13:13:42 [INFO ] [restartedMain] act.backend.service.MainConfig: [XPC_FLAGS] : [0x0]
2021-02-06 13:13:42 [INFO ] [restartedMain] act.backend.service.MainConfig: [VERSIONER_PYTHON_VERSION] : [2.7]
2021-02-06 13:13:42 [INFO ] [restartedMain] act.backend.service.MainConfig: [__CF_USER_TEXT_ENCODING] : [0x1F5:0x0:0x0]
2021-02-06 13:13:42 [INFO ] [restartedMain] act.backend.service.MainConfig: [LOGNAME] : [cezarybanach]
2021-02-06 13:13:42 [INFO ] [restartedMain] act.backend.service.MainConfig: [LC_CTYPE] : [en_US.UTF-8]
2021-02-06 13:13:42 [INFO ] [restartedMain] act.backend.service.MainConfig: [PWD] : [/Users/cezarybanach/Documents/mini/react/parkly/Parkly-React-App/backend]
2021-02-06 13:13:42 [INFO ] [restartedMain] act.backend.service.MainConfig: [XPC_SERVICE_NAME] : [com.jetbrains.intellij.8584]
2021-02-06 13:13:42 [INFO ] [restartedMain] act.backend.service.MainConfig: [HOME] : [/Users/cezarybanach]
2021-02-06 13:13:42 [INFO ] [restartedMain] act.backend.service.MainConfig: Injected CORS URL: [http://localhost:3000,http://bookly.url]
2021-02-06 13:13:43 [INFO ] [restartedMain] ct.backend.service.HttpService: Injected CARLY URL: [N/A]
2021-02-06 13:13:43 [INFO ] [restartedMain] ct.backend.service.HttpService: Injected PARKLY URL: [N/A]
2021-02-06 13:13:43 [INFO ] [restartedMain] ct.backend.service.HttpService: Injected FLATLY URL: [N/A]
2021-02-06 13:13:43 [INFO ] [restartedMain] ct.backend.service.HttpService: Injected INTEGRATION URL: [http://this-is-the-way.eu-central-1.elasticbeanstalk.com]
2021-02-06 13:20:56 [INFO ] [restartedMain] ckend.SampleBackendApplication: Starting SampleBackendApplication on Cezarys-MacBook-Pro.local with PID 25445 (/Users/cezarybanach/Documents/mini/react/parkly/Parkly-React-App/backend/target/classes started by cezarybanach in /Users/cezarybanach/Documents/mini/react/parkly/Parkly-React-App/backend)
2021-02-06 13:20:56 [INFO ] [restartedMain] ckend.SampleBackendApplication: The following profiles are active: mysql-dev
2021-02-06 13:20:57 [INFO ] [restartedMain] act.backend.service.MainConfig: ************** Environment variables **************
2021-02-06 13:20:57 [INFO ] [restartedMain] act.backend.service.MainConfig: [PATH] : [/Users/cezarybanach/maven/bin:/Users/cezarybanach/maven/bin:/usr/local/bin:/usr/bin:/bin:/usr/sbin:/sbin:/Library/TeX/texbin:/Users/cezarybanach/.npm-global/bin:/Applications/Genymotion.app/Contents/MacOS/tools/:/Users/cezarybanach/Library/Python/2.7/bin]
2021-02-06 13:20:57 [INFO ] [restartedMain] act.backend.service.MainConfig: [SHELL] : [/bin/zsh]
2021-02-06 13:20:57 [INFO ] [restartedMain] act.backend.service.MainConfig: [OLDPWD] : [/]
2021-02-06 13:20:57 [INFO ] [restartedMain] act.backend.service.MainConfig: [USER] : [cezarybanach]
2021-02-06 13:20:57 [INFO ] [restartedMain] act.backend.service.MainConfig: [TMPDIR] : [/var/folders/1n/cv398_dn22z792l6ld4z3y400000gn/T/]
2021-02-06 13:20:57 [INFO ] [restartedMain] act.backend.service.MainConfig: [SSH_AUTH_SOCK] : [/private/tmp/com.apple.launchd.qUf3KSu7Ni/Listeners]
2021-02-06 13:20:57 [INFO ] [restartedMain] act.backend.service.MainConfig: [JAVA_MAIN_CLASS_25445] : [pw.react.backend.SampleBackendApplication]
2021-02-06 13:20:57 [INFO ] [restartedMain] act.backend.service.MainConfig: [XPC_FLAGS] : [0x0]
2021-02-06 13:20:57 [INFO ] [restartedMain] act.backend.service.MainConfig: [VERSIONER_PYTHON_VERSION] : [2.7]
2021-02-06 13:20:57 [INFO ] [restartedMain] act.backend.service.MainConfig: [__CF_USER_TEXT_ENCODING] : [0x1F5:0x0:0x0]
2021-02-06 13:20:57 [INFO ] [restartedMain] act.backend.service.MainConfig: [LOGNAME] : [cezarybanach]
2021-02-06 13:20:57 [INFO ] [restartedMain] act.backend.service.MainConfig: [LC_CTYPE] : [en_US.UTF-8]
2021-02-06 13:20:57 [INFO ] [restartedMain] act.backend.service.MainConfig: [PWD] : [/Users/cezarybanach/Documents/mini/react/parkly/Parkly-React-App/backend]
2021-02-06 13:20:57 [INFO ] [restartedMain] act.backend.service.MainConfig: [XPC_SERVICE_NAME] : [com.jetbrains.intellij.8584]
2021-02-06 13:20:57 [INFO ] [restartedMain] act.backend.service.MainConfig: [HOME] : [/Users/cezarybanach]
2021-02-06 13:20:57 [INFO ] [restartedMain] act.backend.service.MainConfig: Injected CORS URL: [http://localhost:3000,http://bookly.url]
2021-02-06 13:20:57 [INFO ] [restartedMain] ct.backend.service.HttpService: Injected CARLY URL: [N/A]
2021-02-06 13:20:57 [INFO ] [restartedMain] ct.backend.service.HttpService: Injected PARKLY URL: [N/A]
2021-02-06 13:20:57 [INFO ] [restartedMain] ct.backend.service.HttpService: Injected FLATLY URL: [N/A]
2021-02-06 13:20:57 [INFO ] [restartedMain] ct.backend.service.HttpService: Injected INTEGRATION URL: [http://this-is-the-way.eu-central-1.elasticbeanstalk.com]
2021-02-06 13:22:52 [INFO ] [restartedMain] ckend.SampleBackendApplication: Starting SampleBackendApplication on Cezarys-MacBook-Pro.local with PID 25495 (/Users/cezarybanach/Documents/mini/react/parkly/Parkly-React-App/backend/target/classes started by cezarybanach in /Users/cezarybanach/Documents/mini/react/parkly/Parkly-React-App/backend)
2021-02-06 13:22:52 [INFO ] [restartedMain] ckend.SampleBackendApplication: The following profiles are active: mysql-dev
2021-02-06 13:22:53 [INFO ] [restartedMain] act.backend.service.MainConfig: ************** Environment variables **************
2021-02-06 13:22:53 [INFO ] [restartedMain] act.backend.service.MainConfig: [PATH] : [/Users/cezarybanach/maven/bin:/Users/cezarybanach/maven/bin:/usr/local/bin:/usr/bin:/bin:/usr/sbin:/sbin:/Library/TeX/texbin:/Users/cezarybanach/.npm-global/bin:/Applications/Genymotion.app/Contents/MacOS/tools/:/Users/cezarybanach/Library/Python/2.7/bin]
2021-02-06 13:22:53 [INFO ] [restartedMain] act.backend.service.MainConfig: [SHELL] : [/bin/zsh]
2021-02-06 13:22:53 [INFO ] [restartedMain] act.backend.service.MainConfig: [OLDPWD] : [/]
2021-02-06 13:22:53 [INFO ] [restartedMain] act.backend.service.MainConfig: [USER] : [cezarybanach]
2021-02-06 13:22:53 [INFO ] [restartedMain] act.backend.service.MainConfig: [JAVA_MAIN_CLASS_25495] : [pw.react.backend.SampleBackendApplication]
2021-02-06 13:22:53 [INFO ] [restartedMain] act.backend.service.MainConfig: [TMPDIR] : [/var/folders/1n/cv398_dn22z792l6ld4z3y400000gn/T/]
2021-02-06 13:22:53 [INFO ] [restartedMain] act.backend.service.MainConfig: [SSH_AUTH_SOCK] : [/private/tmp/com.apple.launchd.qUf3KSu7Ni/Listeners]
2021-02-06 13:22:53 [INFO ] [restartedMain] act.backend.service.MainConfig: [XPC_FLAGS] : [0x0]
2021-02-06 13:22:53 [INFO ] [restartedMain] act.backend.service.MainConfig: [VERSIONER_PYTHON_VERSION] : [2.7]
2021-02-06 13:22:53 [INFO ] [restartedMain] act.backend.service.MainConfig: [__CF_USER_TEXT_ENCODING] : [0x1F5:0x0:0x0]
2021-02-06 13:22:53 [INFO ] [restartedMain] act.backend.service.MainConfig: [LOGNAME] : [cezarybanach]
2021-02-06 13:22:53 [INFO ] [restartedMain] act.backend.service.MainConfig: [LC_CTYPE] : [en_US.UTF-8]
2021-02-06 13:22:53 [INFO ] [restartedMain] act.backend.service.MainConfig: [PWD] : [/Users/cezarybanach/Documents/mini/react/parkly/Parkly-React-App/backend]
2021-02-06 13:22:53 [INFO ] [restartedMain] act.backend.service.MainConfig: [XPC_SERVICE_NAME] : [com.jetbrains.intellij.8584]
2021-02-06 13:22:53 [INFO ] [restartedMain] act.backend.service.MainConfig: [HOME] : [/Users/cezarybanach]
2021-02-06 13:22:53 [INFO ] [restartedMain] act.backend.service.MainConfig: Injected CORS URL: [http://localhost:3000,http://bookly.url]
2021-02-06 13:22:53 [INFO ] [restartedMain] ct.backend.service.HttpService: Injected CARLY URL: [N/A]
2021-02-06 13:22:53 [INFO ] [restartedMain] ct.backend.service.HttpService: Injected PARKLY URL: [N/A]
2021-02-06 13:22:53 [INFO ] [restartedMain] ct.backend.service.HttpService: Injected FLATLY URL: [N/A]
2021-02-06 13:22:53 [INFO ] [restartedMain] ct.backend.service.HttpService: Injected INTEGRATION URL: [http://this-is-the-way.eu-central-1.elasticbeanstalk.com]
2021-02-06 13:22:54 [INFO ] [restartedMain] ckend.SampleBackendApplication: Started SampleBackendApplication in 2.379 seconds (JVM running for 2.906)
2021-02-06 13:27:05 [INFO ] [restartedMain] ckend.SampleBackendApplication: Starting SampleBackendApplication on Cezarys-MacBook-Pro.local with PID 25546 (/Users/cezarybanach/Documents/mini/react/parkly/Parkly-React-App/backend/target/classes started by cezarybanach in /Users/cezarybanach/Documents/mini/react/parkly/Parkly-React-App/backend)
2021-02-06 13:27:05 [INFO ] [restartedMain] ckend.SampleBackendApplication: The following profiles are active: mysql-dev
2021-02-06 13:27:07 [INFO ] [restartedMain] act.backend.service.MainConfig: ************** Environment variables **************
2021-02-06 13:27:07 [INFO ] [restartedMain] act.backend.service.MainConfig: [PATH] : [/Users/cezarybanach/maven/bin:/Users/cezarybanach/maven/bin:/usr/local/bin:/usr/bin:/bin:/usr/sbin:/sbin:/Library/TeX/texbin:/Users/cezarybanach/.npm-global/bin:/Applications/Genymotion.app/Contents/MacOS/tools/:/Users/cezarybanach/Library/Python/2.7/bin]
2021-02-06 13:27:07 [INFO ] [restartedMain] act.backend.service.MainConfig: [SHELL] : [/bin/zsh]
2021-02-06 13:27:07 [INFO ] [restartedMain] act.backend.service.MainConfig: [OLDPWD] : [/]
2021-02-06 13:27:07 [INFO ] [restartedMain] act.backend.service.MainConfig: [USER] : [cezarybanach]
2021-02-06 13:27:07 [INFO ] [restartedMain] act.backend.service.MainConfig: [TMPDIR] : [/var/folders/1n/cv398_dn22z792l6ld4z3y400000gn/T/]
2021-02-06 13:27:07 [INFO ] [restartedMain] act.backend.service.MainConfig: [SSH_AUTH_SOCK] : [/private/tmp/com.apple.launchd.qUf3KSu7Ni/Listeners]
2021-02-06 13:27:07 [INFO ] [restartedMain] act.backend.service.MainConfig: [XPC_FLAGS] : [0x0]
2021-02-06 13:27:07 [INFO ] [restartedMain] act.backend.service.MainConfig: [JAVA_MAIN_CLASS_25546] : [pw.react.backend.SampleBackendApplication]
2021-02-06 13:27:07 [INFO ] [restartedMain] act.backend.service.MainConfig: [VERSIONER_PYTHON_VERSION] : [2.7]
2021-02-06 13:27:07 [INFO ] [restartedMain] act.backend.service.MainConfig: [__CF_USER_TEXT_ENCODING] : [0x1F5:0x0:0x0]
2021-02-06 13:27:07 [INFO ] [restartedMain] act.backend.service.MainConfig: [LOGNAME] : [cezarybanach]
2021-02-06 13:27:07 [INFO ] [restartedMain] act.backend.service.MainConfig: [LC_CTYPE] : [en_US.UTF-8]
2021-02-06 13:27:07 [INFO ] [restartedMain] act.backend.service.MainConfig: [PWD] : [/Users/cezarybanach/Documents/mini/react/parkly/Parkly-React-App/backend]
2021-02-06 13:27:07 [INFO ] [restartedMain] act.backend.service.MainConfig: [XPC_SERVICE_NAME] : [com.jetbrains.intellij.8584]
2021-02-06 13:27:07 [INFO ] [restartedMain] act.backend.service.MainConfig: [HOME] : [/Users/cezarybanach]
2021-02-06 13:27:07 [INFO ] [restartedMain] act.backend.service.MainConfig: Injected CORS URL: [http://localhost:3000,http://bookly.url]
2021-02-06 13:27:07 [INFO ] [restartedMain] ct.backend.service.HttpService: Injected CARLY URL: [N/A]
2021-02-06 13:27:07 [INFO ] [restartedMain] ct.backend.service.HttpService: Injected PARKLY URL: [N/A]
2021-02-06 13:27:07 [INFO ] [restartedMain] ct.backend.service.HttpService: Injected FLATLY URL: [N/A]
2021-02-06 13:27:07 [INFO ] [restartedMain] ct.backend.service.HttpService: Injected INTEGRATION URL: [http://this-is-the-way.eu-central-1.elasticbeanstalk.com]
2021-02-06 13:27:08 [INFO ] [restartedMain] ckend.SampleBackendApplication: Started SampleBackendApplication in 2.856 seconds (JVM running for 3.553)
2021-02-06 13:29:32 [INFO ] [http-nio-8080-exec-10] service.ParkingSpotMainService: Parking spot with id 1 updated.
2021-02-06 13:34:55 [INFO ] [restartedMain] ckend.SampleBackendApplication: Starting SampleBackendApplication on Cezarys-MacBook-Pro.local with PID 25619 (/Users/cezarybanach/Documents/mini/react/parkly/Parkly-React-App/backend/target/classes started by cezarybanach in /Users/cezarybanach/Documents/mini/react/parkly/Parkly-React-App/backend)
2021-02-06 13:34:55 [INFO ] [restartedMain] ckend.SampleBackendApplication: The following profiles are active: mysql-dev
2021-02-06 13:34:56 [INFO ] [restartedMain] act.backend.service.MainConfig: ************** Environment variables **************
2021-02-06 13:34:56 [INFO ] [restartedMain] act.backend.service.MainConfig: [PATH] : [/Users/cezarybanach/maven/bin:/Users/cezarybanach/maven/bin:/usr/local/bin:/usr/bin:/bin:/usr/sbin:/sbin:/Library/TeX/texbin:/Users/cezarybanach/.npm-global/bin:/Applications/Genymotion.app/Contents/MacOS/tools/:/Users/cezarybanach/Library/Python/2.7/bin]
2021-02-06 13:34:56 [INFO ] [restartedMain] act.backend.service.MainConfig: [SHELL] : [/bin/zsh]
2021-02-06 13:34:56 [INFO ] [restartedMain] act.backend.service.MainConfig: [OLDPWD] : [/]
2021-02-06 13:34:56 [INFO ] [restartedMain] act.backend.service.MainConfig: [USER] : [cezarybanach]
2021-02-06 13:34:56 [INFO ] [restartedMain] act.backend.service.MainConfig: [TMPDIR] : [/var/folders/1n/cv398_dn22z792l6ld4z3y400000gn/T/]
2021-02-06 13:34:56 [INFO ] [restartedMain] act.backend.service.MainConfig: [SSH_AUTH_SOCK] : [/private/tmp/com.apple.launchd.qUf3KSu7Ni/Listeners]
2021-02-06 13:34:56 [INFO ] [restartedMain] act.backend.service.MainConfig: [XPC_FLAGS] : [0x0]
2021-02-06 13:34:56 [INFO ] [restartedMain] act.backend.service.MainConfig: [VERSIONER_PYTHON_VERSION] : [2.7]
2021-02-06 13:34:56 [INFO ] [restartedMain] act.backend.service.MainConfig: [__CF_USER_TEXT_ENCODING] : [0x1F5:0x0:0x0]
2021-02-06 13:34:56 [INFO ] [restartedMain] act.backend.service.MainConfig: [LOGNAME] : [cezarybanach]
2021-02-06 13:34:56 [INFO ] [restartedMain] act.backend.service.MainConfig: [JAVA_MAIN_CLASS_25619] : [pw.react.backend.SampleBackendApplication]
2021-02-06 13:34:56 [INFO ] [restartedMain] act.backend.service.MainConfig: [LC_CTYPE] : [en_US.UTF-8]
2021-02-06 13:34:56 [INFO ] [restartedMain] act.backend.service.MainConfig: [PWD] : [/Users/cezarybanach/Documents/mini/react/parkly/Parkly-React-App/backend]
2021-02-06 13:34:56 [INFO ] [restartedMain] act.backend.service.MainConfig: [XPC_SERVICE_NAME] : [com.jetbrains.intellij.8584]
2021-02-06 13:34:56 [INFO ] [restartedMain] act.backend.service.MainConfig: [HOME] : [/Users/cezarybanach]
2021-02-06 13:34:56 [INFO ] [restartedMain] act.backend.service.MainConfig: Injected CORS URL: [http://localhost:3000,http://bookly.url]
2021-02-06 13:34:56 [INFO ] [restartedMain] ct.backend.service.HttpService: Injected CARLY URL: [N/A]
2021-02-06 13:34:56 [INFO ] [restartedMain] ct.backend.service.HttpService: Injected PARKLY URL: [N/A]
2021-02-06 13:34:56 [INFO ] [restartedMain] ct.backend.service.HttpService: Injected FLATLY URL: [N/A]
2021-02-06 13:34:56 [INFO ] [restartedMain] ct.backend.service.HttpService: Injected INTEGRATION URL: [http://this-is-the-way.eu-central-1.elasticbeanstalk.com]
2021-02-06 13:34:57 [INFO ] [restartedMain] ckend.SampleBackendApplication: Started SampleBackendApplication in 2.508 seconds (JVM running for 3.255)
2021-02-06 13:36:38 [INFO ] [restartedMain] ckend.SampleBackendApplication: Starting SampleBackendApplication on Cezarys-MacBook-Pro.local with PID 25638 (/Users/cezarybanach/Documents/mini/react/parkly/Parkly-React-App/backend/target/classes started by cezarybanach in /Users/cezarybanach/Documents/mini/react/parkly/Parkly-React-App/backend)
2021-02-06 13:36:38 [INFO ] [restartedMain] ckend.SampleBackendApplication: The following profiles are active: mysql-dev
2021-02-06 13:36:39 [INFO ] [restartedMain] act.backend.service.MainConfig: ************** Environment variables **************
2021-02-06 13:36:39 [INFO ] [restartedMain] act.backend.service.MainConfig: [PATH] : [/Users/cezarybanach/maven/bin:/Users/cezarybanach/maven/bin:/usr/local/bin:/usr/bin:/bin:/usr/sbin:/sbin:/Library/TeX/texbin:/Users/cezarybanach/.npm-global/bin:/Applications/Genymotion.app/Contents/MacOS/tools/:/Users/cezarybanach/Library/Python/2.7/bin]
2021-02-06 13:36:39 [INFO ] [restartedMain] act.backend.service.MainConfig: [SHELL] : [/bin/zsh]
2021-02-06 13:36:39 [INFO ] [restartedMain] act.backend.service.MainConfig: [OLDPWD] : [/]
2021-02-06 13:36:39 [INFO ] [restartedMain] act.backend.service.MainConfig: [USER] : [cezarybanach]
2021-02-06 13:36:39 [INFO ] [restartedMain] act.backend.service.MainConfig: [TMPDIR] : [/var/folders/1n/cv398_dn22z792l6ld4z3y400000gn/T/]
2021-02-06 13:36:39 [INFO ] [restartedMain] act.backend.service.MainConfig: [SSH_AUTH_SOCK] : [/private/tmp/com.apple.launchd.qUf3KSu7Ni/Listeners]
2021-02-06 13:36:39 [INFO ] [restartedMain] act.backend.service.MainConfig: [XPC_FLAGS] : [0x0]
2021-02-06 13:36:39 [INFO ] [restartedMain] act.backend.service.MainConfig: [VERSIONER_PYTHON_VERSION] : [2.7]
2021-02-06 13:36:39 [INFO ] [restartedMain] act.backend.service.MainConfig: [JAVA_MAIN_CLASS_25638] : [pw.react.backend.SampleBackendApplication]
2021-02-06 13:36:39 [INFO ] [restartedMain] act.backend.service.MainConfig: [__CF_USER_TEXT_ENCODING] : [0x1F5:0x0:0x0]
2021-02-06 13:36:39 [INFO ] [restartedMain] act.backend.service.MainConfig: [LOGNAME] : [cezarybanach]
2021-02-06 13:36:39 [INFO ] [restartedMain] act.backend.service.MainConfig: [LC_CTYPE] : [en_US.UTF-8]
2021-02-06 13:36:39 [INFO ] [restartedMain] act.backend.service.MainConfig: [PWD] : [/Users/cezarybanach/Documents/mini/react/parkly/Parkly-React-App/backend]
2021-02-06 13:36:39 [INFO ] [restartedMain] act.backend.service.MainConfig: [XPC_SERVICE_NAME] : [com.jetbrains.intellij.8584]
2021-02-06 13:36:39 [INFO ] [restartedMain] act.backend.service.MainConfig: [HOME] : [/Users/cezarybanach]
2021-02-06 13:36:39 [INFO ] [restartedMain] act.backend.service.MainConfig: Injected CORS URL: [http://localhost:3000,http://bookly.url]
2021-02-06 13:36:40 [INFO ] [restartedMain] ct.backend.service.HttpService: Injected CARLY URL: [N/A]
2021-02-06 13:36:40 [INFO ] [restartedMain] ct.backend.service.HttpService: Injected PARKLY URL: [N/A]
2021-02-06 13:36:40 [INFO ] [restartedMain] ct.backend.service.HttpService: Injected FLATLY URL: [N/A]
2021-02-06 13:36:40 [INFO ] [restartedMain] ct.backend.service.HttpService: Injected INTEGRATION URL: [http://this-is-the-way.eu-central-1.elasticbeanstalk.com]
2021-02-06 13:36:41 [INFO ] [restartedMain] ckend.SampleBackendApplication: Started SampleBackendApplication in 2.886 seconds (JVM running for 3.588)
2021-02-06 13:41:57 [INFO ] [http-nio-8080-exec-2] service.ParkingSpotMainService: Parking spot with id 2 updated.
2021-02-06 13:42:40 [INFO ] [http-nio-8080-exec-6] service.ParkingSpotMainService: Parking spot with id 2 updated.
