2021-02-07 12:52:38 [INFO ] [restartedMain] ckend.SampleBackendApplication: Starting SampleBackendApplication on DESKTOP-S0852M1 with PID 10360 (F:\5 sem - React\Parkly-React-App\backend\target\classes started by Mike in F:\5 sem - React\Parkly-React-App\backend)
2021-02-07 12:52:38 [INFO ] [restartedMain] ckend.SampleBackendApplication: The following profiles are active: mysql-dev
2021-02-07 12:52:41 [INFO ] [restartedMain] act.backend.service.MainConfig: ************** Environment variables **************
2021-02-07 12:52:41 [INFO ] [restartedMain] act.backend.service.MainConfig: [USERDOMAIN_ROAMINGPROFILE] : [DESKTOP-S0852M1]
2021-02-07 12:52:41 [INFO ] [restartedMain] act.backend.service.MainConfig: [LOCALAPPDATA] : [C:\Users\Mike\AppData\Local]
2021-02-07 12:52:41 [INFO ] [restartedMain] act.backend.service.MainConfig: [PROCESSOR_LEVEL] : [6]
2021-02-07 12:52:41 [INFO ] [restartedMain] act.backend.service.MainConfig: [USERDOMAIN] : [DESKTOP-S0852M1]
2021-02-07 12:52:41 [INFO ] [restartedMain] act.backend.service.MainConfig: [LOGONSERVER] : [\\DESKTOP-S0852M1]
2021-02-07 12:52:41 [INFO ] [restartedMain] act.backend.service.MainConfig: [JAVA_HOME] : [C:\Program Files\Java\jdk-15.0.1]
2021-02-07 12:52:41 [INFO ] [restartedMain] act.backend.service.MainConfig: [SESSIONNAME] : [Console]
2021-02-07 12:52:41 [INFO ] [restartedMain] act.backend.service.MainConfig: [ALLUSERSPROFILE] : [C:\ProgramData]
2021-02-07 12:52:41 [INFO ] [restartedMain] act.backend.service.MainConfig: [PROCESSOR_ARCHITECTURE] : [AMD64]
2021-02-07 12:52:41 [INFO ] [restartedMain] act.backend.service.MainConfig: [PSModulePath] : [C:\Program Files\WindowsPowerShell\Modules;C:\WINDOWS\system32\WindowsPowerShell\v1.0\Modules;C:\Program Files (x86)\Microsoft SQL Server\150\Tools\PowerShell\Modules\]
2021-02-07 12:52:41 [INFO ] [restartedMain] act.backend.service.MainConfig: [SystemDrive] : [C:]
2021-02-07 12:52:41 [INFO ] [restartedMain] act.backend.service.MainConfig: [MAVEN_HOME] : [C:\opt\apache-maven-3.6.3]
2021-02-07 12:52:41 [INFO ] [restartedMain] act.backend.service.MainConfig: [OneDrive] : [C:\Users\Mike\OneDrive]
2021-02-07 12:52:41 [INFO ] [restartedMain] act.backend.service.MainConfig: [APPDATA] : [C:\Users\Mike\AppData\Roaming]
2021-02-07 12:52:41 [INFO ] [restartedMain] act.backend.service.MainConfig: [USERNAME] : [Mike]
2021-02-07 12:52:41 [INFO ] [restartedMain] act.backend.service.MainConfig: [mysql] : [C:\Program Files\MySQL\MySQL Server 8.0\bin]
2021-02-07 12:52:41 [INFO ] [restartedMain] act.backend.service.MainConfig: [ProgramFiles(x86)] : [C:\Program Files (x86)]
2021-02-07 12:52:41 [INFO ] [restartedMain] act.backend.service.MainConfig: [CommonProgramFiles] : [C:\Program Files\Common Files]
2021-02-07 12:52:41 [INFO ] [restartedMain] act.backend.service.MainConfig: [Path] : [C:\Program Files\Common Files\Oracle\Java\javapath;C:\Program Files (x86)\Common Files\Oracle\Java\javapath;C:\WINDOWS\system32;C:\WINDOWS;C:\WINDOWS\System32\Wbem;C:\WINDOWS\System32\WindowsPowerShell\v1.0\;C:\WINDOWS\System32\OpenSSH\;C:\Program Files\Microsoft SQL Server\130\Tools\Binn\;C:\Program Files\Microsoft SQL Server\Client SDK\ODBC\170\Tools\Binn\;F:\Git\cmd;C:\Program Files (x86)\Microsoft SQL Server\150\Tools\Binn\;C:\Program Files\Microsoft SQL Server\150\Tools\Binn\;C:\Program Files\Microsoft SQL Server\150\DTS\Binn\;C:\Program Files (x86)\Microsoft SQL Server\150\DTS\Binn\;C:\Program Files\dotnet\;C:\Program Files\nodejs\;C:\Program Files (x86)\Yarn\bin\;C:\Program Files\Java\jdk-15.0.1\bin;C:\opt\apache-maven-3.6.3\bin;C:\Program Files\MySQL\MySQL Server 8.0\bin;C:\Program Files\MySQL\MySQL Shell 8.0\bin\;C:\Users\Mike\AppData\Local\Microsoft\WindowsApps;;C:\Users\Mike\AppData\Local\Programs\Microsoft VS Code\bin;C:\Users\Mike\AppData\Roaming\npm;C:\Users\Mike\AppData\Local\Yarn\bin;C:\Users\Mike\.dotnet\tools]
2021-02-07 12:52:41 [INFO ] [restartedMain] act.backend.service.MainConfig: [PATHEXT] : [.COM;.EXE;.BAT;.CMD;.VBS;.VBE;.JS;.JSE;.WSF;.WSH;.MSC]
2021-02-07 12:52:41 [INFO ] [restartedMain] act.backend.service.MainConfig: [DriverData] : [C:\Windows\System32\Drivers\DriverData]
2021-02-07 12:52:41 [INFO ] [restartedMain] act.backend.service.MainConfig: [OS] : [Windows_NT]
2021-02-07 12:52:41 [INFO ] [restartedMain] act.backend.service.MainConfig: [OneDriveConsumer] : [C:\Users\Mike\OneDrive]
2021-02-07 12:52:41 [INFO ] [restartedMain] act.backend.service.MainConfig: [COMPUTERNAME] : [DESKTOP-S0852M1]
2021-02-07 12:52:41 [INFO ] [restartedMain] act.backend.service.MainConfig: [PROCESSOR_REVISION] : [3a09]
2021-02-07 12:52:41 [INFO ] [restartedMain] act.backend.service.MainConfig: [CommonProgramW6432] : [C:\Program Files\Common Files]
2021-02-07 12:52:41 [INFO ] [restartedMain] act.backend.service.MainConfig: [ComSpec] : [C:\WINDOWS\system32\cmd.exe]
2021-02-07 12:52:41 [INFO ] [restartedMain] act.backend.service.MainConfig: [ProgramData] : [C:\ProgramData]
2021-02-07 12:52:41 [INFO ] [restartedMain] act.backend.service.MainConfig: [ProgramW6432] : [C:\Program Files]
2021-02-07 12:52:41 [INFO ] [restartedMain] act.backend.service.MainConfig: [HOMEPATH] : [\Users\Mike]
2021-02-07 12:52:41 [INFO ] [restartedMain] act.backend.service.MainConfig: [SystemRoot] : [C:\WINDOWS]
2021-02-07 12:52:41 [INFO ] [restartedMain] act.backend.service.MainConfig: [TEMP] : [C:\Users\Mike\AppData\Local\Temp]
2021-02-07 12:52:41 [INFO ] [restartedMain] act.backend.service.MainConfig: [HOMEDRIVE] : [C:]
2021-02-07 12:52:41 [INFO ] [restartedMain] act.backend.service.MainConfig: [PROCESSOR_IDENTIFIER] : [Intel64 Family 6 Model 58 Stepping 9, GenuineIntel]
2021-02-07 12:52:41 [INFO ] [restartedMain] act.backend.service.MainConfig: [USERPROFILE] : [C:\Users\Mike]
2021-02-07 12:52:41 [INFO ] [restartedMain] act.backend.service.MainConfig: [TMP] : [C:\Users\Mike\AppData\Local\Temp]
2021-02-07 12:52:41 [INFO ] [restartedMain] act.backend.service.MainConfig: [CommonProgramFiles(x86)] : [C:\Program Files (x86)\Common Files]
2021-02-07 12:52:41 [INFO ] [restartedMain] act.backend.service.MainConfig: [ProgramFiles] : [C:\Program Files]
2021-02-07 12:52:41 [INFO ] [restartedMain] act.backend.service.MainConfig: [PUBLIC] : [C:\Users\Public]
2021-02-07 12:52:41 [INFO ] [restartedMain] act.backend.service.MainConfig: [NUMBER_OF_PROCESSORS] : [4]
2021-02-07 12:52:41 [INFO ] [restartedMain] act.backend.service.MainConfig: [VS160COMCOMNTOOLS] : [C:\Program Files (x86)\Microsoft Visual Studio\2019\Community\Common7\Tools\]
2021-02-07 12:52:41 [INFO ] [restartedMain] act.backend.service.MainConfig: [windir] : [C:\WINDOWS]
2021-02-07 12:52:41 [INFO ] [restartedMain] act.backend.service.MainConfig: [=::] : [::\]
2021-02-07 12:52:41 [INFO ] [restartedMain] act.backend.service.MainConfig: [IDEA_INITIAL_DIRECTORY] : [F:\IntelliJ IDEA Community Edition 2020.3.1\bin]
2021-02-07 12:52:41 [INFO ] [restartedMain] act.backend.service.MainConfig: Injected CORS URL: [http://localhost:3000,http://bookly.url,http://localhost:19006]
2021-02-07 12:52:42 [INFO ] [restartedMain] ct.backend.service.HttpService: Injected CARLY URL: [N/A]
2021-02-07 12:52:42 [INFO ] [restartedMain] ct.backend.service.HttpService: Injected PARKLY URL: [N/A]
2021-02-07 12:52:42 [INFO ] [restartedMain] ct.backend.service.HttpService: Injected FLATLY URL: [N/A]
2021-02-07 12:52:42 [INFO ] [restartedMain] ct.backend.service.HttpService: Injected INTEGRATION URL: [http://this-is-the-way.eu-central-1.elasticbeanstalk.com]
2021-02-07 12:52:45 [INFO ] [restartedMain] ckend.SampleBackendApplication: Started SampleBackendApplication in 7.516 seconds (JVM running for 9.051)
2021-02-07 17:58:52 [INFO ] [restartedMain] ckend.SampleBackendApplication: Starting SampleBackendApplication on Cezarys-MacBook-Pro.local with PID 33043 (/Users/cezarybanach/Documents/mini/react/parkly/Parkly-React-App/backend/target/classes started by cezarybanach in /Users/cezarybanach/Documents/mini/react/parkly/Parkly-React-App/backend)
2021-02-07 17:58:52 [INFO ] [restartedMain] ckend.SampleBackendApplication: The following profiles are active: mysql-dev
2021-02-07 17:58:53 [INFO ] [restartedMain] act.backend.service.MainConfig: ************** Environment variables **************
2021-02-07 17:58:53 [INFO ] [restartedMain] act.backend.service.MainConfig: [PATH] : [/Users/cezarybanach/maven/bin:/Users/cezarybanach/maven/bin:/usr/local/bin:/usr/bin:/bin:/usr/sbin:/sbin:/Library/TeX/texbin:/Users/cezarybanach/.npm-global/bin:/Applications/Genymotion.app/Contents/MacOS/tools/:/Users/cezarybanach/Library/Python/2.7/bin]
2021-02-07 17:58:53 [INFO ] [restartedMain] act.backend.service.MainConfig: [JAVA_MAIN_CLASS_33043] : [pw.react.backend.SampleBackendApplication]
2021-02-07 17:58:53 [INFO ] [restartedMain] act.backend.service.MainConfig: [SHELL] : [/bin/zsh]
2021-02-07 17:58:53 [INFO ] [restartedMain] act.backend.service.MainConfig: [OLDPWD] : [/]
2021-02-07 17:58:53 [INFO ] [restartedMain] act.backend.service.MainConfig: [USER] : [cezarybanach]
2021-02-07 17:58:53 [INFO ] [restartedMain] act.backend.service.MainConfig: [TMPDIR] : [/var/folders/1n/cv398_dn22z792l6ld4z3y400000gn/T/]
2021-02-07 17:58:53 [INFO ] [restartedMain] act.backend.service.MainConfig: [SSH_AUTH_SOCK] : [/private/tmp/com.apple.launchd.qUf3KSu7Ni/Listeners]
2021-02-07 17:58:53 [INFO ] [restartedMain] act.backend.service.MainConfig: [XPC_FLAGS] : [0x0]
2021-02-07 17:58:53 [INFO ] [restartedMain] act.backend.service.MainConfig: [VERSIONER_PYTHON_VERSION] : [2.7]
2021-02-07 17:58:53 [INFO ] [restartedMain] act.backend.service.MainConfig: [__CF_USER_TEXT_ENCODING] : [0x1F5:0x0:0x0]
2021-02-07 17:58:53 [INFO ] [restartedMain] act.backend.service.MainConfig: [LOGNAME] : [cezarybanach]
2021-02-07 17:58:53 [INFO ] [restartedMain] act.backend.service.MainConfig: [LC_CTYPE] : [en_US.UTF-8]
2021-02-07 17:58:53 [INFO ] [restartedMain] act.backend.service.MainConfig: [PWD] : [/Users/cezarybanach/Documents/mini/react/parkly/Parkly-React-App/backend]
2021-02-07 17:58:53 [INFO ] [restartedMain] act.backend.service.MainConfig: [XPC_SERVICE_NAME] : [com.jetbrains.intellij.8584]
2021-02-07 17:58:53 [INFO ] [restartedMain] act.backend.service.MainConfig: [HOME] : [/Users/cezarybanach]
2021-02-07 17:58:53 [INFO ] [restartedMain] act.backend.service.MainConfig: Injected CORS URL: [http://localhost:3000,http://bookly.url,http://localhost:19006]
2021-02-07 17:58:53 [INFO ] [restartedMain] ct.backend.service.HttpService: Injected CARLY URL: [N/A]
2021-02-07 17:58:53 [INFO ] [restartedMain] ct.backend.service.HttpService: Injected PARKLY URL: [N/A]
2021-02-07 17:58:53 [INFO ] [restartedMain] ct.backend.service.HttpService: Injected FLATLY URL: [N/A]
2021-02-07 17:58:53 [INFO ] [restartedMain] ct.backend.service.HttpService: Injected INTEGRATION URL: [http://this-is-the-way.eu-central-1.elasticbeanstalk.com]
2021-02-07 17:58:54 [INFO ] [restartedMain] ckend.SampleBackendApplication: Started SampleBackendApplication in 2.605 seconds (JVM running for 3.241)
2021-02-07 18:06:26 [INFO ] [restartedMain] ckend.SampleBackendApplication: Starting SampleBackendApplication on Cezarys-MacBook-Pro.local with PID 33258 (/Users/cezarybanach/Documents/mini/react/parkly/Parkly-React-App/backend/target/classes started by cezarybanach in /Users/cezarybanach/Documents/mini/react/parkly/Parkly-React-App/backend)
2021-02-07 18:06:26 [INFO ] [restartedMain] ckend.SampleBackendApplication: The following profiles are active: mysql-dev
2021-02-07 18:07:54 [INFO ] [restartedMain] ckend.SampleBackendApplication: Starting SampleBackendApplication on Cezarys-MacBook-Pro.local with PID 33279 (/Users/cezarybanach/Documents/mini/react/parkly/Parkly-React-App/backend/target/classes started by cezarybanach in /Users/cezarybanach/Documents/mini/react/parkly/Parkly-React-App/backend)
2021-02-07 18:07:54 [INFO ] [restartedMain] ckend.SampleBackendApplication: The following profiles are active: mysql-dev
2021-02-07 18:07:55 [INFO ] [restartedMain] act.backend.service.MainConfig: ************** Environment variables **************
2021-02-07 18:07:55 [INFO ] [restartedMain] act.backend.service.MainConfig: [PATH] : [/Users/cezarybanach/maven/bin:/Users/cezarybanach/maven/bin:/usr/local/bin:/usr/bin:/bin:/usr/sbin:/sbin:/Library/TeX/texbin:/Users/cezarybanach/.npm-global/bin:/Applications/Genymotion.app/Contents/MacOS/tools/:/Users/cezarybanach/Library/Python/2.7/bin]
2021-02-07 18:07:55 [INFO ] [restartedMain] act.backend.service.MainConfig: [SHELL] : [/bin/zsh]
2021-02-07 18:07:55 [INFO ] [restartedMain] act.backend.service.MainConfig: [OLDPWD] : [/]
2021-02-07 18:07:55 [INFO ] [restartedMain] act.backend.service.MainConfig: [USER] : [cezarybanach]
2021-02-07 18:07:55 [INFO ] [restartedMain] act.backend.service.MainConfig: [TMPDIR] : [/var/folders/1n/cv398_dn22z792l6ld4z3y400000gn/T/]
2021-02-07 18:07:55 [INFO ] [restartedMain] act.backend.service.MainConfig: [SSH_AUTH_SOCK] : [/private/tmp/com.apple.launchd.qUf3KSu7Ni/Listeners]
2021-02-07 18:07:55 [INFO ] [restartedMain] act.backend.service.MainConfig: [XPC_FLAGS] : [0x0]
2021-02-07 18:07:55 [INFO ] [restartedMain] act.backend.service.MainConfig: [VERSIONER_PYTHON_VERSION] : [2.7]
2021-02-07 18:07:55 [INFO ] [restartedMain] act.backend.service.MainConfig: [__CF_USER_TEXT_ENCODING] : [0x1F5:0x0:0x0]
2021-02-07 18:07:55 [INFO ] [restartedMain] act.backend.service.MainConfig: [JAVA_MAIN_CLASS_33279] : [pw.react.backend.SampleBackendApplication]
2021-02-07 18:07:55 [INFO ] [restartedMain] act.backend.service.MainConfig: [LOGNAME] : [cezarybanach]
2021-02-07 18:07:55 [INFO ] [restartedMain] act.backend.service.MainConfig: [LC_CTYPE] : [en_US.UTF-8]
2021-02-07 18:07:55 [INFO ] [restartedMain] act.backend.service.MainConfig: [PWD] : [/Users/cezarybanach/Documents/mini/react/parkly/Parkly-React-App/backend]
2021-02-07 18:07:55 [INFO ] [restartedMain] act.backend.service.MainConfig: [XPC_SERVICE_NAME] : [com.jetbrains.intellij.8584]
2021-02-07 18:07:55 [INFO ] [restartedMain] act.backend.service.MainConfig: [HOME] : [/Users/cezarybanach]
2021-02-07 18:07:55 [INFO ] [restartedMain] act.backend.service.MainConfig: Injected CORS URL: [http://localhost:3000,http://bookly.url,http://localhost:19006]
2021-02-07 18:07:55 [INFO ] [restartedMain] ct.backend.service.HttpService: Injected CARLY URL: [N/A]
2021-02-07 18:07:55 [INFO ] [restartedMain] ct.backend.service.HttpService: Injected PARKLY URL: [N/A]
2021-02-07 18:07:55 [INFO ] [restartedMain] ct.backend.service.HttpService: Injected FLATLY URL: [N/A]
2021-02-07 18:07:55 [INFO ] [restartedMain] ct.backend.service.HttpService: Injected INTEGRATION URL: [http://this-is-the-way.eu-central-1.elasticbeanstalk.com]
2021-02-07 18:07:56 [INFO ] [restartedMain] ckend.SampleBackendApplication: Started SampleBackendApplication in 2.333 seconds (JVM running for 3.002)
2021-02-07 18:12:55 [INFO ] [restartedMain] ckend.SampleBackendApplication: Starting SampleBackendApplication on Cezarys-MacBook-Pro.local with PID 33350 (/Users/cezarybanach/Documents/mini/react/parkly/Parkly-React-App/backend/target/classes started by cezarybanach in /Users/cezarybanach/Documents/mini/react/parkly/Parkly-React-App/backend)
2021-02-07 18:12:55 [INFO ] [restartedMain] ckend.SampleBackendApplication: The following profiles are active: mysql-dev
2021-02-07 18:13:32 [INFO ] [restartedMain] ckend.SampleBackendApplication: Starting SampleBackendApplication on Cezarys-MacBook-Pro.local with PID 33371 (/Users/cezarybanach/Documents/mini/react/parkly/Parkly-React-App/backend/target/classes started by cezarybanach in /Users/cezarybanach/Documents/mini/react/parkly/Parkly-React-App/backend)
2021-02-07 18:13:32 [INFO ] [restartedMain] ckend.SampleBackendApplication: The following profiles are active: mysql-dev
2021-02-07 18:13:33 [INFO ] [restartedMain] act.backend.service.MainConfig: ************** Environment variables **************
2021-02-07 18:13:33 [INFO ] [restartedMain] act.backend.service.MainConfig: [JAVA_MAIN_CLASS_33371] : [pw.react.backend.SampleBackendApplication]
2021-02-07 18:13:33 [INFO ] [restartedMain] act.backend.service.MainConfig: [PATH] : [/Users/cezarybanach/maven/bin:/Users/cezarybanach/maven/bin:/usr/local/bin:/usr/bin:/bin:/usr/sbin:/sbin:/Library/TeX/texbin:/Users/cezarybanach/.npm-global/bin:/Applications/Genymotion.app/Contents/MacOS/tools/:/Users/cezarybanach/Library/Python/2.7/bin]
2021-02-07 18:13:33 [INFO ] [restartedMain] act.backend.service.MainConfig: [SHELL] : [/bin/zsh]
2021-02-07 18:13:33 [INFO ] [restartedMain] act.backend.service.MainConfig: [OLDPWD] : [/]
2021-02-07 18:13:33 [INFO ] [restartedMain] act.backend.service.MainConfig: [USER] : [cezarybanach]
2021-02-07 18:13:33 [INFO ] [restartedMain] act.backend.service.MainConfig: [TMPDIR] : [/var/folders/1n/cv398_dn22z792l6ld4z3y400000gn/T/]
2021-02-07 18:13:33 [INFO ] [restartedMain] act.backend.service.MainConfig: [SSH_AUTH_SOCK] : [/private/tmp/com.apple.launchd.qUf3KSu7Ni/Listeners]
2021-02-07 18:13:33 [INFO ] [restartedMain] act.backend.service.MainConfig: [XPC_FLAGS] : [0x0]
2021-02-07 18:13:33 [INFO ] [restartedMain] act.backend.service.MainConfig: [VERSIONER_PYTHON_VERSION] : [2.7]
2021-02-07 18:13:33 [INFO ] [restartedMain] act.backend.service.MainConfig: [__CF_USER_TEXT_ENCODING] : [0x1F5:0x0:0x0]
2021-02-07 18:13:33 [INFO ] [restartedMain] act.backend.service.MainConfig: [LOGNAME] : [cezarybanach]
2021-02-07 18:13:33 [INFO ] [restartedMain] act.backend.service.MainConfig: [LC_CTYPE] : [en_US.UTF-8]
2021-02-07 18:13:33 [INFO ] [restartedMain] act.backend.service.MainConfig: [PWD] : [/Users/cezarybanach/Documents/mini/react/parkly/Parkly-React-App/backend]
2021-02-07 18:13:33 [INFO ] [restartedMain] act.backend.service.MainConfig: [XPC_SERVICE_NAME] : [com.jetbrains.intellij.8584]
2021-02-07 18:13:33 [INFO ] [restartedMain] act.backend.service.MainConfig: [HOME] : [/Users/cezarybanach]
2021-02-07 18:13:33 [INFO ] [restartedMain] act.backend.service.MainConfig: Injected CORS URL: []
2021-02-07 18:13:33 [INFO ] [restartedMain] ct.backend.service.HttpService: Injected CARLY URL: [N/A]
2021-02-07 18:13:33 [INFO ] [restartedMain] ct.backend.service.HttpService: Injected PARKLY URL: [N/A]
2021-02-07 18:13:33 [INFO ] [restartedMain] ct.backend.service.HttpService: Injected FLATLY URL: [N/A]
2021-02-07 18:13:33 [INFO ] [restartedMain] ct.backend.service.HttpService: Injected INTEGRATION URL: [http://this-is-the-way.eu-central-1.elasticbeanstalk.com]
2021-02-07 18:13:34 [INFO ] [restartedMain] ckend.SampleBackendApplication: Started SampleBackendApplication in 2.578 seconds (JVM running for 3.201)
2021-02-07 18:15:26 [INFO ] [restartedMain] ckend.SampleBackendApplication: Starting SampleBackendApplication on Cezarys-MacBook-Pro.local with PID 33396 (/Users/cezarybanach/Documents/mini/react/parkly/Parkly-React-App/backend/target/classes started by cezarybanach in /Users/cezarybanach/Documents/mini/react/parkly/Parkly-React-App/backend)
2021-02-07 18:15:26 [INFO ] [restartedMain] ckend.SampleBackendApplication: The following profiles are active: mysql-dev
2021-02-07 18:15:28 [INFO ] [restartedMain] act.backend.service.MainConfig: ************** Environment variables **************
2021-02-07 18:15:28 [INFO ] [restartedMain] act.backend.service.MainConfig: [PATH] : [/Users/cezarybanach/maven/bin:/Users/cezarybanach/maven/bin:/usr/local/bin:/usr/bin:/bin:/usr/sbin:/sbin:/Library/TeX/texbin:/Users/cezarybanach/.npm-global/bin:/Applications/Genymotion.app/Contents/MacOS/tools/:/Users/cezarybanach/Library/Python/2.7/bin]
2021-02-07 18:15:28 [INFO ] [restartedMain] act.backend.service.MainConfig: [SHELL] : [/bin/zsh]
2021-02-07 18:15:28 [INFO ] [restartedMain] act.backend.service.MainConfig: [OLDPWD] : [/]
2021-02-07 18:15:28 [INFO ] [restartedMain] act.backend.service.MainConfig: [USER] : [cezarybanach]
2021-02-07 18:15:28 [INFO ] [restartedMain] act.backend.service.MainConfig: [TMPDIR] : [/var/folders/1n/cv398_dn22z792l6ld4z3y400000gn/T/]
2021-02-07 18:15:28 [INFO ] [restartedMain] act.backend.service.MainConfig: [SSH_AUTH_SOCK] : [/private/tmp/com.apple.launchd.qUf3KSu7Ni/Listeners]
2021-02-07 18:15:28 [INFO ] [restartedMain] act.backend.service.MainConfig: [XPC_FLAGS] : [0x0]
2021-02-07 18:15:28 [INFO ] [restartedMain] act.backend.service.MainConfig: [VERSIONER_PYTHON_VERSION] : [2.7]
2021-02-07 18:15:28 [INFO ] [restartedMain] act.backend.service.MainConfig: [__CF_USER_TEXT_ENCODING] : [0x1F5:0x0:0x0]
2021-02-07 18:15:28 [INFO ] [restartedMain] act.backend.service.MainConfig: [LOGNAME] : [cezarybanach]
2021-02-07 18:15:28 [INFO ] [restartedMain] act.backend.service.MainConfig: [LC_CTYPE] : [en_US.UTF-8]
2021-02-07 18:15:28 [INFO ] [restartedMain] act.backend.service.MainConfig: [PWD] : [/Users/cezarybanach/Documents/mini/react/parkly/Parkly-React-App/backend]
2021-02-07 18:15:28 [INFO ] [restartedMain] act.backend.service.MainConfig: [XPC_SERVICE_NAME] : [com.jetbrains.intellij.8584]
2021-02-07 18:15:28 [INFO ] [restartedMain] act.backend.service.MainConfig: [JAVA_MAIN_CLASS_33396] : [pw.react.backend.SampleBackendApplication]
2021-02-07 18:15:28 [INFO ] [restartedMain] act.backend.service.MainConfig: [HOME] : [/Users/cezarybanach]
2021-02-07 18:15:28 [INFO ] [restartedMain] act.backend.service.MainConfig: Injected CORS URL: []
2021-02-07 18:15:28 [INFO ] [restartedMain] ct.backend.service.HttpService: Injected CARLY URL: [N/A]
2021-02-07 18:15:28 [INFO ] [restartedMain] ct.backend.service.HttpService: Injected PARKLY URL: [N/A]
2021-02-07 18:15:28 [INFO ] [restartedMain] ct.backend.service.HttpService: Injected FLATLY URL: [N/A]
2021-02-07 18:15:28 [INFO ] [restartedMain] ct.backend.service.HttpService: Injected INTEGRATION URL: [http://this-is-the-way.eu-central-1.elasticbeanstalk.com]
2021-02-07 18:15:29 [INFO ] [restartedMain] ckend.SampleBackendApplication: Started SampleBackendApplication in 2.536 seconds (JVM running for 3.154)
