2021-01-30 00:32:33 [INFO ] [restartedMain] sPropertyDefaultsPostProcessor: Devtools property defaults active! Set 'spring.devtools.add-properties' to 'false' to disable
2021-01-30 00:32:33 [INFO ] [restartedMain] sPropertyDefaultsPostProcessor: For additional web related logging consider setting the 'logging.level.web' property to 'DEBUG'
2021-01-30 00:32:33 [INFO ] [restartedMain] epositoryConfigurationDelegate: Bootstrapping Spring Data JPA repositories in DEFERRED mode.
2021-01-30 00:32:33 [INFO ] [restartedMain] epositoryConfigurationDelegate: Finished Spring Data repository scanning in 53ms. Found 3 JPA repository interfaces.
2021-01-30 00:32:34 [INFO ] [restartedMain] mbedded.tomcat.TomcatWebServer: Tomcat initialized with port(s): 8080 (http)
2021-01-30 00:32:34 [INFO ] [restartedMain] letWebServerApplicationContext: Root WebApplicationContext: initialization completed in 1113 ms
2021-01-30 00:32:34 [WARN ] [restartedMain] letWebServerApplicationContext: Exception encountered during context initialization - cancelling refresh attempt: org.springframework.beans.factory.UnsatisfiedDependencyException: Error creating bean with name 'inMemoryDatabaseShutdownExecutor' defined in class path resource [org/springframework/boot/devtools/autoconfigure/DevToolsDataSourceAutoConfiguration.class]: Unsatisfied dependency expressed through method 'inMemoryDatabaseShutdownExecutor' parameter 0; nested exception is org.springframework.beans.factory.BeanCreationException: Error creating bean with name 'dataSource' defined in class path resource [org/springframework/boot/autoconfigure/jdbc/DataSourceConfiguration$Hikari.class]: Bean instantiation via factory method failed; nested exception is org.springframework.beans.BeanInstantiationException: Failed to instantiate [com.zaxxer.hikari.HikariDataSource]: Factory method 'dataSource' threw exception; nested exception is org.springframework.boot.autoconfigure.jdbc.DataSourceProperties$DataSourceBeanCreationException: Failed to determine a suitable driver class
2021-01-30 00:32:34 [INFO ] [restartedMain] valuationReportLoggingListener: 

Error starting ApplicationContext. To display the conditions report re-run your application with 'debug' enabled.
2021-01-30 00:32:34 [ERROR] [restartedMain] LoggingFailureAnalysisReporter: 

***************************
APPLICATION FAILED TO START
***************************

Description:

Failed to configure a DataSource: 'url' attribute is not specified and no embedded datasource could be configured.

Reason: Failed to determine a suitable driver class


Action:

Consider the following:
	If you want an embedded database (H2, HSQL or Derby), please put it on the classpath.
	If you have database settings to be loaded from a particular profile you may need to activate it (no profiles are currently active).

2021-01-30 00:33:39 [INFO ] [restartedMain] sPropertyDefaultsPostProcessor: Devtools property defaults active! Set 'spring.devtools.add-properties' to 'false' to disable
2021-01-30 00:33:39 [INFO ] [restartedMain] sPropertyDefaultsPostProcessor: For additional web related logging consider setting the 'logging.level.web' property to 'DEBUG'
2021-01-30 00:33:40 [INFO ] [restartedMain] epositoryConfigurationDelegate: Bootstrapping Spring Data JPA repositories in DEFERRED mode.
2021-01-30 00:33:40 [INFO ] [restartedMain] epositoryConfigurationDelegate: Finished Spring Data repository scanning in 42ms. Found 3 JPA repository interfaces.
2021-01-30 00:33:40 [INFO ] [restartedMain] mbedded.tomcat.TomcatWebServer: Tomcat initialized with port(s): 8080 (http)
2021-01-30 00:33:40 [INFO ] [restartedMain] letWebServerApplicationContext: Root WebApplicationContext: initialization completed in 873 ms
2021-01-30 00:33:40 [WARN ] [restartedMain] letWebServerApplicationContext: Exception encountered during context initialization - cancelling refresh attempt: org.springframework.beans.factory.UnsatisfiedDependencyException: Error creating bean with name 'inMemoryDatabaseShutdownExecutor' defined in class path resource [org/springframework/boot/devtools/autoconfigure/DevToolsDataSourceAutoConfiguration.class]: Unsatisfied dependency expressed through method 'inMemoryDatabaseShutdownExecutor' parameter 0; nested exception is org.springframework.beans.factory.BeanCreationException: Error creating bean with name 'dataSource' defined in class path resource [org/springframework/boot/autoconfigure/jdbc/DataSourceConfiguration$Hikari.class]: Bean instantiation via factory method failed; nested exception is org.springframework.beans.BeanInstantiationException: Failed to instantiate [com.zaxxer.hikari.HikariDataSource]: Factory method 'dataSource' threw exception; nested exception is org.springframework.boot.autoconfigure.jdbc.DataSourceProperties$DataSourceBeanCreationException: Failed to determine a suitable driver class
2021-01-30 00:33:40 [INFO ] [restartedMain] valuationReportLoggingListener: 

Error starting ApplicationContext. To display the conditions report re-run your application with 'debug' enabled.
2021-01-30 00:33:40 [ERROR] [restartedMain] LoggingFailureAnalysisReporter: 

***************************
APPLICATION FAILED TO START
***************************

Description:

Failed to configure a DataSource: 'url' attribute is not specified and no embedded datasource could be configured.

Reason: Failed to determine a suitable driver class


Action:

Consider the following:
	If you want an embedded database (H2, HSQL or Derby), please put it on the classpath.
	If you have database settings to be loaded from a particular profile you may need to activate it (no profiles are currently active).

2021-01-30 01:01:49 [INFO ] [restartedMain] sPropertyDefaultsPostProcessor: Devtools property defaults active! Set 'spring.devtools.add-properties' to 'false' to disable
2021-01-30 01:01:49 [INFO ] [restartedMain] sPropertyDefaultsPostProcessor: For additional web related logging consider setting the 'logging.level.web' property to 'DEBUG'
2021-01-30 01:01:50 [INFO ] [restartedMain] epositoryConfigurationDelegate: Bootstrapping Spring Data JPA repositories in DEFERRED mode.
2021-01-30 01:01:50 [INFO ] [restartedMain] epositoryConfigurationDelegate: Finished Spring Data repository scanning in 41ms. Found 3 JPA repository interfaces.
2021-01-30 01:01:50 [INFO ] [restartedMain] mbedded.tomcat.TomcatWebServer: Tomcat initialized with port(s): 8080 (http)
2021-01-30 01:01:50 [INFO ] [restartedMain] letWebServerApplicationContext: Root WebApplicationContext: initialization completed in 1015 ms
2021-01-30 01:01:51 [INFO ] [restartedMain] current.ThreadPoolTaskExecutor: Initializing ExecutorService 'applicationTaskExecutor'
2021-01-30 01:01:51 [WARN ] [restartedMain] figuration$JpaWebConfiguration: spring.jpa.open-in-view is enabled by default. Therefore, database queries may be performed during view rendering. Explicitly configure spring.jpa.open-in-view to disable this warning
2021-01-30 01:01:51 [INFO ] [restartedMain] igure.OptionalLiveReloadServer: LiveReload server is running on port 35729
2021-01-30 01:01:51 [INFO ] [restartedMain] oint.web.EndpointLinksResolver: Exposing 2 endpoint(s) beneath base path '/actuator'
2021-01-30 01:01:52 [INFO ] [task-1] tainerEntityManagerFactoryBean: Initialized JPA EntityManagerFactory for persistence unit 'default'
2021-01-30 01:01:52 [INFO ] [restartedMain] mbedded.tomcat.TomcatWebServer: Tomcat started on port(s): 8080 (http) with context path ''
2021-01-30 01:01:52 [INFO ] [restartedMain] positoryInitializationListener: Triggering deferred initialization of Spring Data repositories…
2021-01-30 01:01:52 [INFO ] [restartedMain] positoryInitializationListener: Spring Data repositories initialized!
2021-01-30 01:03:54 [INFO ] [restartedMain] sPropertyDefaultsPostProcessor: Devtools property defaults active! Set 'spring.devtools.add-properties' to 'false' to disable
2021-01-30 01:03:54 [INFO ] [restartedMain] sPropertyDefaultsPostProcessor: For additional web related logging consider setting the 'logging.level.web' property to 'DEBUG'
2021-01-30 01:03:54 [INFO ] [restartedMain] epositoryConfigurationDelegate: Bootstrapping Spring Data JPA repositories in DEFERRED mode.
2021-01-30 01:03:54 [INFO ] [restartedMain] epositoryConfigurationDelegate: Finished Spring Data repository scanning in 41ms. Found 3 JPA repository interfaces.
2021-01-30 01:03:54 [INFO ] [restartedMain] mbedded.tomcat.TomcatWebServer: Tomcat initialized with port(s): 8080 (http)
2021-01-30 01:03:54 [INFO ] [restartedMain] letWebServerApplicationContext: Root WebApplicationContext: initialization completed in 839 ms
2021-01-30 01:03:55 [INFO ] [restartedMain] current.ThreadPoolTaskExecutor: Initializing ExecutorService 'applicationTaskExecutor'
2021-01-30 01:03:55 [WARN ] [restartedMain] figuration$JpaWebConfiguration: spring.jpa.open-in-view is enabled by default. Therefore, database queries may be performed during view rendering. Explicitly configure spring.jpa.open-in-view to disable this warning
2021-01-30 01:03:55 [INFO ] [restartedMain] igure.OptionalLiveReloadServer: LiveReload server is running on port 35729
2021-01-30 01:03:55 [INFO ] [restartedMain] oint.web.EndpointLinksResolver: Exposing 2 endpoint(s) beneath base path '/actuator'
2021-01-30 01:03:55 [INFO ] [task-1] tainerEntityManagerFactoryBean: Initialized JPA EntityManagerFactory for persistence unit 'default'
2021-01-30 01:03:55 [INFO ] [restartedMain] mbedded.tomcat.TomcatWebServer: Tomcat started on port(s): 8080 (http) with context path ''
2021-01-30 01:03:55 [INFO ] [restartedMain] positoryInitializationListener: Triggering deferred initialization of Spring Data repositories…
2021-01-30 01:03:55 [INFO ] [restartedMain] positoryInitializationListener: Spring Data repositories initialized!
2021-01-30 01:03:56 [INFO ] [RMI TCP Connection(1)-127.0.0.1] .web.servlet.DispatcherServlet: Initializing Servlet 'dispatcherServlet'
2021-01-30 01:03:56 [INFO ] [RMI TCP Connection(1)-127.0.0.1] .web.servlet.DispatcherServlet: Completed initialization in 4 ms
2021-01-30 01:36:03 [INFO ] [SpringContextShutdownHook] tainerEntityManagerFactoryBean: Closing JPA EntityManagerFactory for persistence unit 'default'
2021-01-30 01:36:03 [INFO ] [SpringContextShutdownHook] current.ThreadPoolTaskExecutor: Shutting down ExecutorService 'applicationTaskExecutor'
2021-01-30 01:36:27 [INFO ] [restartedMain] sPropertyDefaultsPostProcessor: Devtools property defaults active! Set 'spring.devtools.add-properties' to 'false' to disable
2021-01-30 01:36:27 [INFO ] [restartedMain] sPropertyDefaultsPostProcessor: For additional web related logging consider setting the 'logging.level.web' property to 'DEBUG'
2021-01-30 01:36:28 [INFO ] [restartedMain] epositoryConfigurationDelegate: Bootstrapping Spring Data JPA repositories in DEFERRED mode.
2021-01-30 01:36:28 [INFO ] [restartedMain] epositoryConfigurationDelegate: Finished Spring Data repository scanning in 43ms. Found 3 JPA repository interfaces.
2021-01-30 01:36:28 [INFO ] [restartedMain] mbedded.tomcat.TomcatWebServer: Tomcat initialized with port(s): 8080 (http)
2021-01-30 01:36:28 [INFO ] [restartedMain] letWebServerApplicationContext: Root WebApplicationContext: initialization completed in 976 ms
2021-01-30 01:36:28 [INFO ] [restartedMain] current.ThreadPoolTaskExecutor: Initializing ExecutorService 'applicationTaskExecutor'
2021-01-30 01:36:28 [WARN ] [restartedMain] figuration$JpaWebConfiguration: spring.jpa.open-in-view is enabled by default. Therefore, database queries may be performed during view rendering. Explicitly configure spring.jpa.open-in-view to disable this warning
2021-01-30 01:36:29 [INFO ] [restartedMain] igure.OptionalLiveReloadServer: LiveReload server is running on port 35729
2021-01-30 01:36:29 [INFO ] [restartedMain] oint.web.EndpointLinksResolver: Exposing 2 endpoint(s) beneath base path '/actuator'
2021-01-30 01:36:29 [INFO ] [task-1] tainerEntityManagerFactoryBean: Initialized JPA EntityManagerFactory for persistence unit 'default'
2021-01-30 01:36:29 [INFO ] [restartedMain] mbedded.tomcat.TomcatWebServer: Tomcat started on port(s): 8080 (http) with context path ''
2021-01-30 01:36:29 [INFO ] [restartedMain] positoryInitializationListener: Triggering deferred initialization of Spring Data repositories…
2021-01-30 01:36:29 [INFO ] [restartedMain] positoryInitializationListener: Spring Data repositories initialized!
2021-01-30 01:36:29 [INFO ] [RMI TCP Connection(3)-127.0.0.1] .web.servlet.DispatcherServlet: Initializing Servlet 'dispatcherServlet'
2021-01-30 01:36:29 [INFO ] [RMI TCP Connection(3)-127.0.0.1] .web.servlet.DispatcherServlet: Completed initialization in 3 ms
2021-01-30 01:36:41 [ERROR] [http-nio-8080-exec-2] bind.annotation.RestController: Invalid Input Exception: not found
2021-01-30 01:36:41 [WARN ] [http-nio-8080-exec-2] eptionHandlerExceptionResolver: Resolved [pw.react.backend.appException.ResourceNotFoundException: not found]
2021-01-30 01:43:04 [INFO ] [SpringContextShutdownHook] tainerEntityManagerFactoryBean: Closing JPA EntityManagerFactory for persistence unit 'default'
2021-01-30 01:43:04 [INFO ] [SpringContextShutdownHook] current.ThreadPoolTaskExecutor: Shutting down ExecutorService 'applicationTaskExecutor'
2021-01-30 01:43:51 [INFO ] [restartedMain] sPropertyDefaultsPostProcessor: Devtools property defaults active! Set 'spring.devtools.add-properties' to 'false' to disable
2021-01-30 01:43:51 [INFO ] [restartedMain] sPropertyDefaultsPostProcessor: For additional web related logging consider setting the 'logging.level.web' property to 'DEBUG'
2021-01-30 01:43:51 [INFO ] [restartedMain] epositoryConfigurationDelegate: Bootstrapping Spring Data JPA repositories in DEFERRED mode.
2021-01-30 01:43:51 [INFO ] [restartedMain] epositoryConfigurationDelegate: Finished Spring Data repository scanning in 40ms. Found 3 JPA repository interfaces.
2021-01-30 01:43:52 [INFO ] [restartedMain] mbedded.tomcat.TomcatWebServer: Tomcat initialized with port(s): 8080 (http)
2021-01-30 01:43:52 [INFO ] [restartedMain] letWebServerApplicationContext: Root WebApplicationContext: initialization completed in 824 ms
2021-01-30 01:43:52 [INFO ] [restartedMain] current.ThreadPoolTaskExecutor: Initializing ExecutorService 'applicationTaskExecutor'
2021-01-30 01:43:52 [WARN ] [restartedMain] figuration$JpaWebConfiguration: spring.jpa.open-in-view is enabled by default. Therefore, database queries may be performed during view rendering. Explicitly configure spring.jpa.open-in-view to disable this warning
2021-01-30 01:43:52 [INFO ] [restartedMain] igure.OptionalLiveReloadServer: LiveReload server is running on port 35729
2021-01-30 01:43:52 [INFO ] [restartedMain] oint.web.EndpointLinksResolver: Exposing 2 endpoint(s) beneath base path '/actuator'
2021-01-30 01:43:52 [INFO ] [task-1] tainerEntityManagerFactoryBean: Initialized JPA EntityManagerFactory for persistence unit 'default'
2021-01-30 01:43:52 [INFO ] [restartedMain] mbedded.tomcat.TomcatWebServer: Tomcat started on port(s): 8080 (http) with context path ''
2021-01-30 01:43:52 [INFO ] [restartedMain] positoryInitializationListener: Triggering deferred initialization of Spring Data repositories…
2021-01-30 01:43:52 [INFO ] [restartedMain] positoryInitializationListener: Spring Data repositories initialized!
2021-01-30 01:43:53 [INFO ] [RMI TCP Connection(3)-127.0.0.1] .web.servlet.DispatcherServlet: Initializing Servlet 'dispatcherServlet'
2021-01-30 01:43:53 [INFO ] [RMI TCP Connection(3)-127.0.0.1] .web.servlet.DispatcherServlet: Completed initialization in 5 ms
2021-01-30 01:44:23 [INFO ] [SpringContextShutdownHook] tainerEntityManagerFactoryBean: Closing JPA EntityManagerFactory for persistence unit 'default'
2021-01-30 01:44:23 [INFO ] [SpringContextShutdownHook] current.ThreadPoolTaskExecutor: Shutting down ExecutorService 'applicationTaskExecutor'
2021-01-30 01:44:25 [INFO ] [restartedMain] sPropertyDefaultsPostProcessor: Devtools property defaults active! Set 'spring.devtools.add-properties' to 'false' to disable
2021-01-30 01:44:25 [INFO ] [restartedMain] sPropertyDefaultsPostProcessor: For additional web related logging consider setting the 'logging.level.web' property to 'DEBUG'
2021-01-30 01:44:25 [INFO ] [restartedMain] epositoryConfigurationDelegate: Bootstrapping Spring Data JPA repositories in DEFERRED mode.
2021-01-30 01:44:25 [INFO ] [restartedMain] epositoryConfigurationDelegate: Finished Spring Data repository scanning in 43ms. Found 3 JPA repository interfaces.
2021-01-30 01:44:25 [INFO ] [restartedMain] mbedded.tomcat.TomcatWebServer: Tomcat initialized with port(s): 8080 (http)
2021-01-30 01:44:26 [INFO ] [restartedMain] letWebServerApplicationContext: Root WebApplicationContext: initialization completed in 972 ms
2021-01-30 01:44:26 [INFO ] [restartedMain] current.ThreadPoolTaskExecutor: Initializing ExecutorService 'applicationTaskExecutor'
2021-01-30 01:44:26 [WARN ] [restartedMain] figuration$JpaWebConfiguration: spring.jpa.open-in-view is enabled by default. Therefore, database queries may be performed during view rendering. Explicitly configure spring.jpa.open-in-view to disable this warning
2021-01-30 01:44:26 [INFO ] [restartedMain] igure.OptionalLiveReloadServer: LiveReload server is running on port 35729
2021-01-30 01:44:26 [INFO ] [restartedMain] oint.web.EndpointLinksResolver: Exposing 2 endpoint(s) beneath base path '/actuator'
2021-01-30 01:44:26 [INFO ] [task-1] tainerEntityManagerFactoryBean: Initialized JPA EntityManagerFactory for persistence unit 'default'
2021-01-30 01:44:26 [INFO ] [restartedMain] mbedded.tomcat.TomcatWebServer: Tomcat started on port(s): 8080 (http) with context path ''
2021-01-30 01:44:26 [INFO ] [restartedMain] positoryInitializationListener: Triggering deferred initialization of Spring Data repositories…
2021-01-30 01:44:27 [INFO ] [restartedMain] positoryInitializationListener: Spring Data repositories initialized!
2021-01-30 01:44:27 [INFO ] [RMI TCP Connection(2)-127.0.0.1] .web.servlet.DispatcherServlet: Initializing Servlet 'dispatcherServlet'
2021-01-30 01:44:27 [INFO ] [RMI TCP Connection(2)-127.0.0.1] .web.servlet.DispatcherServlet: Completed initialization in 4 ms
2021-01-30 01:49:06 [INFO ] [SpringContextShutdownHook] tainerEntityManagerFactoryBean: Closing JPA EntityManagerFactory for persistence unit 'default'
2021-01-30 01:49:06 [INFO ] [SpringContextShutdownHook] current.ThreadPoolTaskExecutor: Shutting down ExecutorService 'applicationTaskExecutor'
2021-01-30 01:50:15 [INFO ] [restartedMain] sPropertyDefaultsPostProcessor: Devtools property defaults active! Set 'spring.devtools.add-properties' to 'false' to disable
2021-01-30 01:50:15 [INFO ] [restartedMain] sPropertyDefaultsPostProcessor: For additional web related logging consider setting the 'logging.level.web' property to 'DEBUG'
2021-01-30 01:50:15 [INFO ] [restartedMain] epositoryConfigurationDelegate: Bootstrapping Spring Data JPA repositories in DEFERRED mode.
2021-01-30 01:50:15 [INFO ] [restartedMain] epositoryConfigurationDelegate: Finished Spring Data repository scanning in 40ms. Found 3 JPA repository interfaces.
2021-01-30 01:50:16 [INFO ] [restartedMain] mbedded.tomcat.TomcatWebServer: Tomcat initialized with port(s): 8080 (http)
2021-01-30 01:50:16 [INFO ] [restartedMain] letWebServerApplicationContext: Root WebApplicationContext: initialization completed in 982 ms
2021-01-30 01:50:16 [INFO ] [restartedMain] current.ThreadPoolTaskExecutor: Initializing ExecutorService 'applicationTaskExecutor'
2021-01-30 01:50:16 [WARN ] [restartedMain] figuration$JpaWebConfiguration: spring.jpa.open-in-view is enabled by default. Therefore, database queries may be performed during view rendering. Explicitly configure spring.jpa.open-in-view to disable this warning
2021-01-30 01:50:16 [INFO ] [restartedMain] igure.OptionalLiveReloadServer: LiveReload server is running on port 35729
2021-01-30 01:50:16 [INFO ] [restartedMain] oint.web.EndpointLinksResolver: Exposing 2 endpoint(s) beneath base path '/actuator'
2021-01-30 01:50:16 [INFO ] [task-1] tainerEntityManagerFactoryBean: Initialized JPA EntityManagerFactory for persistence unit 'default'
2021-01-30 01:50:16 [INFO ] [restartedMain] mbedded.tomcat.TomcatWebServer: Tomcat started on port(s): 8080 (http) with context path ''
2021-01-30 01:50:16 [INFO ] [restartedMain] positoryInitializationListener: Triggering deferred initialization of Spring Data repositories…
2021-01-30 01:50:17 [INFO ] [restartedMain] positoryInitializationListener: Spring Data repositories initialized!
2021-01-30 01:50:17 [INFO ] [RMI TCP Connection(3)-127.0.0.1] .web.servlet.DispatcherServlet: Initializing Servlet 'dispatcherServlet'
2021-01-30 01:50:17 [INFO ] [RMI TCP Connection(3)-127.0.0.1] .web.servlet.DispatcherServlet: Completed initialization in 4 ms
2021-01-30 01:54:11 [INFO ] [SpringContextShutdownHook] tainerEntityManagerFactoryBean: Closing JPA EntityManagerFactory for persistence unit 'default'
2021-01-30 01:54:11 [INFO ] [SpringContextShutdownHook] current.ThreadPoolTaskExecutor: Shutting down ExecutorService 'applicationTaskExecutor'
2021-01-30 01:54:35 [INFO ] [restartedMain] sPropertyDefaultsPostProcessor: Devtools property defaults active! Set 'spring.devtools.add-properties' to 'false' to disable
2021-01-30 01:54:35 [INFO ] [restartedMain] sPropertyDefaultsPostProcessor: For additional web related logging consider setting the 'logging.level.web' property to 'DEBUG'
2021-01-30 01:54:36 [INFO ] [restartedMain] epositoryConfigurationDelegate: Bootstrapping Spring Data JPA repositories in DEFERRED mode.
2021-01-30 01:54:36 [INFO ] [restartedMain] epositoryConfigurationDelegate: Finished Spring Data repository scanning in 37ms. Found 3 JPA repository interfaces.
2021-01-30 01:54:36 [INFO ] [restartedMain] mbedded.tomcat.TomcatWebServer: Tomcat initialized with port(s): 8080 (http)
2021-01-30 01:54:36 [INFO ] [restartedMain] letWebServerApplicationContext: Root WebApplicationContext: initialization completed in 957 ms
2021-01-30 01:54:36 [INFO ] [restartedMain] current.ThreadPoolTaskExecutor: Initializing ExecutorService 'applicationTaskExecutor'
2021-01-30 01:54:36 [WARN ] [restartedMain] figuration$JpaWebConfiguration: spring.jpa.open-in-view is enabled by default. Therefore, database queries may be performed during view rendering. Explicitly configure spring.jpa.open-in-view to disable this warning
2021-01-30 01:54:37 [INFO ] [restartedMain] igure.OptionalLiveReloadServer: LiveReload server is running on port 35729
2021-01-30 01:54:37 [INFO ] [restartedMain] oint.web.EndpointLinksResolver: Exposing 2 endpoint(s) beneath base path '/actuator'
2021-01-30 01:54:37 [INFO ] [task-1] tainerEntityManagerFactoryBean: Initialized JPA EntityManagerFactory for persistence unit 'default'
2021-01-30 01:54:37 [INFO ] [restartedMain] mbedded.tomcat.TomcatWebServer: Tomcat started on port(s): 8080 (http) with context path ''
2021-01-30 01:54:37 [INFO ] [restartedMain] positoryInitializationListener: Triggering deferred initialization of Spring Data repositories…
2021-01-30 01:54:37 [INFO ] [restartedMain] positoryInitializationListener: Spring Data repositories initialized!
2021-01-30 01:54:37 [INFO ] [RMI TCP Connection(5)-192.168.0.115] .web.servlet.DispatcherServlet: Initializing Servlet 'dispatcherServlet'
2021-01-30 01:54:37 [INFO ] [RMI TCP Connection(5)-192.168.0.115] .web.servlet.DispatcherServlet: Completed initialization in 5 ms
2021-01-30 01:56:18 [INFO ] [SpringContextShutdownHook] tainerEntityManagerFactoryBean: Closing JPA EntityManagerFactory for persistence unit 'default'
2021-01-30 01:56:18 [INFO ] [SpringContextShutdownHook] current.ThreadPoolTaskExecutor: Shutting down ExecutorService 'applicationTaskExecutor'
2021-01-30 01:58:46 [INFO ] [restartedMain] sPropertyDefaultsPostProcessor: Devtools property defaults active! Set 'spring.devtools.add-properties' to 'false' to disable
2021-01-30 01:58:46 [INFO ] [restartedMain] sPropertyDefaultsPostProcessor: For additional web related logging consider setting the 'logging.level.web' property to 'DEBUG'
2021-01-30 01:58:46 [INFO ] [restartedMain] epositoryConfigurationDelegate: Bootstrapping Spring Data JPA repositories in DEFERRED mode.
2021-01-30 01:58:46 [INFO ] [restartedMain] epositoryConfigurationDelegate: Finished Spring Data repository scanning in 39ms. Found 3 JPA repository interfaces.
2021-01-30 01:58:47 [INFO ] [restartedMain] mbedded.tomcat.TomcatWebServer: Tomcat initialized with port(s): 8080 (http)
2021-01-30 01:58:47 [INFO ] [restartedMain] letWebServerApplicationContext: Root WebApplicationContext: initialization completed in 844 ms
2021-01-30 01:58:47 [INFO ] [restartedMain] current.ThreadPoolTaskExecutor: Initializing ExecutorService 'applicationTaskExecutor'
2021-01-30 01:58:47 [WARN ] [restartedMain] figuration$JpaWebConfiguration: spring.jpa.open-in-view is enabled by default. Therefore, database queries may be performed during view rendering. Explicitly configure spring.jpa.open-in-view to disable this warning
2021-01-30 01:58:47 [INFO ] [restartedMain] igure.OptionalLiveReloadServer: LiveReload server is running on port 35729
2021-01-30 01:58:47 [INFO ] [restartedMain] oint.web.EndpointLinksResolver: Exposing 2 endpoint(s) beneath base path '/actuator'
2021-01-30 01:58:47 [INFO ] [task-1] tainerEntityManagerFactoryBean: Initialized JPA EntityManagerFactory for persistence unit 'default'
2021-01-30 01:58:47 [INFO ] [restartedMain] mbedded.tomcat.TomcatWebServer: Tomcat started on port(s): 8080 (http) with context path ''
2021-01-30 01:58:47 [INFO ] [restartedMain] positoryInitializationListener: Triggering deferred initialization of Spring Data repositories…
2021-01-30 01:58:48 [INFO ] [restartedMain] positoryInitializationListener: Spring Data repositories initialized!
2021-01-30 01:58:48 [INFO ] [RMI TCP Connection(5)-127.0.0.1] .web.servlet.DispatcherServlet: Initializing Servlet 'dispatcherServlet'
2021-01-30 01:58:48 [INFO ] [RMI TCP Connection(5)-127.0.0.1] .web.servlet.DispatcherServlet: Completed initialization in 3 ms
2021-01-30 01:59:07 [INFO ] [SpringContextShutdownHook] tainerEntityManagerFactoryBean: Closing JPA EntityManagerFactory for persistence unit 'default'
2021-01-30 01:59:07 [INFO ] [SpringContextShutdownHook] current.ThreadPoolTaskExecutor: Shutting down ExecutorService 'applicationTaskExecutor'
2021-01-30 01:59:10 [INFO ] [restartedMain] sPropertyDefaultsPostProcessor: Devtools property defaults active! Set 'spring.devtools.add-properties' to 'false' to disable
2021-01-30 01:59:10 [INFO ] [restartedMain] sPropertyDefaultsPostProcessor: For additional web related logging consider setting the 'logging.level.web' property to 'DEBUG'
2021-01-30 01:59:10 [INFO ] [restartedMain] epositoryConfigurationDelegate: Bootstrapping Spring Data JPA repositories in DEFERRED mode.
2021-01-30 01:59:10 [INFO ] [restartedMain] epositoryConfigurationDelegate: Finished Spring Data repository scanning in 45ms. Found 3 JPA repository interfaces.
2021-01-30 01:59:11 [INFO ] [restartedMain] mbedded.tomcat.TomcatWebServer: Tomcat initialized with port(s): 8080 (http)
2021-01-30 01:59:11 [INFO ] [restartedMain] letWebServerApplicationContext: Root WebApplicationContext: initialization completed in 912 ms
2021-01-30 01:59:11 [INFO ] [restartedMain] current.ThreadPoolTaskExecutor: Initializing ExecutorService 'applicationTaskExecutor'
2021-01-30 01:59:11 [WARN ] [restartedMain] figuration$JpaWebConfiguration: spring.jpa.open-in-view is enabled by default. Therefore, database queries may be performed during view rendering. Explicitly configure spring.jpa.open-in-view to disable this warning
2021-01-30 01:59:11 [INFO ] [restartedMain] igure.OptionalLiveReloadServer: LiveReload server is running on port 35729
2021-01-30 01:59:11 [INFO ] [restartedMain] oint.web.EndpointLinksResolver: Exposing 2 endpoint(s) beneath base path '/actuator'
2021-01-30 01:59:11 [INFO ] [task-1] tainerEntityManagerFactoryBean: Initialized JPA EntityManagerFactory for persistence unit 'default'
2021-01-30 01:59:11 [INFO ] [restartedMain] mbedded.tomcat.TomcatWebServer: Tomcat started on port(s): 8080 (http) with context path ''
2021-01-30 01:59:11 [INFO ] [restartedMain] positoryInitializationListener: Triggering deferred initialization of Spring Data repositories…
2021-01-30 01:59:12 [INFO ] [restartedMain] positoryInitializationListener: Spring Data repositories initialized!
2021-01-30 01:59:12 [INFO ] [RMI TCP Connection(2)-127.0.0.1] .web.servlet.DispatcherServlet: Initializing Servlet 'dispatcherServlet'
2021-01-30 01:59:12 [INFO ] [RMI TCP Connection(2)-127.0.0.1] .web.servlet.DispatcherServlet: Completed initialization in 4 ms
2021-01-30 02:01:10 [INFO ] [SpringContextShutdownHook] tainerEntityManagerFactoryBean: Closing JPA EntityManagerFactory for persistence unit 'default'
2021-01-30 02:01:10 [INFO ] [SpringContextShutdownHook] current.ThreadPoolTaskExecutor: Shutting down ExecutorService 'applicationTaskExecutor'
2021-01-30 02:01:45 [INFO ] [restartedMain] sPropertyDefaultsPostProcessor: Devtools property defaults active! Set 'spring.devtools.add-properties' to 'false' to disable
2021-01-30 02:01:45 [INFO ] [restartedMain] sPropertyDefaultsPostProcessor: For additional web related logging consider setting the 'logging.level.web' property to 'DEBUG'
2021-01-30 02:01:45 [INFO ] [restartedMain] epositoryConfigurationDelegate: Bootstrapping Spring Data JPA repositories in DEFERRED mode.
2021-01-30 02:01:45 [INFO ] [restartedMain] epositoryConfigurationDelegate: Finished Spring Data repository scanning in 49ms. Found 3 JPA repository interfaces.
2021-01-30 02:01:45 [INFO ] [restartedMain] mbedded.tomcat.TomcatWebServer: Tomcat initialized with port(s): 8080 (http)
2021-01-30 02:01:46 [INFO ] [restartedMain] letWebServerApplicationContext: Root WebApplicationContext: initialization completed in 956 ms
2021-01-30 02:01:46 [INFO ] [restartedMain] current.ThreadPoolTaskExecutor: Initializing ExecutorService 'applicationTaskExecutor'
2021-01-30 02:01:46 [WARN ] [restartedMain] figuration$JpaWebConfiguration: spring.jpa.open-in-view is enabled by default. Therefore, database queries may be performed during view rendering. Explicitly configure spring.jpa.open-in-view to disable this warning
2021-01-30 02:01:46 [INFO ] [restartedMain] igure.OptionalLiveReloadServer: LiveReload server is running on port 35729
2021-01-30 02:01:46 [INFO ] [restartedMain] oint.web.EndpointLinksResolver: Exposing 2 endpoint(s) beneath base path '/actuator'
2021-01-30 02:01:46 [INFO ] [task-1] tainerEntityManagerFactoryBean: Initialized JPA EntityManagerFactory for persistence unit 'default'
2021-01-30 02:01:46 [INFO ] [restartedMain] mbedded.tomcat.TomcatWebServer: Tomcat started on port(s): 8080 (http) with context path ''
2021-01-30 02:01:46 [INFO ] [restartedMain] positoryInitializationListener: Triggering deferred initialization of Spring Data repositories…
2021-01-30 02:01:47 [INFO ] [restartedMain] positoryInitializationListener: Spring Data repositories initialized!
2021-01-30 02:01:47 [INFO ] [RMI TCP Connection(1)-127.0.0.1] .web.servlet.DispatcherServlet: Initializing Servlet 'dispatcherServlet'
2021-01-30 02:01:47 [INFO ] [RMI TCP Connection(1)-127.0.0.1] .web.servlet.DispatcherServlet: Completed initialization in 3 ms
2021-01-30 02:43:03 [INFO ] [SpringContextShutdownHook] tainerEntityManagerFactoryBean: Closing JPA EntityManagerFactory for persistence unit 'default'
2021-01-30 02:43:03 [INFO ] [SpringContextShutdownHook] current.ThreadPoolTaskExecutor: Shutting down ExecutorService 'applicationTaskExecutor'
2021-01-30 02:43:10 [INFO ] [restartedMain] sPropertyDefaultsPostProcessor: Devtools property defaults active! Set 'spring.devtools.add-properties' to 'false' to disable
2021-01-30 02:43:10 [INFO ] [restartedMain] sPropertyDefaultsPostProcessor: For additional web related logging consider setting the 'logging.level.web' property to 'DEBUG'
2021-01-30 02:43:10 [INFO ] [restartedMain] epositoryConfigurationDelegate: Bootstrapping Spring Data JPA repositories in DEFERRED mode.
2021-01-30 02:43:10 [INFO ] [restartedMain] epositoryConfigurationDelegate: Finished Spring Data repository scanning in 41ms. Found 3 JPA repository interfaces.
2021-01-30 02:43:11 [INFO ] [restartedMain] mbedded.tomcat.TomcatWebServer: Tomcat initialized with port(s): 8080 (http)
2021-01-30 02:43:11 [INFO ] [restartedMain] letWebServerApplicationContext: Root WebApplicationContext: initialization completed in 981 ms
2021-01-30 02:43:11 [INFO ] [restartedMain] current.ThreadPoolTaskExecutor: Initializing ExecutorService 'applicationTaskExecutor'
2021-01-30 02:43:11 [WARN ] [restartedMain] figuration$JpaWebConfiguration: spring.jpa.open-in-view is enabled by default. Therefore, database queries may be performed during view rendering. Explicitly configure spring.jpa.open-in-view to disable this warning
2021-01-30 02:43:11 [INFO ] [restartedMain] igure.OptionalLiveReloadServer: LiveReload server is running on port 35729
2021-01-30 02:43:11 [INFO ] [restartedMain] oint.web.EndpointLinksResolver: Exposing 2 endpoint(s) beneath base path '/actuator'
2021-01-30 02:43:12 [INFO ] [task-1] tainerEntityManagerFactoryBean: Initialized JPA EntityManagerFactory for persistence unit 'default'
2021-01-30 02:43:12 [INFO ] [restartedMain] mbedded.tomcat.TomcatWebServer: Tomcat started on port(s): 8080 (http) with context path ''
2021-01-30 02:43:12 [INFO ] [restartedMain] positoryInitializationListener: Triggering deferred initialization of Spring Data repositories…
2021-01-30 02:43:12 [INFO ] [restartedMain] positoryInitializationListener: Spring Data repositories initialized!
2021-01-30 02:43:12 [INFO ] [RMI TCP Connection(5)-127.0.0.1] .web.servlet.DispatcherServlet: Initializing Servlet 'dispatcherServlet'
2021-01-30 02:43:12 [INFO ] [RMI TCP Connection(5)-127.0.0.1] .web.servlet.DispatcherServlet: Completed initialization in 5 ms
2021-01-30 02:43:48 [WARN ] [http-nio-8080-exec-9] efaultHandlerExceptionResolver: Resolved [org.springframework.web.method.annotation.MethodArgumentTypeMismatchException: Failed to convert value of type 'java.lang.String' to required type 'java.lang.Boolean'; nested exception is java.lang.IllegalArgumentException: Invalid boolean value [null]]
2021-01-30 02:44:51 [INFO ] [SpringContextShutdownHook] tainerEntityManagerFactoryBean: Closing JPA EntityManagerFactory for persistence unit 'default'
2021-01-30 02:44:51 [INFO ] [SpringContextShutdownHook] current.ThreadPoolTaskExecutor: Shutting down ExecutorService 'applicationTaskExecutor'
2021-01-30 02:44:54 [INFO ] [restartedMain] sPropertyDefaultsPostProcessor: Devtools property defaults active! Set 'spring.devtools.add-properties' to 'false' to disable
2021-01-30 02:44:54 [INFO ] [restartedMain] sPropertyDefaultsPostProcessor: For additional web related logging consider setting the 'logging.level.web' property to 'DEBUG'
2021-01-30 02:44:54 [INFO ] [restartedMain] epositoryConfigurationDelegate: Bootstrapping Spring Data JPA repositories in DEFERRED mode.
2021-01-30 02:44:54 [INFO ] [restartedMain] epositoryConfigurationDelegate: Finished Spring Data repository scanning in 44ms. Found 3 JPA repository interfaces.
2021-01-30 02:44:55 [INFO ] [restartedMain] mbedded.tomcat.TomcatWebServer: Tomcat initialized with port(s): 8080 (http)
2021-01-30 02:44:55 [INFO ] [restartedMain] letWebServerApplicationContext: Root WebApplicationContext: initialization completed in 934 ms
2021-01-30 02:44:55 [INFO ] [restartedMain] current.ThreadPoolTaskExecutor: Initializing ExecutorService 'applicationTaskExecutor'
2021-01-30 02:44:55 [WARN ] [restartedMain] figuration$JpaWebConfiguration: spring.jpa.open-in-view is enabled by default. Therefore, database queries may be performed during view rendering. Explicitly configure spring.jpa.open-in-view to disable this warning
2021-01-30 02:44:55 [INFO ] [restartedMain] igure.OptionalLiveReloadServer: LiveReload server is running on port 35729
2021-01-30 02:44:55 [INFO ] [restartedMain] oint.web.EndpointLinksResolver: Exposing 2 endpoint(s) beneath base path '/actuator'
2021-01-30 02:44:55 [INFO ] [task-1] tainerEntityManagerFactoryBean: Initialized JPA EntityManagerFactory for persistence unit 'default'
2021-01-30 02:44:55 [INFO ] [restartedMain] mbedded.tomcat.TomcatWebServer: Tomcat started on port(s): 8080 (http) with context path ''
2021-01-30 02:44:55 [INFO ] [restartedMain] positoryInitializationListener: Triggering deferred initialization of Spring Data repositories…
2021-01-30 02:44:56 [INFO ] [restartedMain] positoryInitializationListener: Spring Data repositories initialized!
2021-01-30 02:44:56 [INFO ] [RMI TCP Connection(1)-127.0.0.1] .web.servlet.DispatcherServlet: Initializing Servlet 'dispatcherServlet'
2021-01-30 02:44:56 [INFO ] [RMI TCP Connection(1)-127.0.0.1] .web.servlet.DispatcherServlet: Completed initialization in 4 ms
2021-01-30 02:44:57 [WARN ] [http-nio-8080-exec-1] efaultHandlerExceptionResolver: Resolved [org.springframework.http.converter.HttpMessageNotWritableException: No converter found for return value of type: class pw.react.backend.utils.PagedResponse]
2021-01-30 02:44:58 [WARN ] [http-nio-8080-exec-4] efaultHandlerExceptionResolver: Resolved [org.springframework.http.converter.HttpMessageNotWritableException: No converter found for return value of type: class pw.react.backend.utils.PagedResponse]
2021-01-30 02:45:21 [WARN ] [http-nio-8080-exec-6] efaultHandlerExceptionResolver: Resolved [org.springframework.http.converter.HttpMessageNotWritableException: No converter found for return value of type: class pw.react.backend.utils.PagedResponse]
2021-01-30 02:45:23 [INFO ] [SpringContextShutdownHook] tainerEntityManagerFactoryBean: Closing JPA EntityManagerFactory for persistence unit 'default'
2021-01-30 02:45:23 [INFO ] [SpringContextShutdownHook] current.ThreadPoolTaskExecutor: Shutting down ExecutorService 'applicationTaskExecutor'
2021-01-30 02:45:26 [INFO ] [restartedMain] sPropertyDefaultsPostProcessor: Devtools property defaults active! Set 'spring.devtools.add-properties' to 'false' to disable
2021-01-30 02:45:26 [INFO ] [restartedMain] sPropertyDefaultsPostProcessor: For additional web related logging consider setting the 'logging.level.web' property to 'DEBUG'
2021-01-30 02:45:26 [INFO ] [restartedMain] epositoryConfigurationDelegate: Bootstrapping Spring Data JPA repositories in DEFERRED mode.
2021-01-30 02:45:26 [INFO ] [restartedMain] epositoryConfigurationDelegate: Finished Spring Data repository scanning in 37ms. Found 3 JPA repository interfaces.
2021-01-30 02:45:27 [INFO ] [restartedMain] mbedded.tomcat.TomcatWebServer: Tomcat initialized with port(s): 8080 (http)
2021-01-30 02:45:27 [INFO ] [restartedMain] letWebServerApplicationContext: Root WebApplicationContext: initialization completed in 937 ms
2021-01-30 02:45:27 [INFO ] [restartedMain] current.ThreadPoolTaskExecutor: Initializing ExecutorService 'applicationTaskExecutor'
2021-01-30 02:45:27 [WARN ] [restartedMain] figuration$JpaWebConfiguration: spring.jpa.open-in-view is enabled by default. Therefore, database queries may be performed during view rendering. Explicitly configure spring.jpa.open-in-view to disable this warning
2021-01-30 02:45:27 [INFO ] [restartedMain] igure.OptionalLiveReloadServer: LiveReload server is running on port 35729
2021-01-30 02:45:27 [INFO ] [restartedMain] oint.web.EndpointLinksResolver: Exposing 2 endpoint(s) beneath base path '/actuator'
2021-01-30 02:45:28 [INFO ] [task-1] tainerEntityManagerFactoryBean: Initialized JPA EntityManagerFactory for persistence unit 'default'
2021-01-30 02:45:28 [INFO ] [restartedMain] mbedded.tomcat.TomcatWebServer: Tomcat started on port(s): 8080 (http) with context path ''
2021-01-30 02:45:28 [INFO ] [restartedMain] positoryInitializationListener: Triggering deferred initialization of Spring Data repositories…
2021-01-30 02:45:28 [INFO ] [restartedMain] positoryInitializationListener: Spring Data repositories initialized!
2021-01-30 02:45:28 [INFO ] [RMI TCP Connection(4)-127.0.0.1] .web.servlet.DispatcherServlet: Initializing Servlet 'dispatcherServlet'
2021-01-30 02:45:28 [INFO ] [RMI TCP Connection(4)-127.0.0.1] .web.servlet.DispatcherServlet: Completed initialization in 3 ms
2021-01-30 02:45:34 [WARN ] [http-nio-8080-exec-2] efaultHandlerExceptionResolver: Resolved [org.springframework.http.converter.HttpMessageNotWritableException: No converter found for return value of type: class pw.react.backend.utils.PagedResponse]
2021-01-30 02:46:04 [WARN ] [http-nio-8080-exec-4] efaultHandlerExceptionResolver: Resolved [org.springframework.http.converter.HttpMessageNotWritableException: No converter found for return value of type: class pw.react.backend.utils.PagedResponse]
2021-01-30 02:47:40 [INFO ] [SpringContextShutdownHook] tainerEntityManagerFactoryBean: Closing JPA EntityManagerFactory for persistence unit 'default'
2021-01-30 02:47:40 [INFO ] [SpringContextShutdownHook] current.ThreadPoolTaskExecutor: Shutting down ExecutorService 'applicationTaskExecutor'
2021-01-30 02:47:44 [INFO ] [restartedMain] sPropertyDefaultsPostProcessor: Devtools property defaults active! Set 'spring.devtools.add-properties' to 'false' to disable
2021-01-30 02:47:44 [INFO ] [restartedMain] sPropertyDefaultsPostProcessor: For additional web related logging consider setting the 'logging.level.web' property to 'DEBUG'
2021-01-30 02:47:44 [INFO ] [restartedMain] epositoryConfigurationDelegate: Bootstrapping Spring Data JPA repositories in DEFERRED mode.
2021-01-30 02:47:44 [INFO ] [restartedMain] epositoryConfigurationDelegate: Finished Spring Data repository scanning in 39ms. Found 3 JPA repository interfaces.
2021-01-30 02:47:45 [INFO ] [restartedMain] mbedded.tomcat.TomcatWebServer: Tomcat initialized with port(s): 8080 (http)
2021-01-30 02:47:45 [INFO ] [restartedMain] letWebServerApplicationContext: Root WebApplicationContext: initialization completed in 857 ms
2021-01-30 02:47:45 [INFO ] [restartedMain] current.ThreadPoolTaskExecutor: Initializing ExecutorService 'applicationTaskExecutor'
2021-01-30 02:47:45 [WARN ] [restartedMain] figuration$JpaWebConfiguration: spring.jpa.open-in-view is enabled by default. Therefore, database queries may be performed during view rendering. Explicitly configure spring.jpa.open-in-view to disable this warning
2021-01-30 02:47:45 [INFO ] [restartedMain] igure.OptionalLiveReloadServer: LiveReload server is running on port 35729
2021-01-30 02:47:45 [INFO ] [restartedMain] oint.web.EndpointLinksResolver: Exposing 2 endpoint(s) beneath base path '/actuator'
2021-01-30 02:47:45 [INFO ] [task-1] tainerEntityManagerFactoryBean: Initialized JPA EntityManagerFactory for persistence unit 'default'
2021-01-30 02:47:45 [INFO ] [restartedMain] mbedded.tomcat.TomcatWebServer: Tomcat started on port(s): 8080 (http) with context path ''
2021-01-30 02:47:45 [INFO ] [restartedMain] positoryInitializationListener: Triggering deferred initialization of Spring Data repositories…
2021-01-30 02:47:46 [INFO ] [restartedMain] positoryInitializationListener: Spring Data repositories initialized!
2021-01-30 02:47:46 [INFO ] [RMI TCP Connection(2)-127.0.0.1] .web.servlet.DispatcherServlet: Initializing Servlet 'dispatcherServlet'
2021-01-30 02:47:46 [INFO ] [RMI TCP Connection(2)-127.0.0.1] .web.servlet.DispatcherServlet: Completed initialization in 3 ms
2021-01-30 02:50:40 [INFO ] [SpringContextShutdownHook] tainerEntityManagerFactoryBean: Closing JPA EntityManagerFactory for persistence unit 'default'
2021-01-30 02:50:40 [INFO ] [SpringContextShutdownHook] current.ThreadPoolTaskExecutor: Shutting down ExecutorService 'applicationTaskExecutor'
2021-01-30 02:50:41 [INFO ] [restartedMain] sPropertyDefaultsPostProcessor: Devtools property defaults active! Set 'spring.devtools.add-properties' to 'false' to disable
2021-01-30 02:50:41 [INFO ] [restartedMain] sPropertyDefaultsPostProcessor: For additional web related logging consider setting the 'logging.level.web' property to 'DEBUG'
2021-01-30 02:50:42 [INFO ] [restartedMain] epositoryConfigurationDelegate: Bootstrapping Spring Data JPA repositories in DEFERRED mode.
2021-01-30 02:50:42 [INFO ] [restartedMain] epositoryConfigurationDelegate: Finished Spring Data repository scanning in 44ms. Found 3 JPA repository interfaces.
2021-01-30 02:50:42 [INFO ] [restartedMain] mbedded.tomcat.TomcatWebServer: Tomcat initialized with port(s): 8080 (http)
2021-01-30 02:50:42 [INFO ] [restartedMain] letWebServerApplicationContext: Root WebApplicationContext: initialization completed in 993 ms
2021-01-30 02:50:42 [INFO ] [restartedMain] current.ThreadPoolTaskExecutor: Initializing ExecutorService 'applicationTaskExecutor'
2021-01-30 02:50:42 [WARN ] [restartedMain] figuration$JpaWebConfiguration: spring.jpa.open-in-view is enabled by default. Therefore, database queries may be performed during view rendering. Explicitly configure spring.jpa.open-in-view to disable this warning
2021-01-30 02:50:43 [INFO ] [restartedMain] igure.OptionalLiveReloadServer: LiveReload server is running on port 35729
2021-01-30 02:50:43 [INFO ] [restartedMain] oint.web.EndpointLinksResolver: Exposing 2 endpoint(s) beneath base path '/actuator'
2021-01-30 02:50:43 [INFO ] [task-1] tainerEntityManagerFactoryBean: Initialized JPA EntityManagerFactory for persistence unit 'default'
2021-01-30 02:50:43 [INFO ] [restartedMain] mbedded.tomcat.TomcatWebServer: Tomcat started on port(s): 8080 (http) with context path ''
2021-01-30 02:50:43 [INFO ] [restartedMain] positoryInitializationListener: Triggering deferred initialization of Spring Data repositories…
2021-01-30 02:50:43 [INFO ] [restartedMain] positoryInitializationListener: Spring Data repositories initialized!
2021-01-30 02:50:44 [INFO ] [RMI TCP Connection(3)-127.0.0.1] .web.servlet.DispatcherServlet: Initializing Servlet 'dispatcherServlet'
2021-01-30 02:50:44 [INFO ] [RMI TCP Connection(3)-127.0.0.1] .web.servlet.DispatcherServlet: Completed initialization in 4 ms
2021-01-30 02:53:11 [INFO ] [SpringContextShutdownHook] tainerEntityManagerFactoryBean: Closing JPA EntityManagerFactory for persistence unit 'default'
2021-01-30 02:53:11 [INFO ] [SpringContextShutdownHook] current.ThreadPoolTaskExecutor: Shutting down ExecutorService 'applicationTaskExecutor'
2021-01-30 02:53:14 [INFO ] [restartedMain] sPropertyDefaultsPostProcessor: Devtools property defaults active! Set 'spring.devtools.add-properties' to 'false' to disable
2021-01-30 02:53:14 [INFO ] [restartedMain] sPropertyDefaultsPostProcessor: For additional web related logging consider setting the 'logging.level.web' property to 'DEBUG'
2021-01-30 02:53:15 [INFO ] [restartedMain] epositoryConfigurationDelegate: Bootstrapping Spring Data JPA repositories in DEFERRED mode.
2021-01-30 02:53:15 [INFO ] [restartedMain] epositoryConfigurationDelegate: Finished Spring Data repository scanning in 44ms. Found 3 JPA repository interfaces.
2021-01-30 02:53:15 [INFO ] [restartedMain] mbedded.tomcat.TomcatWebServer: Tomcat initialized with port(s): 8080 (http)
2021-01-30 02:53:15 [INFO ] [restartedMain] letWebServerApplicationContext: Root WebApplicationContext: initialization completed in 933 ms
2021-01-30 02:53:15 [INFO ] [restartedMain] current.ThreadPoolTaskExecutor: Initializing ExecutorService 'applicationTaskExecutor'
2021-01-30 02:53:16 [WARN ] [restartedMain] figuration$JpaWebConfiguration: spring.jpa.open-in-view is enabled by default. Therefore, database queries may be performed during view rendering. Explicitly configure spring.jpa.open-in-view to disable this warning
2021-01-30 02:53:16 [INFO ] [restartedMain] igure.OptionalLiveReloadServer: LiveReload server is running on port 35729
2021-01-30 02:53:16 [INFO ] [restartedMain] oint.web.EndpointLinksResolver: Exposing 2 endpoint(s) beneath base path '/actuator'
2021-01-30 02:53:16 [INFO ] [task-1] tainerEntityManagerFactoryBean: Initialized JPA EntityManagerFactory for persistence unit 'default'
2021-01-30 02:53:16 [INFO ] [restartedMain] mbedded.tomcat.TomcatWebServer: Tomcat started on port(s): 8080 (http) with context path ''
2021-01-30 02:53:16 [INFO ] [restartedMain] positoryInitializationListener: Triggering deferred initialization of Spring Data repositories…
2021-01-30 02:53:16 [WARN ] [restartedMain] letWebServerApplicationContext: Exception encountered during context initialization - cancelling refresh attempt: org.springframework.beans.factory.BeanCreationException: Error creating bean with name 'parkingSpotRepository': FactoryBean threw exception on object creation; nested exception is java.lang.IllegalArgumentException: Failed to create query for method public abstract int pw.react.backend.dao.ParkingSpotRepository.countByIsBooked(boolean)! No property isBooked found for type ParkingSpot! Did you mean 'Booked'?
2021-01-30 02:53:16 [INFO ] [restartedMain] tainerEntityManagerFactoryBean: Closing JPA EntityManagerFactory for persistence unit 'default'
2021-01-30 02:53:16 [INFO ] [restartedMain] current.ThreadPoolTaskExecutor: Shutting down ExecutorService 'applicationTaskExecutor'
2021-01-30 02:53:16 [INFO ] [restartedMain] valuationReportLoggingListener: 

Error starting ApplicationContext. To display the conditions report re-run your application with 'debug' enabled.
2021-01-30 02:53:16 [ERROR] [restartedMain] amework.boot.SpringApplication: Application run failed
org.springframework.beans.factory.BeanCreationException: Error creating bean with name 'parkingSpotRepository': FactoryBean threw exception on object creation; nested exception is java.lang.IllegalArgumentException: Failed to create query for method public abstract int pw.react.backend.dao.ParkingSpotRepository.countByIsBooked(boolean)! No property isBooked found for type ParkingSpot! Did you mean 'Booked'?
	at org.springframework.beans.factory.support.FactoryBeanRegistrySupport.doGetObjectFromFactoryBean(FactoryBeanRegistrySupport.java:176)
	at org.springframework.beans.factory.support.FactoryBeanRegistrySupport.getObjectFromFactoryBean(FactoryBeanRegistrySupport.java:101)
	at org.springframework.beans.factory.support.AbstractBeanFactory.getObjectForBeanInstance(AbstractBeanFactory.java:1828)
	at org.springframework.beans.factory.support.AbstractAutowireCapableBeanFactory.getObjectForBeanInstance(AbstractAutowireCapableBeanFactory.java:1265)
	at org.springframework.beans.factory.support.AbstractBeanFactory.doGetBean(AbstractBeanFactory.java:334)
	at org.springframework.beans.factory.support.AbstractBeanFactory.getBean(AbstractBeanFactory.java:202)
	at org.springframework.beans.factory.support.DefaultListableBeanFactory.getBeansOfType(DefaultListableBeanFactory.java:624)
	at org.springframework.beans.factory.support.DefaultListableBeanFactory.getBeansOfType(DefaultListableBeanFactory.java:612)
	at org.springframework.data.repository.config.DeferredRepositoryInitializationListener.onApplicationEvent(DeferredRepositoryInitializationListener.java:51)
	at org.springframework.data.repository.config.DeferredRepositoryInitializationListener.onApplicationEvent(DeferredRepositoryInitializationListener.java:36)
	at org.springframework.context.event.SimpleApplicationEventMulticaster.doInvokeListener(SimpleApplicationEventMulticaster.java:172)
	at org.springframework.context.event.SimpleApplicationEventMulticaster.invokeListener(SimpleApplicationEventMulticaster.java:165)
	at org.springframework.context.event.SimpleApplicationEventMulticaster.multicastEvent(SimpleApplicationEventMulticaster.java:139)
	at org.springframework.context.support.AbstractApplicationContext.publishEvent(AbstractApplicationContext.java:404)
	at org.springframework.context.support.AbstractApplicationContext.publishEvent(AbstractApplicationContext.java:361)
	at org.springframework.context.support.AbstractApplicationContext.finishRefresh(AbstractApplicationContext.java:898)
	at org.springframework.context.support.AbstractApplicationContext.refresh(AbstractApplicationContext.java:554)
	at org.springframework.boot.web.servlet.context.ServletWebServerApplicationContext.refresh(ServletWebServerApplicationContext.java:143)
	at org.springframework.boot.SpringApplication.refresh(SpringApplication.java:758)
	at org.springframework.boot.SpringApplication.refresh(SpringApplication.java:750)
	at org.springframework.boot.SpringApplication.refreshContext(SpringApplication.java:405)
	at org.springframework.boot.SpringApplication.run(SpringApplication.java:315)
	at org.springframework.boot.SpringApplication.run(SpringApplication.java:1237)
	at org.springframework.boot.SpringApplication.run(SpringApplication.java:1226)
	at pw.react.backend.SampleBackendApplication.main(SampleBackendApplication.java:10)
	at java.base/jdk.internal.reflect.NativeMethodAccessorImpl.invoke0(Native Method)
	at java.base/jdk.internal.reflect.NativeMethodAccessorImpl.invoke(NativeMethodAccessorImpl.java:64)
	at java.base/jdk.internal.reflect.DelegatingMethodAccessorImpl.invoke(DelegatingMethodAccessorImpl.java:43)
	at java.base/java.lang.reflect.Method.invoke(Method.java:564)
	at org.springframework.boot.devtools.restart.RestartLauncher.run(RestartLauncher.java:49)
Caused by: java.lang.IllegalArgumentException: Failed to create query for method public abstract int pw.react.backend.dao.ParkingSpotRepository.countByIsBooked(boolean)! No property isBooked found for type ParkingSpot! Did you mean 'Booked'?
	at org.springframework.data.jpa.repository.query.PartTreeJpaQuery.<init>(PartTreeJpaQuery.java:96)
	at org.springframework.data.jpa.repository.query.JpaQueryLookupStrategy$CreateQueryLookupStrategy.resolveQuery(JpaQueryLookupStrategy.java:107)
	at org.springframework.data.jpa.repository.query.JpaQueryLookupStrategy$CreateIfNotFoundQueryLookupStrategy.resolveQuery(JpaQueryLookupStrategy.java:218)
	at org.springframework.data.jpa.repository.query.JpaQueryLookupStrategy$AbstractQueryLookupStrategy.resolveQuery(JpaQueryLookupStrategy.java:81)
	at org.springframework.data.repository.core.support.QueryExecutorMethodInterceptor.lookupQuery(QueryExecutorMethodInterceptor.java:99)
	at org.springframework.data.repository.core.support.QueryExecutorMethodInterceptor.lambda$mapMethodsToQuery$1(QueryExecutorMethodInterceptor.java:92)
	at java.base/java.util.stream.ReferencePipeline$3$1.accept(ReferencePipeline.java:195)
	at java.base/java.util.Iterator.forEachRemaining(Iterator.java:133)
	at java.base/java.util.Collections$UnmodifiableCollection$1.forEachRemaining(Collections.java:1056)
	at java.base/java.util.Spliterators$IteratorSpliterator.forEachRemaining(Spliterators.java:1801)
	at java.base/java.util.stream.AbstractPipeline.copyInto(AbstractPipeline.java:484)
	at java.base/java.util.stream.AbstractPipeline.wrapAndCopyInto(AbstractPipeline.java:474)
	at java.base/java.util.stream.ReduceOps$ReduceOp.evaluateSequential(ReduceOps.java:913)
	at java.base/java.util.stream.AbstractPipeline.evaluate(AbstractPipeline.java:234)
	at java.base/java.util.stream.ReferencePipeline.collect(ReferencePipeline.java:578)
	at org.springframework.data.repository.core.support.QueryExecutorMethodInterceptor.mapMethodsToQuery(QueryExecutorMethodInterceptor.java:94)
	at org.springframework.data.repository.core.support.QueryExecutorMethodInterceptor.lambda$new$0(QueryExecutorMethodInterceptor.java:84)
	at java.base/java.util.Optional.map(Optional.java:258)
	at org.springframework.data.repository.core.support.QueryExecutorMethodInterceptor.<init>(QueryExecutorMethodInterceptor.java:84)
	at org.springframework.data.repository.core.support.RepositoryFactorySupport.getRepository(RepositoryFactorySupport.java:332)
	at org.springframework.data.repository.core.support.RepositoryFactoryBeanSupport.lambda$afterPropertiesSet$5(RepositoryFactoryBeanSupport.java:297)
	at org.springframework.data.util.Lazy.getNullable(Lazy.java:211)
	at org.springframework.data.util.Lazy.get(Lazy.java:95)
	at org.springframework.data.repository.core.support.RepositoryFactoryBeanSupport.getObject(RepositoryFactoryBeanSupport.java:244)
	at org.springframework.data.repository.core.support.RepositoryFactoryBeanSupport.getObject(RepositoryFactoryBeanSupport.java:57)
	at org.springframework.beans.factory.support.FactoryBeanRegistrySupport.doGetObjectFromFactoryBean(FactoryBeanRegistrySupport.java:169)
	... 29 common frames omitted
Caused by: org.springframework.data.mapping.PropertyReferenceException: No property isBooked found for type ParkingSpot! Did you mean 'Booked'?
	at org.springframework.data.mapping.PropertyPath.<init>(PropertyPath.java:94)
	at org.springframework.data.mapping.PropertyPath.create(PropertyPath.java:382)
	at org.springframework.data.mapping.PropertyPath.create(PropertyPath.java:358)
	at org.springframework.data.mapping.PropertyPath.lambda$from$0(PropertyPath.java:311)
	at java.base/java.util.concurrent.ConcurrentMap.computeIfAbsent(ConcurrentMap.java:330)
	at org.springframework.data.mapping.PropertyPath.from(PropertyPath.java:293)
	at org.springframework.data.mapping.PropertyPath.from(PropertyPath.java:276)
	at org.springframework.data.repository.query.parser.Part.<init>(Part.java:82)
	at org.springframework.data.repository.query.parser.PartTree$OrPart.lambda$new$0(PartTree.java:251)
	at java.base/java.util.stream.ReferencePipeline$3$1.accept(ReferencePipeline.java:195)
	at java.base/java.util.stream.ReferencePipeline$2$1.accept(ReferencePipeline.java:177)
	at java.base/java.util.Spliterators$ArraySpliterator.forEachRemaining(Spliterators.java:948)
	at java.base/java.util.stream.AbstractPipeline.copyInto(AbstractPipeline.java:484)
	at java.base/java.util.stream.AbstractPipeline.wrapAndCopyInto(AbstractPipeline.java:474)
	at java.base/java.util.stream.ReduceOps$ReduceOp.evaluateSequential(ReduceOps.java:913)
	at java.base/java.util.stream.AbstractPipeline.evaluate(AbstractPipeline.java:234)
	at java.base/java.util.stream.ReferencePipeline.collect(ReferencePipeline.java:578)
	at org.springframework.data.repository.query.parser.PartTree$OrPart.<init>(PartTree.java:252)
	at org.springframework.data.repository.query.parser.PartTree$Predicate.lambda$new$0(PartTree.java:381)
	at java.base/java.util.stream.ReferencePipeline$3$1.accept(ReferencePipeline.java:195)
	at java.base/java.util.stream.ReferencePipeline$2$1.accept(ReferencePipeline.java:177)
	at java.base/java.util.Spliterators$ArraySpliterator.forEachRemaining(Spliterators.java:948)
	at java.base/java.util.stream.AbstractPipeline.copyInto(AbstractPipeline.java:484)
	at java.base/java.util.stream.AbstractPipeline.wrapAndCopyInto(AbstractPipeline.java:474)
	at java.base/java.util.stream.ReduceOps$ReduceOp.evaluateSequential(ReduceOps.java:913)
	at java.base/java.util.stream.AbstractPipeline.evaluate(AbstractPipeline.java:234)
	at java.base/java.util.stream.ReferencePipeline.collect(ReferencePipeline.java:578)
	at org.springframework.data.repository.query.parser.PartTree$Predicate.<init>(PartTree.java:382)
	at org.springframework.data.repository.query.parser.PartTree.<init>(PartTree.java:97)
	at org.springframework.data.jpa.repository.query.PartTreeJpaQuery.<init>(PartTreeJpaQuery.java:89)
	... 54 common frames omitted
2021-01-30 02:54:22 [INFO ] [restartedMain] sPropertyDefaultsPostProcessor: Devtools property defaults active! Set 'spring.devtools.add-properties' to 'false' to disable
2021-01-30 02:54:22 [INFO ] [restartedMain] sPropertyDefaultsPostProcessor: For additional web related logging consider setting the 'logging.level.web' property to 'DEBUG'
2021-01-30 02:54:22 [INFO ] [restartedMain] epositoryConfigurationDelegate: Bootstrapping Spring Data JPA repositories in DEFERRED mode.
2021-01-30 02:54:22 [INFO ] [restartedMain] epositoryConfigurationDelegate: Finished Spring Data repository scanning in 36ms. Found 3 JPA repository interfaces.
2021-01-30 02:54:23 [INFO ] [restartedMain] mbedded.tomcat.TomcatWebServer: Tomcat initialized with port(s): 8080 (http)
2021-01-30 02:54:23 [INFO ] [restartedMain] letWebServerApplicationContext: Root WebApplicationContext: initialization completed in 965 ms
2021-01-30 02:54:23 [INFO ] [restartedMain] current.ThreadPoolTaskExecutor: Initializing ExecutorService 'applicationTaskExecutor'
2021-01-30 02:54:23 [WARN ] [restartedMain] figuration$JpaWebConfiguration: spring.jpa.open-in-view is enabled by default. Therefore, database queries may be performed during view rendering. Explicitly configure spring.jpa.open-in-view to disable this warning
2021-01-30 02:54:23 [INFO ] [restartedMain] igure.OptionalLiveReloadServer: LiveReload server is running on port 35729
2021-01-30 02:54:23 [INFO ] [restartedMain] oint.web.EndpointLinksResolver: Exposing 2 endpoint(s) beneath base path '/actuator'
2021-01-30 02:54:24 [INFO ] [task-1] tainerEntityManagerFactoryBean: Initialized JPA EntityManagerFactory for persistence unit 'default'
2021-01-30 02:54:24 [INFO ] [restartedMain] mbedded.tomcat.TomcatWebServer: Tomcat started on port(s): 8080 (http) with context path ''
2021-01-30 02:54:24 [INFO ] [restartedMain] positoryInitializationListener: Triggering deferred initialization of Spring Data repositories…
2021-01-30 02:54:24 [INFO ] [restartedMain] positoryInitializationListener: Spring Data repositories initialized!
2021-01-30 02:54:24 [INFO ] [RMI TCP Connection(2)-192.168.0.115] .web.servlet.DispatcherServlet: Initializing Servlet 'dispatcherServlet'
2021-01-30 02:54:24 [INFO ] [RMI TCP Connection(2)-192.168.0.115] .web.servlet.DispatcherServlet: Completed initialization in 4 ms
2021-01-30 02:54:26 [INFO ] [SpringContextShutdownHook] tainerEntityManagerFactoryBean: Closing JPA EntityManagerFactory for persistence unit 'default'
2021-01-30 02:54:26 [INFO ] [SpringContextShutdownHook] current.ThreadPoolTaskExecutor: Shutting down ExecutorService 'applicationTaskExecutor'
2021-01-30 02:54:37 [INFO ] [restartedMain] sPropertyDefaultsPostProcessor: Devtools property defaults active! Set 'spring.devtools.add-properties' to 'false' to disable
2021-01-30 02:54:37 [INFO ] [restartedMain] sPropertyDefaultsPostProcessor: For additional web related logging consider setting the 'logging.level.web' property to 'DEBUG'
2021-01-30 02:54:38 [INFO ] [restartedMain] epositoryConfigurationDelegate: Bootstrapping Spring Data JPA repositories in DEFERRED mode.
2021-01-30 02:54:38 [INFO ] [restartedMain] epositoryConfigurationDelegate: Finished Spring Data repository scanning in 50ms. Found 3 JPA repository interfaces.
2021-01-30 02:54:38 [INFO ] [restartedMain] mbedded.tomcat.TomcatWebServer: Tomcat initialized with port(s): 8080 (http)
2021-01-30 02:54:38 [INFO ] [restartedMain] letWebServerApplicationContext: Root WebApplicationContext: initialization completed in 950 ms
2021-01-30 02:54:38 [INFO ] [restartedMain] current.ThreadPoolTaskExecutor: Initializing ExecutorService 'applicationTaskExecutor'
2021-01-30 02:54:38 [WARN ] [restartedMain] figuration$JpaWebConfiguration: spring.jpa.open-in-view is enabled by default. Therefore, database queries may be performed during view rendering. Explicitly configure spring.jpa.open-in-view to disable this warning
2021-01-30 02:54:39 [INFO ] [restartedMain] igure.OptionalLiveReloadServer: LiveReload server is running on port 35729
2021-01-30 02:54:39 [INFO ] [restartedMain] oint.web.EndpointLinksResolver: Exposing 2 endpoint(s) beneath base path '/actuator'
2021-01-30 02:54:39 [INFO ] [task-1] tainerEntityManagerFactoryBean: Initialized JPA EntityManagerFactory for persistence unit 'default'
2021-01-30 02:54:39 [INFO ] [restartedMain] mbedded.tomcat.TomcatWebServer: Tomcat started on port(s): 8080 (http) with context path ''
2021-01-30 02:54:39 [INFO ] [restartedMain] positoryInitializationListener: Triggering deferred initialization of Spring Data repositories…
2021-01-30 02:54:39 [INFO ] [restartedMain] positoryInitializationListener: Spring Data repositories initialized!
2021-01-30 02:54:39 [INFO ] [RMI TCP Connection(2)-127.0.0.1] .web.servlet.DispatcherServlet: Initializing Servlet 'dispatcherServlet'
2021-01-30 02:54:39 [INFO ] [RMI TCP Connection(2)-127.0.0.1] .web.servlet.DispatcherServlet: Completed initialization in 4 ms
2021-01-30 02:57:04 [WARN ] [http-nio-8080-exec-10] efaultHandlerExceptionResolver: Resolved [org.springframework.web.bind.MissingServletRequestParameterException: Required boolean parameter 'booked' is not present]
2021-01-30 02:57:21 [INFO ] [SpringContextShutdownHook] tainerEntityManagerFactoryBean: Closing JPA EntityManagerFactory for persistence unit 'default'
2021-01-30 02:57:21 [INFO ] [SpringContextShutdownHook] current.ThreadPoolTaskExecutor: Shutting down ExecutorService 'applicationTaskExecutor'
