2021-01-06 12:23:23 [INFO ] [restartedMain] ckend.SampleBackendApplication: Starting SampleBackendApplication on Cezarys-MacBook-Pro.local with PID 71753 (/Users/cezarybanach/Documents/mini/react/parkly/Parkly-React-App/src/backend/target/classes started by cezarybanach in /Users/cezarybanach/Documents/mini/react/parkly/Parkly-React-App/src/backend)
2021-01-06 12:23:23 [INFO ] [restartedMain] ckend.SampleBackendApplication: The following profiles are active: mysql-dev
2021-01-06 12:23:24 [INFO ] [restartedMain] act.backend.service.MainConfig: ************** Environment variables **************
2021-01-06 12:23:24 [INFO ] [restartedMain] act.backend.service.MainConfig: [PATH] : [/Users/cezarybanach/maven/bin:/Users/cezarybanach/maven/bin:/usr/local/bin:/usr/bin:/bin:/usr/sbin:/sbin:/Library/TeX/texbin]
2021-01-06 12:23:24 [INFO ] [restartedMain] act.backend.service.MainConfig: [SHELL] : [/bin/zsh]
2021-01-06 12:23:24 [INFO ] [restartedMain] act.backend.service.MainConfig: [OLDPWD] : [/]
2021-01-06 12:23:24 [INFO ] [restartedMain] act.backend.service.MainConfig: [USER] : [cezarybanach]
2021-01-06 12:23:24 [INFO ] [restartedMain] act.backend.service.MainConfig: [TMPDIR] : [/var/folders/1n/cv398_dn22z792l6ld4z3y400000gn/T/]
2021-01-06 12:23:24 [INFO ] [restartedMain] act.backend.service.MainConfig: [SSH_AUTH_SOCK] : [/private/tmp/com.apple.launchd.ML5ezLrC6O/Listeners]
2021-01-06 12:23:24 [INFO ] [restartedMain] act.backend.service.MainConfig: [XPC_FLAGS] : [0x0]
2021-01-06 12:23:24 [INFO ] [restartedMain] act.backend.service.MainConfig: [VERSIONER_PYTHON_VERSION] : [2.7]
2021-01-06 12:23:24 [INFO ] [restartedMain] act.backend.service.MainConfig: [__CF_USER_TEXT_ENCODING] : [0x1F5:0x0:0x0]
2021-01-06 12:23:24 [INFO ] [restartedMain] act.backend.service.MainConfig: [LOGNAME] : [cezarybanach]
2021-01-06 12:23:24 [INFO ] [restartedMain] act.backend.service.MainConfig: [LC_CTYPE] : [en_US.UTF-8]
2021-01-06 12:23:24 [INFO ] [restartedMain] act.backend.service.MainConfig: [PWD] : [/Users/cezarybanach/Documents/mini/react/parkly/Parkly-React-App/src/backend]
2021-01-06 12:23:24 [INFO ] [restartedMain] act.backend.service.MainConfig: [XPC_SERVICE_NAME] : [com.jetbrains.intellij.8584]
2021-01-06 12:23:24 [INFO ] [restartedMain] act.backend.service.MainConfig: [JAVA_MAIN_CLASS_71753] : [pw.react.backend.SampleBackendApplication]
2021-01-06 12:23:24 [INFO ] [restartedMain] act.backend.service.MainConfig: [HOME] : [/Users/cezarybanach]
2021-01-06 12:23:24 [INFO ] [restartedMain] act.backend.service.MainConfig: Injected CORS URL: [http://localhost:3000,http://bookly.url]
2021-01-06 12:23:24 [INFO ] [restartedMain] ct.backend.service.HttpService: Injected CARLY URL: [N/A]
2021-01-06 12:23:24 [INFO ] [restartedMain] ct.backend.service.HttpService: Injected PARKLY URL: [N/A]
2021-01-06 12:23:24 [INFO ] [restartedMain] ct.backend.service.HttpService: Injected FLATLY URL: [N/A]
2021-01-06 12:23:24 [INFO ] [restartedMain] ct.backend.service.HttpService: Injected INTEGRATION URL: [http://this-is-the-way.eu-central-1.elasticbeanstalk.com]
2021-01-06 12:23:25 [INFO ] [restartedMain] ckend.SampleBackendApplication: Started SampleBackendApplication in 2.739 seconds (JVM running for 3.944)
2021-01-06 12:29:07 [INFO ] [http-nio-8080-exec-6] service.ParkingSpotMainService: Parking spot with id 1 updated.
2021-01-06 12:47:43 [INFO ] [restartedMain] ckend.SampleBackendApplication: Starting SampleBackendApplication on Cezarys-MacBook-Pro.local with PID 71882 (/Users/cezarybanach/Documents/mini/react/parkly/Parkly-React-App/src/backend/target/classes started by cezarybanach in /Users/cezarybanach/Documents/mini/react/parkly/Parkly-React-App/src/backend)
2021-01-06 12:47:43 [INFO ] [restartedMain] ckend.SampleBackendApplication: The following profiles are active: mysql-dev
2021-01-06 12:47:44 [INFO ] [restartedMain] act.backend.service.MainConfig: ************** Environment variables **************
2021-01-06 12:47:44 [INFO ] [restartedMain] act.backend.service.MainConfig: [PATH] : [/Users/cezarybanach/maven/bin:/Users/cezarybanach/maven/bin:/usr/local/bin:/usr/bin:/bin:/usr/sbin:/sbin:/Library/TeX/texbin]
2021-01-06 12:47:44 [INFO ] [restartedMain] act.backend.service.MainConfig: [SHELL] : [/bin/zsh]
2021-01-06 12:47:44 [INFO ] [restartedMain] act.backend.service.MainConfig: [OLDPWD] : [/]
2021-01-06 12:47:44 [INFO ] [restartedMain] act.backend.service.MainConfig: [USER] : [cezarybanach]
2021-01-06 12:47:44 [INFO ] [restartedMain] act.backend.service.MainConfig: [TMPDIR] : [/var/folders/1n/cv398_dn22z792l6ld4z3y400000gn/T/]
2021-01-06 12:47:44 [INFO ] [restartedMain] act.backend.service.MainConfig: [SSH_AUTH_SOCK] : [/private/tmp/com.apple.launchd.ML5ezLrC6O/Listeners]
2021-01-06 12:47:44 [INFO ] [restartedMain] act.backend.service.MainConfig: [XPC_FLAGS] : [0x0]
2021-01-06 12:47:44 [INFO ] [restartedMain] act.backend.service.MainConfig: [VERSIONER_PYTHON_VERSION] : [2.7]
2021-01-06 12:47:44 [INFO ] [restartedMain] act.backend.service.MainConfig: [__CF_USER_TEXT_ENCODING] : [0x1F5:0x0:0x0]
2021-01-06 12:47:44 [INFO ] [restartedMain] act.backend.service.MainConfig: [LOGNAME] : [cezarybanach]
2021-01-06 12:47:44 [INFO ] [restartedMain] act.backend.service.MainConfig: [LC_CTYPE] : [en_US.UTF-8]
2021-01-06 12:47:44 [INFO ] [restartedMain] act.backend.service.MainConfig: [PWD] : [/Users/cezarybanach/Documents/mini/react/parkly/Parkly-React-App/src/backend]
2021-01-06 12:47:44 [INFO ] [restartedMain] act.backend.service.MainConfig: [XPC_SERVICE_NAME] : [com.jetbrains.intellij.8584]
2021-01-06 12:47:44 [INFO ] [restartedMain] act.backend.service.MainConfig: [JAVA_MAIN_CLASS_71882] : [pw.react.backend.SampleBackendApplication]
2021-01-06 12:47:44 [INFO ] [restartedMain] act.backend.service.MainConfig: [HOME] : [/Users/cezarybanach]
2021-01-06 12:47:44 [INFO ] [restartedMain] act.backend.service.MainConfig: Injected CORS URL: [http://localhost:3000,http://bookly.url]
2021-01-06 12:47:44 [INFO ] [restartedMain] ct.backend.service.HttpService: Injected CARLY URL: [N/A]
2021-01-06 12:47:44 [INFO ] [restartedMain] ct.backend.service.HttpService: Injected PARKLY URL: [N/A]
2021-01-06 12:47:44 [INFO ] [restartedMain] ct.backend.service.HttpService: Injected FLATLY URL: [N/A]
2021-01-06 12:47:44 [INFO ] [restartedMain] ct.backend.service.HttpService: Injected INTEGRATION URL: [http://this-is-the-way.eu-central-1.elasticbeanstalk.com]
2021-01-06 12:47:45 [INFO ] [restartedMain] ckend.SampleBackendApplication: Started SampleBackendApplication in 2.353 seconds (JVM running for 3.051)
2021-01-06 12:48:35 [INFO ] [restartedMain] ckend.SampleBackendApplication: Starting SampleBackendApplication on Cezarys-MacBook-Pro.local with PID 71907 (/Users/cezarybanach/Documents/mini/react/parkly/Parkly-React-App/src/backend/target/classes started by cezarybanach in /Users/cezarybanach/Documents/mini/react/parkly/Parkly-React-App/src/backend)
2021-01-06 12:48:35 [INFO ] [restartedMain] ckend.SampleBackendApplication: The following profiles are active: mysql-dev
2021-01-06 12:48:36 [INFO ] [restartedMain] act.backend.service.MainConfig: ************** Environment variables **************
2021-01-06 12:48:36 [INFO ] [restartedMain] act.backend.service.MainConfig: [PATH] : [/Users/cezarybanach/maven/bin:/Users/cezarybanach/maven/bin:/usr/local/bin:/usr/bin:/bin:/usr/sbin:/sbin:/Library/TeX/texbin]
2021-01-06 12:48:36 [INFO ] [restartedMain] act.backend.service.MainConfig: [JAVA_MAIN_CLASS_71907] : [pw.react.backend.SampleBackendApplication]
2021-01-06 12:48:36 [INFO ] [restartedMain] act.backend.service.MainConfig: [SHELL] : [/bin/zsh]
2021-01-06 12:48:36 [INFO ] [restartedMain] act.backend.service.MainConfig: [OLDPWD] : [/]
2021-01-06 12:48:36 [INFO ] [restartedMain] act.backend.service.MainConfig: [USER] : [cezarybanach]
2021-01-06 12:48:36 [INFO ] [restartedMain] act.backend.service.MainConfig: [TMPDIR] : [/var/folders/1n/cv398_dn22z792l6ld4z3y400000gn/T/]
2021-01-06 12:48:36 [INFO ] [restartedMain] act.backend.service.MainConfig: [SSH_AUTH_SOCK] : [/private/tmp/com.apple.launchd.ML5ezLrC6O/Listeners]
2021-01-06 12:48:36 [INFO ] [restartedMain] act.backend.service.MainConfig: [XPC_FLAGS] : [0x0]
2021-01-06 12:48:36 [INFO ] [restartedMain] act.backend.service.MainConfig: [VERSIONER_PYTHON_VERSION] : [2.7]
2021-01-06 12:48:36 [INFO ] [restartedMain] act.backend.service.MainConfig: [__CF_USER_TEXT_ENCODING] : [0x1F5:0x0:0x0]
2021-01-06 12:48:36 [INFO ] [restartedMain] act.backend.service.MainConfig: [LOGNAME] : [cezarybanach]
2021-01-06 12:48:36 [INFO ] [restartedMain] act.backend.service.MainConfig: [LC_CTYPE] : [en_US.UTF-8]
2021-01-06 12:48:36 [INFO ] [restartedMain] act.backend.service.MainConfig: [PWD] : [/Users/cezarybanach/Documents/mini/react/parkly/Parkly-React-App/src/backend]
2021-01-06 12:48:36 [INFO ] [restartedMain] act.backend.service.MainConfig: [XPC_SERVICE_NAME] : [com.jetbrains.intellij.8584]
2021-01-06 12:48:36 [INFO ] [restartedMain] act.backend.service.MainConfig: [HOME] : [/Users/cezarybanach]
2021-01-06 12:48:36 [INFO ] [restartedMain] act.backend.service.MainConfig: Injected CORS URL: [http://localhost:3000,http://bookly.url]
2021-01-06 12:48:36 [INFO ] [restartedMain] ct.backend.service.HttpService: Injected CARLY URL: [N/A]
2021-01-06 12:48:36 [INFO ] [restartedMain] ct.backend.service.HttpService: Injected PARKLY URL: [N/A]
2021-01-06 12:48:36 [INFO ] [restartedMain] ct.backend.service.HttpService: Injected FLATLY URL: [N/A]
2021-01-06 12:48:36 [INFO ] [restartedMain] ct.backend.service.HttpService: Injected INTEGRATION URL: [http://this-is-the-way.eu-central-1.elasticbeanstalk.com]
2021-01-06 12:48:37 [INFO ] [restartedMain] ckend.SampleBackendApplication: Started SampleBackendApplication in 2.514 seconds (JVM running for 3.208)
2021-01-06 12:59:12 [INFO ] [restartedMain] ckend.SampleBackendApplication: Starting SampleBackendApplication on Cezarys-MacBook-Pro.local with PID 72039 (/Users/cezarybanach/Documents/mini/react/parkly/Parkly-React-App/src/backend/target/classes started by cezarybanach in /Users/cezarybanach/Documents/mini/react/parkly/Parkly-React-App/src/backend)
2021-01-06 12:59:12 [INFO ] [restartedMain] ckend.SampleBackendApplication: The following profiles are active: mysql-dev
2021-01-06 12:59:13 [INFO ] [restartedMain] act.backend.service.MainConfig: ************** Environment variables **************
2021-01-06 12:59:13 [INFO ] [restartedMain] act.backend.service.MainConfig: [PATH] : [/Users/cezarybanach/maven/bin:/Users/cezarybanach/maven/bin:/usr/local/bin:/usr/bin:/bin:/usr/sbin:/sbin:/Library/TeX/texbin]
2021-01-06 12:59:13 [INFO ] [restartedMain] act.backend.service.MainConfig: [SHELL] : [/bin/zsh]
2021-01-06 12:59:13 [INFO ] [restartedMain] act.backend.service.MainConfig: [OLDPWD] : [/]
2021-01-06 12:59:13 [INFO ] [restartedMain] act.backend.service.MainConfig: [USER] : [cezarybanach]
2021-01-06 12:59:13 [INFO ] [restartedMain] act.backend.service.MainConfig: [TMPDIR] : [/var/folders/1n/cv398_dn22z792l6ld4z3y400000gn/T/]
2021-01-06 12:59:13 [INFO ] [restartedMain] act.backend.service.MainConfig: [SSH_AUTH_SOCK] : [/private/tmp/com.apple.launchd.ML5ezLrC6O/Listeners]
2021-01-06 12:59:13 [INFO ] [restartedMain] act.backend.service.MainConfig: [XPC_FLAGS] : [0x0]
2021-01-06 12:59:13 [INFO ] [restartedMain] act.backend.service.MainConfig: [VERSIONER_PYTHON_VERSION] : [2.7]
2021-01-06 12:59:13 [INFO ] [restartedMain] act.backend.service.MainConfig: [__CF_USER_TEXT_ENCODING] : [0x1F5:0x0:0x0]
2021-01-06 12:59:13 [INFO ] [restartedMain] act.backend.service.MainConfig: [LOGNAME] : [cezarybanach]
2021-01-06 12:59:13 [INFO ] [restartedMain] act.backend.service.MainConfig: [LC_CTYPE] : [en_US.UTF-8]
2021-01-06 12:59:13 [INFO ] [restartedMain] act.backend.service.MainConfig: [PWD] : [/Users/cezarybanach/Documents/mini/react/parkly/Parkly-React-App/src/backend]
2021-01-06 12:59:13 [INFO ] [restartedMain] act.backend.service.MainConfig: [XPC_SERVICE_NAME] : [com.jetbrains.intellij.8584]
2021-01-06 12:59:13 [INFO ] [restartedMain] act.backend.service.MainConfig: [JAVA_MAIN_CLASS_72039] : [pw.react.backend.SampleBackendApplication]
2021-01-06 12:59:13 [INFO ] [restartedMain] act.backend.service.MainConfig: [HOME] : [/Users/cezarybanach]
2021-01-06 12:59:13 [INFO ] [restartedMain] act.backend.service.MainConfig: Injected CORS URL: [http://localhost:3000,http://bookly.url]
2021-01-06 12:59:13 [INFO ] [restartedMain] ct.backend.service.HttpService: Injected CARLY URL: [N/A]
2021-01-06 12:59:13 [INFO ] [restartedMain] ct.backend.service.HttpService: Injected PARKLY URL: [N/A]
2021-01-06 12:59:13 [INFO ] [restartedMain] ct.backend.service.HttpService: Injected FLATLY URL: [N/A]
2021-01-06 12:59:13 [INFO ] [restartedMain] ct.backend.service.HttpService: Injected INTEGRATION URL: [http://this-is-the-way.eu-central-1.elasticbeanstalk.com]
2021-01-06 12:59:14 [INFO ] [restartedMain] ckend.SampleBackendApplication: Started SampleBackendApplication in 2.425 seconds (JVM running for 3.108)
2021-01-06 13:12:40 [INFO ] [restartedMain] ckend.SampleBackendApplication: Starting SampleBackendApplication on Cezarys-MacBook-Pro.local with PID 72159 (/Users/cezarybanach/Documents/mini/react/parkly/Parkly-React-App/src/backend/target/classes started by cezarybanach in /Users/cezarybanach/Documents/mini/react/parkly/Parkly-React-App/src/backend)
2021-01-06 13:12:40 [INFO ] [restartedMain] ckend.SampleBackendApplication: The following profiles are active: mysql-dev
2021-01-06 13:12:41 [INFO ] [restartedMain] act.backend.service.MainConfig: ************** Environment variables **************
2021-01-06 13:12:41 [INFO ] [restartedMain] act.backend.service.MainConfig: [PATH] : [/Users/cezarybanach/maven/bin:/Users/cezarybanach/maven/bin:/usr/local/bin:/usr/bin:/bin:/usr/sbin:/sbin:/Library/TeX/texbin]
2021-01-06 13:12:41 [INFO ] [restartedMain] act.backend.service.MainConfig: [SHELL] : [/bin/zsh]
2021-01-06 13:12:41 [INFO ] [restartedMain] act.backend.service.MainConfig: [OLDPWD] : [/]
2021-01-06 13:12:41 [INFO ] [restartedMain] act.backend.service.MainConfig: [USER] : [cezarybanach]
2021-01-06 13:12:41 [INFO ] [restartedMain] act.backend.service.MainConfig: [TMPDIR] : [/var/folders/1n/cv398_dn22z792l6ld4z3y400000gn/T/]
2021-01-06 13:12:41 [INFO ] [restartedMain] act.backend.service.MainConfig: [SSH_AUTH_SOCK] : [/private/tmp/com.apple.launchd.ML5ezLrC6O/Listeners]
2021-01-06 13:12:41 [INFO ] [restartedMain] act.backend.service.MainConfig: [XPC_FLAGS] : [0x0]
2021-01-06 13:12:41 [INFO ] [restartedMain] act.backend.service.MainConfig: [VERSIONER_PYTHON_VERSION] : [2.7]
2021-01-06 13:12:41 [INFO ] [restartedMain] act.backend.service.MainConfig: [__CF_USER_TEXT_ENCODING] : [0x1F5:0x0:0x0]
2021-01-06 13:12:41 [INFO ] [restartedMain] act.backend.service.MainConfig: [LOGNAME] : [cezarybanach]
2021-01-06 13:12:41 [INFO ] [restartedMain] act.backend.service.MainConfig: [LC_CTYPE] : [en_US.UTF-8]
2021-01-06 13:12:41 [INFO ] [restartedMain] act.backend.service.MainConfig: [PWD] : [/Users/cezarybanach/Documents/mini/react/parkly/Parkly-React-App/src/backend]
2021-01-06 13:12:41 [INFO ] [restartedMain] act.backend.service.MainConfig: [XPC_SERVICE_NAME] : [com.jetbrains.intellij.8584]
2021-01-06 13:12:41 [INFO ] [restartedMain] act.backend.service.MainConfig: [HOME] : [/Users/cezarybanach]
2021-01-06 13:12:41 [INFO ] [restartedMain] act.backend.service.MainConfig: [JAVA_MAIN_CLASS_72159] : [pw.react.backend.SampleBackendApplication]
2021-01-06 13:12:41 [INFO ] [restartedMain] act.backend.service.MainConfig: Injected CORS URL: [http://localhost:3000,http://bookly.url]
2021-01-06 13:12:41 [INFO ] [restartedMain] ct.backend.service.HttpService: Injected CARLY URL: [N/A]
2021-01-06 13:12:41 [INFO ] [restartedMain] ct.backend.service.HttpService: Injected PARKLY URL: [N/A]
2021-01-06 13:12:41 [INFO ] [restartedMain] ct.backend.service.HttpService: Injected FLATLY URL: [N/A]
2021-01-06 13:12:41 [INFO ] [restartedMain] ct.backend.service.HttpService: Injected INTEGRATION URL: [http://this-is-the-way.eu-central-1.elasticbeanstalk.com]
2021-01-06 13:12:42 [INFO ] [restartedMain] ckend.SampleBackendApplication: Started SampleBackendApplication in 2.326 seconds (JVM running for 2.951)
2021-01-06 13:35:39 [INFO ] [restartedMain] ckend.SampleBackendApplication: Starting SampleBackendApplication on Cezarys-MacBook-Pro.local with PID 72277 (/Users/cezarybanach/Documents/mini/react/parkly/Parkly-React-App/src/backend/target/classes started by cezarybanach in /Users/cezarybanach/Documents/mini/react/parkly/Parkly-React-App/src/backend)
2021-01-06 13:35:39 [INFO ] [restartedMain] ckend.SampleBackendApplication: The following profiles are active: mysql-dev
2021-01-06 13:35:40 [INFO ] [restartedMain] act.backend.service.MainConfig: ************** Environment variables **************
2021-01-06 13:35:40 [INFO ] [restartedMain] act.backend.service.MainConfig: [PATH] : [/Users/cezarybanach/maven/bin:/Users/cezarybanach/maven/bin:/usr/local/bin:/usr/bin:/bin:/usr/sbin:/sbin:/Library/TeX/texbin]
2021-01-06 13:35:40 [INFO ] [restartedMain] act.backend.service.MainConfig: [SHELL] : [/bin/zsh]
2021-01-06 13:35:40 [INFO ] [restartedMain] act.backend.service.MainConfig: [OLDPWD] : [/]
2021-01-06 13:35:40 [INFO ] [restartedMain] act.backend.service.MainConfig: [USER] : [cezarybanach]
2021-01-06 13:35:40 [INFO ] [restartedMain] act.backend.service.MainConfig: [TMPDIR] : [/var/folders/1n/cv398_dn22z792l6ld4z3y400000gn/T/]
2021-01-06 13:35:40 [INFO ] [restartedMain] act.backend.service.MainConfig: [SSH_AUTH_SOCK] : [/private/tmp/com.apple.launchd.ML5ezLrC6O/Listeners]
2021-01-06 13:35:40 [INFO ] [restartedMain] act.backend.service.MainConfig: [JAVA_MAIN_CLASS_72277] : [pw.react.backend.SampleBackendApplication]
2021-01-06 13:35:40 [INFO ] [restartedMain] act.backend.service.MainConfig: [XPC_FLAGS] : [0x0]
2021-01-06 13:35:40 [INFO ] [restartedMain] act.backend.service.MainConfig: [VERSIONER_PYTHON_VERSION] : [2.7]
2021-01-06 13:35:40 [INFO ] [restartedMain] act.backend.service.MainConfig: [__CF_USER_TEXT_ENCODING] : [0x1F5:0x0:0x0]
2021-01-06 13:35:40 [INFO ] [restartedMain] act.backend.service.MainConfig: [LOGNAME] : [cezarybanach]
2021-01-06 13:35:40 [INFO ] [restartedMain] act.backend.service.MainConfig: [LC_CTYPE] : [en_US.UTF-8]
2021-01-06 13:35:40 [INFO ] [restartedMain] act.backend.service.MainConfig: [PWD] : [/Users/cezarybanach/Documents/mini/react/parkly/Parkly-React-App/src/backend]
2021-01-06 13:35:40 [INFO ] [restartedMain] act.backend.service.MainConfig: [XPC_SERVICE_NAME] : [com.jetbrains.intellij.8584]
2021-01-06 13:35:40 [INFO ] [restartedMain] act.backend.service.MainConfig: [HOME] : [/Users/cezarybanach]
2021-01-06 13:35:40 [INFO ] [restartedMain] act.backend.service.MainConfig: Injected CORS URL: [http://localhost:3000,http://bookly.url]
2021-01-06 13:35:40 [INFO ] [restartedMain] ct.backend.service.HttpService: Injected CARLY URL: [N/A]
2021-01-06 13:35:40 [INFO ] [restartedMain] ct.backend.service.HttpService: Injected PARKLY URL: [N/A]
2021-01-06 13:35:40 [INFO ] [restartedMain] ct.backend.service.HttpService: Injected FLATLY URL: [N/A]
2021-01-06 13:35:40 [INFO ] [restartedMain] ct.backend.service.HttpService: Injected INTEGRATION URL: [http://this-is-the-way.eu-central-1.elasticbeanstalk.com]
2021-01-06 13:35:41 [INFO ] [restartedMain] ckend.SampleBackendApplication: Started SampleBackendApplication in 2.301 seconds (JVM running for 3.075)
2021-01-06 13:36:34 [INFO ] [restartedMain] ckend.SampleBackendApplication: Starting SampleBackendApplication on Cezarys-MacBook-Pro.local with PID 72304 (/Users/cezarybanach/Documents/mini/react/parkly/Parkly-React-App/src/backend/target/classes started by cezarybanach in /Users/cezarybanach/Documents/mini/react/parkly/Parkly-React-App/src/backend)
2021-01-06 13:36:34 [INFO ] [restartedMain] ckend.SampleBackendApplication: The following profiles are active: mysql-dev
2021-01-06 13:36:36 [INFO ] [restartedMain] act.backend.service.MainConfig: ************** Environment variables **************
2021-01-06 13:36:36 [INFO ] [restartedMain] act.backend.service.MainConfig: [PATH] : [/Users/cezarybanach/maven/bin:/Users/cezarybanach/maven/bin:/usr/local/bin:/usr/bin:/bin:/usr/sbin:/sbin:/Library/TeX/texbin]
2021-01-06 13:36:36 [INFO ] [restartedMain] act.backend.service.MainConfig: [SHELL] : [/bin/zsh]
2021-01-06 13:36:36 [INFO ] [restartedMain] act.backend.service.MainConfig: [OLDPWD] : [/]
2021-01-06 13:36:36 [INFO ] [restartedMain] act.backend.service.MainConfig: [USER] : [cezarybanach]
2021-01-06 13:36:36 [INFO ] [restartedMain] act.backend.service.MainConfig: [TMPDIR] : [/var/folders/1n/cv398_dn22z792l6ld4z3y400000gn/T/]
2021-01-06 13:36:36 [INFO ] [restartedMain] act.backend.service.MainConfig: [SSH_AUTH_SOCK] : [/private/tmp/com.apple.launchd.ML5ezLrC6O/Listeners]
2021-01-06 13:36:36 [INFO ] [restartedMain] act.backend.service.MainConfig: [XPC_FLAGS] : [0x0]
2021-01-06 13:36:36 [INFO ] [restartedMain] act.backend.service.MainConfig: [VERSIONER_PYTHON_VERSION] : [2.7]
2021-01-06 13:36:36 [INFO ] [restartedMain] act.backend.service.MainConfig: [__CF_USER_TEXT_ENCODING] : [0x1F5:0x0:0x0]
2021-01-06 13:36:36 [INFO ] [restartedMain] act.backend.service.MainConfig: [JAVA_MAIN_CLASS_72304] : [pw.react.backend.SampleBackendApplication]
2021-01-06 13:36:36 [INFO ] [restartedMain] act.backend.service.MainConfig: [LOGNAME] : [cezarybanach]
2021-01-06 13:36:36 [INFO ] [restartedMain] act.backend.service.MainConfig: [LC_CTYPE] : [en_US.UTF-8]
2021-01-06 13:36:36 [INFO ] [restartedMain] act.backend.service.MainConfig: [PWD] : [/Users/cezarybanach/Documents/mini/react/parkly/Parkly-React-App/src/backend]
2021-01-06 13:36:36 [INFO ] [restartedMain] act.backend.service.MainConfig: [XPC_SERVICE_NAME] : [com.jetbrains.intellij.8584]
2021-01-06 13:36:36 [INFO ] [restartedMain] act.backend.service.MainConfig: [HOME] : [/Users/cezarybanach]
2021-01-06 13:36:36 [INFO ] [restartedMain] act.backend.service.MainConfig: Injected CORS URL: [http://localhost:3000,http://bookly.url]
2021-01-06 13:36:36 [INFO ] [restartedMain] ct.backend.service.HttpService: Injected CARLY URL: [N/A]
2021-01-06 13:36:36 [INFO ] [restartedMain] ct.backend.service.HttpService: Injected PARKLY URL: [N/A]
2021-01-06 13:36:36 [INFO ] [restartedMain] ct.backend.service.HttpService: Injected FLATLY URL: [N/A]
2021-01-06 13:36:36 [INFO ] [restartedMain] ct.backend.service.HttpService: Injected INTEGRATION URL: [http://this-is-the-way.eu-central-1.elasticbeanstalk.com]
2021-01-06 13:36:36 [INFO ] [restartedMain] ckend.SampleBackendApplication: Started SampleBackendApplication in 2.437 seconds (JVM running for 3.073)
2021-01-06 13:37:35 [INFO ] [restartedMain] ckend.SampleBackendApplication: Starting SampleBackendApplication on Cezarys-MacBook-Pro.local with PID 72327 (/Users/cezarybanach/Documents/mini/react/parkly/Parkly-React-App/src/backend/target/classes started by cezarybanach in /Users/cezarybanach/Documents/mini/react/parkly/Parkly-React-App/src/backend)
2021-01-06 13:37:35 [INFO ] [restartedMain] ckend.SampleBackendApplication: The following profiles are active: mysql-dev
2021-01-06 13:37:36 [INFO ] [restartedMain] act.backend.service.MainConfig: ************** Environment variables **************
2021-01-06 13:37:36 [INFO ] [restartedMain] act.backend.service.MainConfig: [PATH] : [/Users/cezarybanach/maven/bin:/Users/cezarybanach/maven/bin:/usr/local/bin:/usr/bin:/bin:/usr/sbin:/sbin:/Library/TeX/texbin]
2021-01-06 13:37:36 [INFO ] [restartedMain] act.backend.service.MainConfig: [SHELL] : [/bin/zsh]
2021-01-06 13:37:36 [INFO ] [restartedMain] act.backend.service.MainConfig: [OLDPWD] : [/]
2021-01-06 13:37:36 [INFO ] [restartedMain] act.backend.service.MainConfig: [USER] : [cezarybanach]
2021-01-06 13:37:36 [INFO ] [restartedMain] act.backend.service.MainConfig: [TMPDIR] : [/var/folders/1n/cv398_dn22z792l6ld4z3y400000gn/T/]
2021-01-06 13:37:36 [INFO ] [restartedMain] act.backend.service.MainConfig: [SSH_AUTH_SOCK] : [/private/tmp/com.apple.launchd.ML5ezLrC6O/Listeners]
2021-01-06 13:37:36 [INFO ] [restartedMain] act.backend.service.MainConfig: [XPC_FLAGS] : [0x0]
2021-01-06 13:37:36 [INFO ] [restartedMain] act.backend.service.MainConfig: [VERSIONER_PYTHON_VERSION] : [2.7]
2021-01-06 13:37:36 [INFO ] [restartedMain] act.backend.service.MainConfig: [JAVA_MAIN_CLASS_72327] : [pw.react.backend.SampleBackendApplication]
2021-01-06 13:37:36 [INFO ] [restartedMain] act.backend.service.MainConfig: [__CF_USER_TEXT_ENCODING] : [0x1F5:0x0:0x0]
2021-01-06 13:37:36 [INFO ] [restartedMain] act.backend.service.MainConfig: [LOGNAME] : [cezarybanach]
2021-01-06 13:37:36 [INFO ] [restartedMain] act.backend.service.MainConfig: [LC_CTYPE] : [en_US.UTF-8]
2021-01-06 13:37:36 [INFO ] [restartedMain] act.backend.service.MainConfig: [PWD] : [/Users/cezarybanach/Documents/mini/react/parkly/Parkly-React-App/src/backend]
2021-01-06 13:37:36 [INFO ] [restartedMain] act.backend.service.MainConfig: [XPC_SERVICE_NAME] : [com.jetbrains.intellij.8584]
2021-01-06 13:37:36 [INFO ] [restartedMain] act.backend.service.MainConfig: [HOME] : [/Users/cezarybanach]
2021-01-06 13:37:36 [INFO ] [restartedMain] act.backend.service.MainConfig: Injected CORS URL: [http://localhost:3000,http://bookly.url]
2021-01-06 13:37:36 [INFO ] [restartedMain] ct.backend.service.HttpService: Injected CARLY URL: [N/A]
2021-01-06 13:37:36 [INFO ] [restartedMain] ct.backend.service.HttpService: Injected PARKLY URL: [N/A]
2021-01-06 13:37:36 [INFO ] [restartedMain] ct.backend.service.HttpService: Injected FLATLY URL: [N/A]
2021-01-06 13:37:36 [INFO ] [restartedMain] ct.backend.service.HttpService: Injected INTEGRATION URL: [http://this-is-the-way.eu-central-1.elasticbeanstalk.com]
2021-01-06 13:37:37 [INFO ] [restartedMain] ckend.SampleBackendApplication: Started SampleBackendApplication in 2.417 seconds (JVM running for 3.075)
2021-01-06 13:42:47 [INFO ] [restartedMain] ckend.SampleBackendApplication: Starting SampleBackendApplication on Cezarys-MacBook-Pro.local with PID 72386 (/Users/cezarybanach/Documents/mini/react/parkly/Parkly-React-App/src/backend/target/classes started by cezarybanach in /Users/cezarybanach/Documents/mini/react/parkly/Parkly-React-App/src/backend)
2021-01-06 13:42:47 [INFO ] [restartedMain] ckend.SampleBackendApplication: The following profiles are active: mysql-dev
2021-01-06 13:42:49 [INFO ] [restartedMain] act.backend.service.MainConfig: ************** Environment variables **************
2021-01-06 13:42:49 [INFO ] [restartedMain] act.backend.service.MainConfig: [PATH] : [/Users/cezarybanach/maven/bin:/Users/cezarybanach/maven/bin:/usr/local/bin:/usr/bin:/bin:/usr/sbin:/sbin:/Library/TeX/texbin]
2021-01-06 13:42:49 [INFO ] [restartedMain] act.backend.service.MainConfig: [SHELL] : [/bin/zsh]
2021-01-06 13:42:49 [INFO ] [restartedMain] act.backend.service.MainConfig: [OLDPWD] : [/]
2021-01-06 13:42:49 [INFO ] [restartedMain] act.backend.service.MainConfig: [USER] : [cezarybanach]
2021-01-06 13:42:49 [INFO ] [restartedMain] act.backend.service.MainConfig: [TMPDIR] : [/var/folders/1n/cv398_dn22z792l6ld4z3y400000gn/T/]
2021-01-06 13:42:49 [INFO ] [restartedMain] act.backend.service.MainConfig: [SSH_AUTH_SOCK] : [/private/tmp/com.apple.launchd.ML5ezLrC6O/Listeners]
2021-01-06 13:42:49 [INFO ] [restartedMain] act.backend.service.MainConfig: [JAVA_MAIN_CLASS_72386] : [pw.react.backend.SampleBackendApplication]
2021-01-06 13:42:49 [INFO ] [restartedMain] act.backend.service.MainConfig: [XPC_FLAGS] : [0x0]
2021-01-06 13:42:49 [INFO ] [restartedMain] act.backend.service.MainConfig: [VERSIONER_PYTHON_VERSION] : [2.7]
2021-01-06 13:42:49 [INFO ] [restartedMain] act.backend.service.MainConfig: [__CF_USER_TEXT_ENCODING] : [0x1F5:0x0:0x0]
2021-01-06 13:42:49 [INFO ] [restartedMain] act.backend.service.MainConfig: [LOGNAME] : [cezarybanach]
2021-01-06 13:42:49 [INFO ] [restartedMain] act.backend.service.MainConfig: [LC_CTYPE] : [en_US.UTF-8]
2021-01-06 13:42:49 [INFO ] [restartedMain] act.backend.service.MainConfig: [PWD] : [/Users/cezarybanach/Documents/mini/react/parkly/Parkly-React-App/src/backend]
2021-01-06 13:42:49 [INFO ] [restartedMain] act.backend.service.MainConfig: [XPC_SERVICE_NAME] : [com.jetbrains.intellij.8584]
2021-01-06 13:42:49 [INFO ] [restartedMain] act.backend.service.MainConfig: [HOME] : [/Users/cezarybanach]
2021-01-06 13:42:49 [INFO ] [restartedMain] act.backend.service.MainConfig: Injected CORS URL: [http://localhost:3000,http://bookly.url]
2021-01-06 13:42:49 [INFO ] [restartedMain] ct.backend.service.HttpService: Injected CARLY URL: [N/A]
2021-01-06 13:42:49 [INFO ] [restartedMain] ct.backend.service.HttpService: Injected PARKLY URL: [N/A]
2021-01-06 13:42:49 [INFO ] [restartedMain] ct.backend.service.HttpService: Injected FLATLY URL: [N/A]
2021-01-06 13:42:49 [INFO ] [restartedMain] ct.backend.service.HttpService: Injected INTEGRATION URL: [http://this-is-the-way.eu-central-1.elasticbeanstalk.com]
2021-01-06 13:42:49 [INFO ] [restartedMain] ckend.SampleBackendApplication: Started SampleBackendApplication in 2.45 seconds (JVM running for 3.186)
2021-01-06 13:51:31 [INFO ] [restartedMain] ckend.SampleBackendApplication: Starting SampleBackendApplication on Cezarys-MacBook-Pro.local with PID 72465 (/Users/cezarybanach/Documents/mini/react/parkly/Parkly-React-App/src/backend/target/classes started by cezarybanach in /Users/cezarybanach/Documents/mini/react/parkly/Parkly-React-App/src/backend)
2021-01-06 13:51:31 [INFO ] [restartedMain] ckend.SampleBackendApplication: The following profiles are active: mysql-dev
2021-01-06 13:51:33 [INFO ] [restartedMain] act.backend.service.MainConfig: ************** Environment variables **************
2021-01-06 13:51:33 [INFO ] [restartedMain] act.backend.service.MainConfig: [PATH] : [/Users/cezarybanach/maven/bin:/Users/cezarybanach/maven/bin:/usr/local/bin:/usr/bin:/bin:/usr/sbin:/sbin:/Library/TeX/texbin]
2021-01-06 13:51:33 [INFO ] [restartedMain] act.backend.service.MainConfig: [SHELL] : [/bin/zsh]
2021-01-06 13:51:33 [INFO ] [restartedMain] act.backend.service.MainConfig: [OLDPWD] : [/]
2021-01-06 13:51:33 [INFO ] [restartedMain] act.backend.service.MainConfig: [USER] : [cezarybanach]
2021-01-06 13:51:33 [INFO ] [restartedMain] act.backend.service.MainConfig: [TMPDIR] : [/var/folders/1n/cv398_dn22z792l6ld4z3y400000gn/T/]
2021-01-06 13:51:33 [INFO ] [restartedMain] act.backend.service.MainConfig: [SSH_AUTH_SOCK] : [/private/tmp/com.apple.launchd.ML5ezLrC6O/Listeners]
2021-01-06 13:51:33 [INFO ] [restartedMain] act.backend.service.MainConfig: [XPC_FLAGS] : [0x0]
2021-01-06 13:51:33 [INFO ] [restartedMain] act.backend.service.MainConfig: [VERSIONER_PYTHON_VERSION] : [2.7]
2021-01-06 13:51:33 [INFO ] [restartedMain] act.backend.service.MainConfig: [__CF_USER_TEXT_ENCODING] : [0x1F5:0x0:0x0]
2021-01-06 13:51:33 [INFO ] [restartedMain] act.backend.service.MainConfig: [LOGNAME] : [cezarybanach]
2021-01-06 13:51:33 [INFO ] [restartedMain] act.backend.service.MainConfig: [LC_CTYPE] : [en_US.UTF-8]
2021-01-06 13:51:33 [INFO ] [restartedMain] act.backend.service.MainConfig: [PWD] : [/Users/cezarybanach/Documents/mini/react/parkly/Parkly-React-App/src/backend]
2021-01-06 13:51:33 [INFO ] [restartedMain] act.backend.service.MainConfig: [XPC_SERVICE_NAME] : [com.jetbrains.intellij.8584]
2021-01-06 13:51:33 [INFO ] [restartedMain] act.backend.service.MainConfig: [JAVA_MAIN_CLASS_72465] : [pw.react.backend.SampleBackendApplication]
2021-01-06 13:51:33 [INFO ] [restartedMain] act.backend.service.MainConfig: [HOME] : [/Users/cezarybanach]
2021-01-06 13:51:33 [INFO ] [restartedMain] act.backend.service.MainConfig: Injected CORS URL: [http://localhost:3000,http://bookly.url]
2021-01-06 13:51:33 [INFO ] [restartedMain] ct.backend.service.HttpService: Injected CARLY URL: [N/A]
2021-01-06 13:51:33 [INFO ] [restartedMain] ct.backend.service.HttpService: Injected PARKLY URL: [N/A]
2021-01-06 13:51:33 [INFO ] [restartedMain] ct.backend.service.HttpService: Injected FLATLY URL: [N/A]
2021-01-06 13:51:33 [INFO ] [restartedMain] ct.backend.service.HttpService: Injected INTEGRATION URL: [http://this-is-the-way.eu-central-1.elasticbeanstalk.com]
2021-01-06 13:51:33 [INFO ] [restartedMain] ckend.SampleBackendApplication: Started SampleBackendApplication in 2.164 seconds (JVM running for 3.015)
2021-01-06 13:57:49 [INFO ] [restartedMain] ckend.SampleBackendApplication: Starting SampleBackendApplication on Cezarys-MacBook-Pro.local with PID 72535 (/Users/cezarybanach/Documents/mini/react/parkly/Parkly-React-App/src/backend/target/classes started by cezarybanach in /Users/cezarybanach/Documents/mini/react/parkly/Parkly-React-App/src/backend)
2021-01-06 13:57:49 [INFO ] [restartedMain] ckend.SampleBackendApplication: The following profiles are active: mysql-dev
2021-01-06 13:57:51 [INFO ] [restartedMain] act.backend.service.MainConfig: ************** Environment variables **************
2021-01-06 13:57:51 [INFO ] [restartedMain] act.backend.service.MainConfig: [PATH] : [/Users/cezarybanach/maven/bin:/Users/cezarybanach/maven/bin:/usr/local/bin:/usr/bin:/bin:/usr/sbin:/sbin:/Library/TeX/texbin]
2021-01-06 13:57:51 [INFO ] [restartedMain] act.backend.service.MainConfig: [SHELL] : [/bin/zsh]
2021-01-06 13:57:51 [INFO ] [restartedMain] act.backend.service.MainConfig: [OLDPWD] : [/]
2021-01-06 13:57:51 [INFO ] [restartedMain] act.backend.service.MainConfig: [USER] : [cezarybanach]
2021-01-06 13:57:51 [INFO ] [restartedMain] act.backend.service.MainConfig: [TMPDIR] : [/var/folders/1n/cv398_dn22z792l6ld4z3y400000gn/T/]
2021-01-06 13:57:51 [INFO ] [restartedMain] act.backend.service.MainConfig: [SSH_AUTH_SOCK] : [/private/tmp/com.apple.launchd.ML5ezLrC6O/Listeners]
2021-01-06 13:57:51 [INFO ] [restartedMain] act.backend.service.MainConfig: [XPC_FLAGS] : [0x0]
2021-01-06 13:57:51 [INFO ] [restartedMain] act.backend.service.MainConfig: [VERSIONER_PYTHON_VERSION] : [2.7]
2021-01-06 13:57:51 [INFO ] [restartedMain] act.backend.service.MainConfig: [__CF_USER_TEXT_ENCODING] : [0x1F5:0x0:0x0]
2021-01-06 13:57:51 [INFO ] [restartedMain] act.backend.service.MainConfig: [JAVA_MAIN_CLASS_72535] : [pw.react.backend.SampleBackendApplication]
2021-01-06 13:57:51 [INFO ] [restartedMain] act.backend.service.MainConfig: [LOGNAME] : [cezarybanach]
2021-01-06 13:57:51 [INFO ] [restartedMain] act.backend.service.MainConfig: [LC_CTYPE] : [en_US.UTF-8]
2021-01-06 13:57:51 [INFO ] [restartedMain] act.backend.service.MainConfig: [PWD] : [/Users/cezarybanach/Documents/mini/react/parkly/Parkly-React-App/src/backend]
2021-01-06 13:57:51 [INFO ] [restartedMain] act.backend.service.MainConfig: [XPC_SERVICE_NAME] : [com.jetbrains.intellij.8584]
2021-01-06 13:57:51 [INFO ] [restartedMain] act.backend.service.MainConfig: [HOME] : [/Users/cezarybanach]
2021-01-06 13:57:51 [INFO ] [restartedMain] act.backend.service.MainConfig: Injected CORS URL: [http://localhost:3000,http://bookly.url]
2021-01-06 13:57:51 [INFO ] [restartedMain] ct.backend.service.HttpService: Injected CARLY URL: [N/A]
2021-01-06 13:57:51 [INFO ] [restartedMain] ct.backend.service.HttpService: Injected PARKLY URL: [N/A]
2021-01-06 13:57:51 [INFO ] [restartedMain] ct.backend.service.HttpService: Injected FLATLY URL: [N/A]
2021-01-06 13:57:51 [INFO ] [restartedMain] ct.backend.service.HttpService: Injected INTEGRATION URL: [http://this-is-the-way.eu-central-1.elasticbeanstalk.com]
2021-01-06 13:57:51 [INFO ] [restartedMain] ckend.SampleBackendApplication: Started SampleBackendApplication in 2.155 seconds (JVM running for 2.895)
