2021-01-03 14:40:16 [INFO ] [restartedMain] sPropertyDefaultsPostProcessor: Devtools property defaults active! Set 'spring.devtools.add-properties' to 'false' to disable
2021-01-03 14:40:16 [INFO ] [restartedMain] sPropertyDefaultsPostProcessor: For additional web related logging consider setting the 'logging.level.web' property to 'DEBUG'
2021-01-03 14:40:17 [INFO ] [restartedMain] epositoryConfigurationDelegate: Bootstrapping Spring Data JPA repositories in DEFERRED mode.
2021-01-03 14:40:17 [INFO ] [restartedMain] epositoryConfigurationDelegate: Finished Spring Data repository scanning in 46ms. Found 3 JPA repository interfaces.
2021-01-03 14:40:17 [INFO ] [restartedMain] mbedded.tomcat.TomcatWebServer: Tomcat initialized with port(s): 8080 (http)
2021-01-03 14:40:17 [INFO ] [restartedMain] letWebServerApplicationContext: Root WebApplicationContext: initialization completed in 1205 ms
2021-01-03 14:40:17 [INFO ] [restartedMain] current.ThreadPoolTaskExecutor: Initializing ExecutorService 'applicationTaskExecutor'
2021-01-03 14:40:18 [WARN ] [restartedMain] letWebServerApplicationContext: Exception encountered during context initialization - cancelling refresh attempt: org.springframework.beans.factory.UnsatisfiedDependencyException: Error creating bean with name 'parkingSpotController' defined in file [/Users/cezarybanach/Documents/mini/react/parkly/Parkly-React-App/src/backend/target/classes/pw/react/backend/controller/ParkingSpotController.class]: Unsatisfied dependency expressed through constructor parameter 1; nested exception is org.springframework.beans.factory.NoSuchBeanDefinitionException: No qualifying bean of type 'pw.react.backend.service.ParkingSpotService' available: expected at least 1 bean which qualifies as autowire candidate. Dependency annotations: {}
2021-01-03 14:40:18 [INFO ] [restartedMain] tainerEntityManagerFactoryBean: Closing JPA EntityManagerFactory for persistence unit 'default'
2021-01-03 14:40:18 [INFO ] [task-1] tainerEntityManagerFactoryBean: Initialized JPA EntityManagerFactory for persistence unit 'default'
2021-01-03 14:40:18 [INFO ] [restartedMain] current.ThreadPoolTaskExecutor: Shutting down ExecutorService 'applicationTaskExecutor'
2021-01-03 14:40:18 [INFO ] [restartedMain] valuationReportLoggingListener: 

Error starting ApplicationContext. To display the conditions report re-run your application with 'debug' enabled.
2021-01-03 14:40:19 [ERROR] [restartedMain] LoggingFailureAnalysisReporter: 

***************************
APPLICATION FAILED TO START
***************************

Description:

Parameter 1 of constructor in pw.react.backend.controller.ParkingSpotController required a bean of type 'pw.react.backend.service.ParkingSpotService' that could not be found.


Action:

Consider defining a bean of type 'pw.react.backend.service.ParkingSpotService' in your configuration.

2021-01-03 14:49:55 [INFO ] [restartedMain] sPropertyDefaultsPostProcessor: Devtools property defaults active! Set 'spring.devtools.add-properties' to 'false' to disable
2021-01-03 14:49:55 [INFO ] [restartedMain] sPropertyDefaultsPostProcessor: For additional web related logging consider setting the 'logging.level.web' property to 'DEBUG'
2021-01-03 14:49:56 [INFO ] [restartedMain] epositoryConfigurationDelegate: Bootstrapping Spring Data JPA repositories in DEFERRED mode.
2021-01-03 14:49:56 [INFO ] [restartedMain] epositoryConfigurationDelegate: Finished Spring Data repository scanning in 32ms. Found 3 JPA repository interfaces.
2021-01-03 14:49:56 [INFO ] [restartedMain] mbedded.tomcat.TomcatWebServer: Tomcat initialized with port(s): 8080 (http)
2021-01-03 14:49:56 [INFO ] [restartedMain] letWebServerApplicationContext: Root WebApplicationContext: initialization completed in 889 ms
2021-01-03 14:49:56 [INFO ] [restartedMain] current.ThreadPoolTaskExecutor: Initializing ExecutorService 'applicationTaskExecutor'
2021-01-03 14:49:56 [WARN ] [restartedMain] letWebServerApplicationContext: Exception encountered during context initialization - cancelling refresh attempt: org.springframework.beans.factory.UnsatisfiedDependencyException: Error creating bean with name 'parkingSpotController' defined in file [/Users/cezarybanach/Documents/mini/react/parkly/Parkly-React-App/src/backend/target/classes/pw/react/backend/controller/ParkingSpotController.class]: Unsatisfied dependency expressed through constructor parameter 1; nested exception is org.springframework.beans.factory.NoSuchBeanDefinitionException: No qualifying bean of type 'pw.react.backend.service.ParkingSpotService' available: expected at least 1 bean which qualifies as autowire candidate. Dependency annotations: {}
2021-01-03 14:49:56 [INFO ] [restartedMain] tainerEntityManagerFactoryBean: Closing JPA EntityManagerFactory for persistence unit 'default'
2021-01-03 14:49:57 [INFO ] [task-1] tainerEntityManagerFactoryBean: Initialized JPA EntityManagerFactory for persistence unit 'default'
2021-01-03 14:49:57 [INFO ] [restartedMain] current.ThreadPoolTaskExecutor: Shutting down ExecutorService 'applicationTaskExecutor'
2021-01-03 14:49:57 [INFO ] [restartedMain] valuationReportLoggingListener: 

Error starting ApplicationContext. To display the conditions report re-run your application with 'debug' enabled.
2021-01-03 14:49:57 [ERROR] [restartedMain] LoggingFailureAnalysisReporter: 

***************************
APPLICATION FAILED TO START
***************************

Description:

Parameter 1 of constructor in pw.react.backend.controller.ParkingSpotController required a bean of type 'pw.react.backend.service.ParkingSpotService' that could not be found.


Action:

Consider defining a bean of type 'pw.react.backend.service.ParkingSpotService' in your configuration.

2021-01-03 14:50:57 [INFO ] [restartedMain] sPropertyDefaultsPostProcessor: Devtools property defaults active! Set 'spring.devtools.add-properties' to 'false' to disable
2021-01-03 14:50:57 [INFO ] [restartedMain] sPropertyDefaultsPostProcessor: For additional web related logging consider setting the 'logging.level.web' property to 'DEBUG'
2021-01-03 14:50:58 [INFO ] [restartedMain] epositoryConfigurationDelegate: Bootstrapping Spring Data JPA repositories in DEFERRED mode.
2021-01-03 14:50:58 [INFO ] [restartedMain] epositoryConfigurationDelegate: Finished Spring Data repository scanning in 31ms. Found 3 JPA repository interfaces.
2021-01-03 14:50:58 [INFO ] [restartedMain] mbedded.tomcat.TomcatWebServer: Tomcat initialized with port(s): 8080 (http)
2021-01-03 14:50:58 [INFO ] [restartedMain] letWebServerApplicationContext: Root WebApplicationContext: initialization completed in 887 ms
2021-01-03 14:50:58 [INFO ] [restartedMain] current.ThreadPoolTaskExecutor: Initializing ExecutorService 'applicationTaskExecutor'
2021-01-03 14:50:58 [WARN ] [restartedMain] letWebServerApplicationContext: Exception encountered during context initialization - cancelling refresh attempt: org.springframework.beans.factory.UnsatisfiedDependencyException: Error creating bean with name 'parkingSpotController' defined in file [/Users/cezarybanach/Documents/mini/react/parkly/Parkly-React-App/src/backend/target/classes/pw/react/backend/controller/ParkingSpotController.class]: Unsatisfied dependency expressed through constructor parameter 1; nested exception is org.springframework.beans.factory.NoSuchBeanDefinitionException: No qualifying bean of type 'pw.react.backend.service.ParkingSpotService' available: expected at least 1 bean which qualifies as autowire candidate. Dependency annotations: {}
2021-01-03 14:50:58 [INFO ] [restartedMain] tainerEntityManagerFactoryBean: Closing JPA EntityManagerFactory for persistence unit 'default'
2021-01-03 14:50:59 [INFO ] [task-1] tainerEntityManagerFactoryBean: Initialized JPA EntityManagerFactory for persistence unit 'default'
2021-01-03 14:50:59 [INFO ] [restartedMain] current.ThreadPoolTaskExecutor: Shutting down ExecutorService 'applicationTaskExecutor'
2021-01-03 14:50:59 [INFO ] [restartedMain] valuationReportLoggingListener: 

Error starting ApplicationContext. To display the conditions report re-run your application with 'debug' enabled.
2021-01-03 14:50:59 [ERROR] [restartedMain] LoggingFailureAnalysisReporter: 

***************************
APPLICATION FAILED TO START
***************************

Description:

Parameter 1 of constructor in pw.react.backend.controller.ParkingSpotController required a bean of type 'pw.react.backend.service.ParkingSpotService' that could not be found.


Action:

Consider defining a bean of type 'pw.react.backend.service.ParkingSpotService' in your configuration.

2021-01-03 14:53:04 [INFO ] [restartedMain] sPropertyDefaultsPostProcessor: Devtools property defaults active! Set 'spring.devtools.add-properties' to 'false' to disable
2021-01-03 14:53:04 [INFO ] [restartedMain] sPropertyDefaultsPostProcessor: For additional web related logging consider setting the 'logging.level.web' property to 'DEBUG'
2021-01-03 14:53:05 [INFO ] [restartedMain] epositoryConfigurationDelegate: Bootstrapping Spring Data JPA repositories in DEFERRED mode.
2021-01-03 14:53:05 [INFO ] [restartedMain] epositoryConfigurationDelegate: Finished Spring Data repository scanning in 48ms. Found 3 JPA repository interfaces.
2021-01-03 14:53:05 [INFO ] [restartedMain] mbedded.tomcat.TomcatWebServer: Tomcat initialized with port(s): 8080 (http)
2021-01-03 14:53:05 [INFO ] [restartedMain] letWebServerApplicationContext: Root WebApplicationContext: initialization completed in 1036 ms
2021-01-03 14:53:05 [INFO ] [restartedMain] current.ThreadPoolTaskExecutor: Initializing ExecutorService 'applicationTaskExecutor'
2021-01-03 14:53:05 [WARN ] [restartedMain] figuration$JpaWebConfiguration: spring.jpa.open-in-view is enabled by default. Therefore, database queries may be performed during view rendering. Explicitly configure spring.jpa.open-in-view to disable this warning
2021-01-03 14:53:06 [INFO ] [restartedMain] igure.OptionalLiveReloadServer: LiveReload server is running on port 35729
2021-01-03 14:53:06 [INFO ] [restartedMain] oint.web.EndpointLinksResolver: Exposing 2 endpoint(s) beneath base path '/actuator'
2021-01-03 14:53:06 [INFO ] [task-1] tainerEntityManagerFactoryBean: Initialized JPA EntityManagerFactory for persistence unit 'default'
2021-01-03 14:53:06 [INFO ] [restartedMain] mbedded.tomcat.TomcatWebServer: Tomcat started on port(s): 8080 (http) with context path ''
2021-01-03 14:53:06 [INFO ] [restartedMain] positoryInitializationListener: Triggering deferred initialization of Spring Data repositories…
2021-01-03 14:53:06 [INFO ] [restartedMain] positoryInitializationListener: Spring Data repositories initialized!
2021-01-03 14:53:06 [INFO ] [RMI TCP Connection(2)-127.0.0.1] .web.servlet.DispatcherServlet: Initializing Servlet 'dispatcherServlet'
2021-01-03 14:53:06 [INFO ] [RMI TCP Connection(2)-127.0.0.1] .web.servlet.DispatcherServlet: Completed initialization in 4 ms
2021-01-03 14:54:35 [INFO ] [Thread-5] tainerEntityManagerFactoryBean: Closing JPA EntityManagerFactory for persistence unit 'default'
2021-01-03 14:54:35 [INFO ] [Thread-5] current.ThreadPoolTaskExecutor: Shutting down ExecutorService 'applicationTaskExecutor'
2021-01-03 14:54:35 [INFO ] [restartedMain] epositoryConfigurationDelegate: Bootstrapping Spring Data JPA repositories in DEFERRED mode.
2021-01-03 14:54:35 [INFO ] [restartedMain] epositoryConfigurationDelegate: Finished Spring Data repository scanning in 13ms. Found 3 JPA repository interfaces.
2021-01-03 14:54:35 [INFO ] [restartedMain] mbedded.tomcat.TomcatWebServer: Tomcat initialized with port(s): 8080 (http)
2021-01-03 14:54:35 [INFO ] [restartedMain] letWebServerApplicationContext: Root WebApplicationContext: initialization completed in 331 ms
2021-01-03 14:54:35 [INFO ] [restartedMain] current.ThreadPoolTaskExecutor: Initializing ExecutorService 'applicationTaskExecutor'
2021-01-03 14:54:35 [WARN ] [restartedMain] figuration$JpaWebConfiguration: spring.jpa.open-in-view is enabled by default. Therefore, database queries may be performed during view rendering. Explicitly configure spring.jpa.open-in-view to disable this warning
2021-01-03 14:54:35 [INFO ] [task-1] tainerEntityManagerFactoryBean: Initialized JPA EntityManagerFactory for persistence unit 'default'
2021-01-03 14:54:35 [INFO ] [task-2] igure.OptionalLiveReloadServer: LiveReload server is running on port 35729
2021-01-03 14:54:35 [INFO ] [restartedMain] oint.web.EndpointLinksResolver: Exposing 2 endpoint(s) beneath base path '/actuator'
2021-01-03 14:54:35 [INFO ] [restartedMain] mbedded.tomcat.TomcatWebServer: Tomcat started on port(s): 8080 (http) with context path ''
2021-01-03 14:54:35 [INFO ] [restartedMain] positoryInitializationListener: Triggering deferred initialization of Spring Data repositories…
2021-01-03 14:54:36 [INFO ] [restartedMain] positoryInitializationListener: Spring Data repositories initialized!
2021-01-03 14:54:36 [INFO ] [restartedMain] EvaluationDeltaLoggingListener: Condition evaluation unchanged
2021-01-03 14:54:46 [INFO ] [SpringContextShutdownHook] tainerEntityManagerFactoryBean: Closing JPA EntityManagerFactory for persistence unit 'default'
2021-01-03 14:54:46 [INFO ] [SpringContextShutdownHook] current.ThreadPoolTaskExecutor: Shutting down ExecutorService 'applicationTaskExecutor'
2021-01-03 14:54:49 [INFO ] [restartedMain] sPropertyDefaultsPostProcessor: Devtools property defaults active! Set 'spring.devtools.add-properties' to 'false' to disable
2021-01-03 14:54:49 [INFO ] [restartedMain] sPropertyDefaultsPostProcessor: For additional web related logging consider setting the 'logging.level.web' property to 'DEBUG'
2021-01-03 14:54:49 [INFO ] [restartedMain] epositoryConfigurationDelegate: Bootstrapping Spring Data JPA repositories in DEFERRED mode.
2021-01-03 14:54:49 [INFO ] [restartedMain] epositoryConfigurationDelegate: Finished Spring Data repository scanning in 32ms. Found 3 JPA repository interfaces.
2021-01-03 14:54:50 [INFO ] [restartedMain] mbedded.tomcat.TomcatWebServer: Tomcat initialized with port(s): 8080 (http)
2021-01-03 14:54:50 [INFO ] [restartedMain] letWebServerApplicationContext: Root WebApplicationContext: initialization completed in 894 ms
2021-01-03 14:54:50 [INFO ] [restartedMain] current.ThreadPoolTaskExecutor: Initializing ExecutorService 'applicationTaskExecutor'
2021-01-03 14:54:50 [WARN ] [restartedMain] figuration$JpaWebConfiguration: spring.jpa.open-in-view is enabled by default. Therefore, database queries may be performed during view rendering. Explicitly configure spring.jpa.open-in-view to disable this warning
2021-01-03 14:54:50 [INFO ] [restartedMain] igure.OptionalLiveReloadServer: LiveReload server is running on port 35729
2021-01-03 14:54:50 [INFO ] [restartedMain] oint.web.EndpointLinksResolver: Exposing 2 endpoint(s) beneath base path '/actuator'
2021-01-03 14:54:50 [INFO ] [task-1] tainerEntityManagerFactoryBean: Initialized JPA EntityManagerFactory for persistence unit 'default'
2021-01-03 14:54:50 [INFO ] [restartedMain] mbedded.tomcat.TomcatWebServer: Tomcat started on port(s): 8080 (http) with context path ''
2021-01-03 14:54:50 [INFO ] [restartedMain] positoryInitializationListener: Triggering deferred initialization of Spring Data repositories…
2021-01-03 14:54:51 [INFO ] [restartedMain] positoryInitializationListener: Spring Data repositories initialized!
2021-01-03 14:54:51 [INFO ] [RMI TCP Connection(3)-127.0.0.1] .web.servlet.DispatcherServlet: Initializing Servlet 'dispatcherServlet'
2021-01-03 14:54:51 [INFO ] [RMI TCP Connection(3)-127.0.0.1] .web.servlet.DispatcherServlet: Completed initialization in 4 ms
